Bulk loading file /tmp/timescaledb-data.gz
localhost:5432 - accepting connections
time,per. metric/s,metric total,overall metric/s,per. row/s,row total,overall row/s
1664172019,956655.00,2.870000E+07,956655.00,95665.50,2.870000E+06,95665.50
1664172049,873152.48,5.490000E+07,914899.67,87315.25,5.490000E+06,91489.97
1664172079,856757.62,8.060000E+07,895521.77,85675.76,8.060000E+06,89552.18
1664172109,853191.66,1.062000E+08,884938.22,85319.17,1.062000E+07,88493.82
1664172139,833526.86,1.312000E+08,874658.44,83352.69,1.312000E+07,87465.84
1664172169,813243.06,1.556000E+08,864421.67,81324.31,1.556000E+07,86442.17
1664172199,806646.96,1.798000E+08,856168.16,80664.70,1.798000E+07,85616.82
1664172229,776681.84,2.031000E+08,846232.76,77668.18,2.031000E+07,84623.28
1664172259,740012.06,2.253000E+08,834430.85,74001.21,2.253000E+07,83443.08
1664172289,756765.64,2.480000E+08,826665.35,75676.56,2.480000E+07,82666.54
1664172319,769220.15,2.711000E+08,821438.26,76922.02,2.711000E+07,82143.83
1664172349,776987.71,2.944000E+08,817735.77,77698.77,2.944000E+07,81773.58
1664172379,763777.52,3.173000E+08,813587.56,76377.75,3.173000E+07,81358.76
1664172409,789833.83,3.410000E+08,811890.54,78983.38,3.410000E+07,81189.05

Summary:
loaded 345600000 metrics in 425.979sec with 1 workers (mean rate 811307.14 metrics/sec)
loaded 34560000 rows in 425.979sec with 1 workers (mean rate 81130.71 rows/sec)
