--
-- Test All Time function under 'b' compatibility
--
drop database if exists b_time_funcs;
NOTICE:  database "b_time_funcs" does not exist, skipping
create database b_time_funcs dbcompatibility 'b';
\c b_time_funcs
create table func_test(functionName varchar(256),result varchar(256));
truncate table func_test;
-- makedate()
    -- 非指定类型的参数
insert into func_test(functionName, result) values('makedate(''2003'',''61'')', makedate('2003','61'));
insert into func_test(functionName, result) values('makedate(''12.4'',''12.5'')', makedate('12.4','12.5'));
insert into func_test(functionName, result) values('makedate(12.4,12.5)', makedate(12.4,12.5));
insert into func_test(functionName, result) values('makedate(''abcd'', ''61'')', makedate('abcd', '61'));
ERROR:  invalid input syntax for type bigint: "abcd"
LINE 1: ...lt) values('makedate(''abcd'', ''61'')', makedate('abcd', '6...
                                                             ^
insert into func_test(functionName, result) values('makedate(false, true)', makedate(false, true));
insert into func_test(functionName, result) values('makedate(B''101'', B''101'')', makedate(B'101', B'101'));
insert into func_test(functionName, result) values('makedate(bytea''1'', bytea''1'')', makedate(bytea'1', bytea'1')); -- mysql中要将bytea转为binary
ERROR:  function makedate(bytea, bytea) does not exist
LINE 1: ...esult) values('makedate(bytea''1'', bytea''1'')', makedate(b...
                                                             ^
HINT:  No function matches the given name and argument types. You might need to add explicit type casts.
insert into func_test(functionName, result) values('makedate(null, 10)', makedate(null, 10));
insert into func_test(functionName, result) values('makedate(2000, null)', makedate(2000, null));
insert into func_test(functionName, result) values('makedate(-1, 20)', makedate(-1, 20));
insert into func_test(functionName, result) values('makedate(10000, 20)', makedate(10000, 20));
insert into func_test(functionName, result) values('makedate(2000, 0)', makedate(2000, 0));
insert into func_test(functionName, result) values('makedate(2000, 60)', makedate(2000, 60));
insert into func_test(functionName, result) values('makedate(2000, 380)', makedate(2000, 380));
insert into func_test(functionName, result) values('makedate(69, 32)',makedate(69, 32));
insert into func_test(functionName, result) values('makedate(70, 32)', makedate(70, 32));
insert into func_test(functionName, result) values('makedate(100,32)', makedate(100,32));
insert into func_test(functionName, result) values('makedate(9999,366)', makedate(9999,366));
insert into func_test(functionName, result) values('makedate(pow(2,62),366)', makedate(pow(2,62),366));
insert into func_test(functionName, result) values('makedate(2001, 9223372036854775807)', makedate(2001, 9223372036854775807));
-- MAKETIME
    -- 非指定类型的参数
insert into func_test(functionName, result) values ('maketime(''25.5'', ''30.4'', ''30'')', maketime('25.5', '30.4', '30'));
insert into func_test(functionName, result) values ('maketime(25.5, 30.4, 30)', maketime(25.5, 30.4, 30));
insert into func_test(functionName, result) values ('maketime(''ABCD'', ''30.4'', ''30.123'')', maketime('ABCD', '30.4', '30.123'));
ERROR:  invalid input syntax for type bigint: "ABCD"
LINE 1: ...ketime(''ABCD'', ''30.4'', ''30.123'')', maketime('ABCD', '3...
                                                             ^
insert into func_test(functionName, result) values ('maketime(false, true, true)', maketime(false, true, true));
insert into func_test(functionName, result) values ('maketime(B''111'', B''111'', B''111'')', maketime(B'111', B'111', B'111'));
insert into func_test(functionName, result) values ('maketime(bytea''1'', bytea''1'', bytea''1'')', maketime(bytea'1', bytea'1', bytea'1'));
ERROR:  function maketime(bytea, bytea, bytea) does not exist
LINE 1: ... ('maketime(bytea''1'', bytea''1'', bytea''1'')', maketime(b...
                                                             ^
HINT:  No function matches the given name and argument types. You might need to add explicit type casts.
    -- 特殊参数
insert into func_test(functionName, result) values ('maketime(null, 0, 0)', maketime(null, 0, 0));
insert into func_test(functionName, result) values ('maketime(0, null, 0)', maketime(0, null, 0));
insert into func_test(functionName, result) values ('maketime(0, 0, null)', maketime(0, 0, null));
insert into func_test(functionName, result) values ('maketime(0, -1, 0)', maketime(0, -1, 0)); -- minute < 0
insert into func_test(functionName, result) values ('maketime(0, 60, 0)', maketime(0, 60, 0));-- minute > 59
insert into func_test(functionName, result) values ('maketime(0, 60, 0)', maketime(0, 59.5, 0)); -- 小数按照四舍五入规则取整
insert into func_test(functionName, result) values ('maketime(0, 0, -1)', maketime(0, 0, -1)); -- second < 0
insert into func_test(functionName, result) values ('maketime(0, 0, 60)', maketime(0, 0, 60)); -- second >= 60
insert into func_test(functionName, result) values ('maketime(0, 0, pow(10,18))', maketime(0, 0, pow(10,18))); -- second >=10^18
insert into func_test(functionName, result) values ('maketime(4294967295, 1, 1)', maketime(4294967295, 1, 1));
insert into func_test(functionName, result) values ('maketime(-4294967295, 0, 1)', maketime(-4294967295, 0, 1));
insert into func_test(functionName, result) values ('maketime(2147483649, 1, 1)', maketime(2147483649, 1, 1));
insert into func_test(functionName, result) values ('maketime(-2147483649, 1, 1)', maketime(-2147483649, 1, 1));
insert into func_test(functionName, result) values ('maketime(-9223372036854775808, 0, 0)', maketime(-9223372036854775808, 0, 0));
-- 精度一致
insert into func_test(functionName, result) values ('maketime(0, 0, 59.9999)', maketime(0, 0, 59.9999));  -- 结果精度与参数相同
insert into func_test(functionName, result) values ('maketime(0, 0, 59.999999001)', maketime(0, 0, 59.999999001)); -- 最高保留精度为小数点后6位
-- 函数主体
insert into func_test(functionName, result) values ('maketime(838, 59, 58.999999)', maketime(838, 59, 58.999999));
insert into func_test(functionName, result) values ('maketime(-838, 59, 58.999999)', maketime(-838, 59, 58.999999));
insert into func_test(functionName, result) values ('maketime(25, 30, 30)', maketime(25, 30, 30));
insert into func_test(functionName, result) values ('maketime(-25, 30, 30)', maketime(-25, 30, 30));
insert into func_test(functionName, result) values ('maketime(pow(2, 32),0,0)', maketime(pow(2, 32),0,0));
insert into func_test(functionName, result) values ('maketime(-pow(2, 32),0,0)', maketime(-pow(2, 32),0,0));
insert into func_test(functionName, result) values ('maketime(0, 59, 59.9999994999)', maketime(0, 59, 59.9999994999));
insert into func_test(functionName, result) values ('maketime(0, 10, 59.999999500)', maketime(0, 10, 59.999999500));
insert into func_test(functionName, result) values ('maketime(0, 59, 59.999999500)', maketime(0, 59, 59.999999500));
insert into func_test(functionName, result) values ('maketime(0, 59, 59.999998500)', maketime(0, 59, 59.999998500));
-- 返回值越界
insert into func_test(functionName, result) values ('maketime(839, 0, 0)', maketime(839, 0, 0)); 
insert into func_test(functionName, result) values ('maketime(-839, 0, 0)', maketime(-839, 0, 0));
insert into func_test(functionName, result) values ('maketime(838, 59, 59.000001)', maketime(838, 59, 59.000001)); -- 小数导致越界
insert into func_test(functionName, result) values ('maketime(838, 59, 59.000000600)', maketime(838, 59, 59.000000600)); -- 进位导致越界
-- PERIOD_ADD
    -- 非指定类型的参数
insert into func_test(functionName, result) values ('period_add(''202101'', ''10'')', period_add('202101', '10'));
insert into func_test(functionName, result) values ('period_add(''202101.4'', ''10.5'')', period_add('202101.4', '10.5'));
insert into func_test(functionName, result) values ('period_add(202101.4, 10.5)', period_add(202101.4, 10.5));
insert into func_test(functionName, result) values ('period_add(''abcd'', 1)', period_add('abcd', 1));
ERROR:  invalid input syntax for type bigint: "abcd"
LINE 1: ...lt) values ('period_add(''abcd'', 1)', period_add('abcd', 1)...
                                                             ^
insert into func_test(functionName, result) values ('period_add(true, false)', period_add(true, false));
insert into func_test(functionName, result) values ('period_add(B''1111'', B''11'')', period_add(B'1111', B'11'));
insert into func_test(functionName, result) values ('period_add(bytea''1111'', bytea''11'')', period_add(bytea'1111', bytea'11'));
ERROR:  function period_add(bytea, bytea) does not exist
LINE 1: ...values ('period_add(bytea''1111'', bytea''11'')', period_add...
                                                             ^
HINT:  No function matches the given name and argument types. You might need to add explicit type casts.
    -- 特殊/非法参数测试
insert into func_test(functionName, result) values ('period_add(NULL, 1)', period_add(NULL, 1));
insert into func_test(functionName, result) values ('period_add(202205, NULL)', period_add(202205, NULL));
insert into func_test(functionName, result) values ('period_add(0, 1)', period_add(0, 1)); -- p == 0
insert into func_test(functionName, result) values ('period_add(200000, 0)', period_add(200000, 0)); -- p的月份为0
insert into func_test(functionName, result) values ('period_add(-202205, 1)', period_add(-202205, 1)); -- p < 0
insert into func_test(functionName, result) values ('period_add(202205, pow(2,31))', period_add(202205, pow(2,31))); -- n处于int边界值
    -- 函数主体
insert into func_test(functionName, result) values ('period_add(202211, 100)', period_add(202211, 100)); -- 跨年计算，包含闰年
insert into func_test(functionName, result) values ('period_add(197005, 7)', period_add(197005, 7)); -- 年内运算
insert into func_test(functionName, result) values ('period_add(202205, -12)', period_add(202205, -12)); -- N < 0 
insert into func_test(functionName, result) values ('period_add(1,12)', period_add(1,12)); -- P的年份=0
insert into func_test(functionName, result) values ('period_add(6901,12)', period_add(6901,12)); -- P的年份<70
insert into func_test(functionName, result) values ('period_add(7001,12)', period_add(7001,12)); -- 70 <= P的年份 < 100
insert into func_test(functionName, result) values ('period_add(10001,12)', period_add(10001,12)); -- P的年份>=100
insert into func_test(functionName, result) values ('period_add(10001, -12)', period_add(10001, -12)); -- 70 <= 返回结果年份 < 100
insert into func_test(functionName, result) values ('period_add(10001, -12*30-1)', period_add(10001, -361)); -- 返回结果年份 < 70
insert into func_test(functionName, result) values ('period_add(pow(2,60), 20)', period_add(pow(2,60), 20));
--PERIOD_DIFF
    -- 非指定类型的参数
insert into func_test(functionName, result) values ('period_diff(''202101'', ''202102'')', period_diff('202101', '202102')); 
insert into func_test(functionName, result) values ('period_diff(''202101.4'', ''202102.5'')', period_diff('202101.4', '202102.5')); 
insert into func_test(functionName, result) values ('period_diff(202101.4, 202102.5)', period_diff(202101.4, 202102.5)); 
insert into func_test(functionName, result) values ('period_diff(''abcd'', ''abcd'')', period_diff('abcd', 'abcd')); 
ERROR:  invalid input syntax for type bigint: "abcd"
LINE 1: ...s ('period_diff(''abcd'', ''abcd'')', period_diff('abcd', 'a...
                                                             ^
insert into func_test(functionName, result) values ('period_diff(true, false)', period_diff(true, false)); 
insert into func_test(functionName, result) values ('period_diff(B''1111'', B''11111'')); ', period_diff(B'1111', B'11111')); 
insert into func_test(functionName, result) values ('period_diff(bytea''1111'', bytea''11111'')); ', period_diff(bytea'1111', bytea'11111')); 
ERROR:  function period_diff(bytea, bytea) does not exist
LINE 1: ...('period_diff(bytea''1111'', bytea''11111'')); ', period_dif...
                                                             ^
HINT:  No function matches the given name and argument types. You might need to add explicit type casts.
    -- 特殊/非法参数测试
insert into func_test(functionName, result) values ('period_diff(NULL, 200001)', period_diff(NULL, 200001));
insert into func_test(functionName, result) values ('period_diff(202011, NULL)', period_diff(202011, NULL));
insert into func_test(functionName, result) values ('period_diff(-202011, 200001)', period_diff(-202011, 200001)); -- P1<0
insert into func_test(functionName, result) values ('period_diff(202011, -200001)', period_diff(202011, -200001)); -- P2<0
insert into func_test(functionName, result) values ('period_diff(707712, 202201)', period_diff(707712, 202201));
    -- P1、P2年份处于70和100的边界处
insert into func_test(functionName, result) values ('period_diff(6912, 10001)', period_diff(6912, 10001));
insert into func_test(functionName, result) values ('period_diff(7001, 10001)', period_diff(7001, 10001));
insert into func_test(functionName, result) values ('period_diff(10002, 6901)', period_diff(10002, 6901));
insert into func_test(functionName, result) values ('period_diff(10002, 7001)', period_diff(10002, 7001));
    -- 0值
insert into func_test(functionName, result) values ('period_diff(0, 30)', period_diff(0, 30)); -- P1 == 0, P2的年份为0
insert into func_test(functionName, result) values ('period_diff(30, 0)', period_diff(30, 0)); -- P2 == 0, P1的年份为0
    -- 超大数计算
insert into func_test(functionName, result) values ('period_diff(pow(2,62), pow(2,60))', period_diff(pow(2,62), pow(2,60)));
--SEC_TO_TIME
    -- 非指定类型的参数
insert into func_test(functionName, result) values ('sec_to_time(''1000'')', sec_to_time('1000'));
insert into func_test(functionName, result) values ('sec_to_time(''1000.5'')', sec_to_time('1000.5'));
insert into func_test(functionName, result) values ('sec_to_time(''-5231'')', sec_to_time('-5231'));
insert into func_test(functionName, result) values ('sec_to_time(1000.5)', sec_to_time(1000.5));
insert into func_test(functionName, result) values ('sec_to_time(''abcd'')', sec_to_time('abcd'));
insert into func_test(functionName, result) values ('sec_to_time(true)', sec_to_time(true));
insert into func_test(functionName, result) values ('sec_to_time(B''1111'')', sec_to_time(B'1111'));
insert into func_test(functionName, result) values ('sec_to_time(bytea''1111'')', sec_to_time(bytea'1111'));   
ERROR:  function sec_to_time(bytea) does not exist
LINE 1: ...me, result) values ('sec_to_time(bytea''1111'')', sec_to_tim...
                                                             ^
HINT:  No function matches the given name and argument types. You might need to add explicit type casts.
    -- 
insert into func_test(functionName, result) values ('sec_to_time(NULL)', sec_to_time(NULL));   
insert into func_test(functionName, result) values ('sec_to_time(pow(10,18))', sec_to_time(pow(10,18))); -- second ≥ 10 ^18
insert into func_test(functionName, result) values ('sec_to_time(pow(10,18)-1)', sec_to_time(pow(10,18)-1));
insert into func_test(functionName, result) values ('sec_to_time(1000)', sec_to_time(1000)); 
insert into func_test(functionName, result) values ('sec_to_time(0)', sec_to_time(0));
insert into func_test(functionName, result) values ('sec_to_time(-1000000)', sec_to_time(-1000000));
insert into func_test(functionName, result) values ('sec_to_time(''2022-12-31 14:25:30'')', sec_to_time('2022-12-31 14:25:30'));
insert into func_test(functionName, result) values ('sec_to_time(''2012-2-25'')', sec_to_time('2012-2-25'));
insert into func_test(functionName, result) values ('sec_to_time(''14:25:56'')', sec_to_time('14:25:56'));
    -- 小数精度
insert into func_test(functionName, result) values ('sec_to_time(1000000.499)', sec_to_time(1000000.499));
insert into func_test(functionName, result) values ('sec_to_time(1000000.4990000)', sec_to_time(1000000.4990000));
    -- 纳秒位进位
insert into func_test(functionName, result) values ('sec_to_time(1000000.4999994999)', sec_to_time(1000000.4999994999));
insert into func_test(functionName, result) values ('sec_to_time(1000000.499999500)', sec_to_time(1000000.499999500));
insert into func_test(functionName, result) values ('sec_to_time(1000000.499998500)', sec_to_time(1000000.499998500));
insert into func_test(functionName, result) values ('sec_to_time(0.999999500)', sec_to_time(0.999999500));
insert into func_test(functionName, result) values ('sec_to_time(59.999999600)', sec_to_time(59.999999600));
insert into func_test(functionName, result) values ('sec_to_time(3599.999999700)', sec_to_time(3599.999999700));
    -- 返回值越界TIME类型
insert into func_test(functionName, result) values ('sec_to_time(3020399)', sec_to_time(3020399)); -- 未超出边界
insert into func_test(functionName, result) values ('sec_to_time(3020399 + 1)', sec_to_time(3020399 + 1)); -- 超出边界
insert into func_test(functionName, result) values ('sec_to_time(3020399.000000500)', sec_to_time(3020399.000000500)); -- 进位导致超出边界
insert into func_test(functionName, result) values ('sec_to_time(-100000000)', sec_to_time(-100000000));
insert into func_test(functionName, result) values ('sec_to_time(-999999999)', sec_to_time(-999999999));
insert into func_test(functionName, result) values ('sec_to_time(10000000000000000000)', sec_to_time(10000000000000000000));
insert into func_test(functionName, result) values ('sec_to_time(-10000000000000000000)', sec_to_time(-10000000000000000000));
insert into func_test(functionName, result) values ('sec_to_time(-9223372036854775808)', sec_to_time(-9223372036854775808));
-- subdate
    -- 非指定类型的参数
insert into func_test(functionName, result) values ('subdate(''2022-1-1'', 20)',subdate('2022-1-1', '20'));
insert into func_test(functionName, result) values ('subdate(''2022-1-1'', ''20.5'')',subdate('2022-1-1', '20.5'));
insert into func_test(functionName, result) values ('subdate(''2022-1-1'', 20.5)',subdate('2022-1-1', 20.5));
insert into func_test(functionName, result) values ('subdate(''abcd'', ''abcd'')',subdate('abcd', 'abcd'));
ERROR:  invalid input syntax for type bigint: "abcd"
CONTEXT:  SQL function "subdate" during inlining
referenced column: result
insert into func_test(functionName, result) values ('subdate(''2022-1-1'', true)',subdate('2022-1-1', true));
insert into func_test(functionName, result) values ('subdate(''2022-1-1'', B''1111'')',subdate('2022-1-1', B'1111'));
insert into func_test(functionName, result) values ('subdate(''2022-1-1'', bytea''1'')',subdate('2022-1-1', bytea'1'));
ERROR:  function subdate(unknown, bytea) does not exist
LINE 1: ...sult) values ('subdate(''2022-1-1'', bytea''1'')',subdate('2...
                                                             ^
HINT:  No function matches the given name and argument types. You might need to add explicit type casts.
insert into func_test(functionName, result) values ('subdate(date''2022-1-1'', 1)',subdate(date'2022-1-1', 1));
ERROR:  date/time field value out of range: "01-01-2022"
HINT:  Perhaps you need a different "datestyle" setting.
CONTEXT:  referenced column: result
insert into func_test(functionName, result) values ('subdate(cast(''2022-1-1 1:1:1'' as datetime), 1)',subdate(cast('2022-1-1 1:1:1' as datetime), 1));
    -- 特殊/非法参数测试
insert into func_test(functionName, result) values ('subdate(NULL, 20)',subdate(NULL, 20));
insert into func_test(functionName, result) values ('subdate(''2022-1-1'', NULL)',subdate('2022-1-1', NULL));
insert into func_test(functionName, result) values ('subdate(''10000-1-1'', INTERVAL ''6'' SECOND)', subdate('10000-1-1', INTERVAL '6' SECOND));
ERROR:  date/time field value out of range
CONTEXT:  referenced column: result
insert into func_test(functionName, result) values ('subdate(''-0001-1-1'', INTERVAL ''6'' SECOND)', subdate('-0001-1-1', INTERVAL '6' SECOND)); -- date < 0
ERROR:  invalid input syntax for type timestamp: "-0001-1-1"
CONTEXT:  referenced column: result
insert into func_test(functionName, result) values ('subdate(''2022-11-30 25:00:00'', 20)',subdate('2022-11-30 25:00:00', 20)); -- 小时数超出24
ERROR:  date/time field value out of range: "2022-11-30 25:00:00"
CONTEXT:  referenced column: result
insert into func_test(functionName, result) values ('subdate(''2022-11-30 00:60:00", 20)',subdate('2022-11-30 00:60:00', 20)); -- 分钟数超出59
ERROR:  date/time field value out of range: "2022-11-30 00:60:00"
CONTEXT:  referenced column: result
insert into func_test(functionName, result) values ('subdate(''2022-11-30 00:00:60'', 20)',subdate('2022-11-30 00:00:60', 20)); -- 秒数数超出59
ERROR:  date/time field value out of range: "2022-11-30 00:00:60"
CONTEXT:  referenced column: result
insert into func_test(functionName, result) values ('subdate(''2022-2-29'', INTERVAL ''6'' SECOND)',subdate('2022-2-29', INTERVAL '6' SECOND)); -- 不存在的日期，非闰年2-29日
ERROR:  date/time field value out of range: "2022-2-29"
CONTEXT:  referenced column: result
insert into func_test(functionName, result) values ('subdate(''2022-4-31'', 20)',subdate('2022-4-31', 20)); -- 不存在的日期，4月31日
ERROR:  date/time field value out of range: "2022-4-31"
CONTEXT:  referenced column: result
insert into func_test(functionName, result) values ('subdate("2022-0-1 6:05:05", 20)',subdate('2022-0-1 6:05:05', 20)); 
ERROR:  date/time field value out of range: "2022-0-1 6:05:05"
HINT:  Perhaps you need a different "datestyle" setting.
CONTEXT:  referenced column: result
insert into func_test(functionName, result) values ('subdate("2022-1-0 6:05:05", INTERVAL ''6'' SECOND)',subdate('2022-1-0 6:05:05', INTERVAL '6' SECOND));-- 天数为0
ERROR:  date/time field value out of range: "2022-1-0 6:05:05"
HINT:  Perhaps you need a different "datestyle" setting.
CONTEXT:  referenced column: result
insert into func_test(functionName, result) values ('subdate(''2022-1-1 6:05:05'', INTERVAL ''10 20:20'' DAY TO SECOND)',subdate('2022-1-1 6:05:05', INTERVAL '10 20:20' DAY TO SECOND));
    -- 不同格式的date/datetime输入
insert into func_test(functionName, result) values ('subdate(20220101010101.555, 1)',subdate(20220101010101.555, 1));
insert into func_test(functionName, result) values ('subdate(20220101, 1)',subdate(20220101, 1));
    -- 时分秒相关INTREVAL
insert into func_test(functionName, result) values ('subdate(''2022-1-1 6:05:05'', INTERVAL ''6'' SECOND)',subdate('2022-1-1 6:05:05', INTERVAL '-6' SECOND)); -- 负interval
insert into func_test(functionName, result) values ('subdate(''2022-6-1 6:05:05.5555555'', INTERVAL 6.444444 SECOND)',subdate('2022-6-1 6:05:05.5555555', INTERVAL 6.444444 SECOND)); -- 正interval 且 datetime微妙位>interval微妙位
insert into func_test(functionName, result) values ('subdate(''2022-6-1 6:05:05.444444'', INTERVAL ''6.555555'' HOUR TO SECOND)',subdate('2022-6-1 6:05:05.444444', INTERVAL '1:1:6.555555' HOUR TO SECOND)); -- datetime微妙位>interval微妙位
insert into func_test(functionName, result) values ('subdate(''0001-1-1 00:00:01.555555'', INTERVAL ''1.555556'' SECOND)',subdate('0001-1-1 00:00:01.555555', INTERVAL '1.555556' SECOND)); -- 返回结果年份=0
ERROR:  date/time field value out of range
CONTEXT:  referenced column: result
insert into func_test(functionName, result) values ('subdate(''0001-1-1 00:00:01'', INTERVAL 1 SECOND)', subdate('0001-1-1 00:00:01', INTERVAL 1 SECOND)); -- 返回结果年份>0
insert into func_test(functionName, result) values ('subdate(''2020-2-28 23:59:59'', INTERVAL ''-1:1'' MINUTE TO SECOND)',subdate('2020-2-28 23:59:59', INTERVAL '-1:1' MINUTE TO SECOND)); -- 闰年计算
insert into func_test(functionName, result) values ('subdate(''9999-12-1 22:01:01.111111'', INTERVAL ''-30 1:58:58.888889'' DAY TO SECOND)',subdate('9999-12-1 22:01:01.111111', INTERVAL '-30 1:58:58.888889' DAY TO SECOND)); -- 越界9999-12-31
ERROR:  date/time field value out of range
CONTEXT:  referenced column: result
insert into func_test(functionName, result) values ('subdate(''0001-1-1 22:01:01'', INTERVAL ''366 22:01:02'' DAY TO SECOND)',subdate('0001-1-1 22:01:01', INTERVAL '366 22:01:02' DAY TO SECOND)); -- 越界0
ERROR:  date/time field value out of range
CONTEXT:  referenced column: result
    -- 天数相关INTREVAL
insert into func_test(functionName, result) values ('subdate(''2020-2-29'', INTERVAL ''366'' DAY)',subdate('2020-2-29', INTERVAL '366' DAY)); -- 正interval，闰年计算
insert into func_test(functionName, result) values ('subdate(''2020-2-29'', INTERVAL ''-366'' DAY)',subdate('2020-2-29', INTERVAL '-366' DAY));
insert into func_test(functionName, result) values ('subdate(''0001-1-1 1:1:1'', INTERVAL ''1'' DAY)',subdate('0001-1-1 1:1:1', INTERVAL '1' DAY)); -- 返回结果的年份 == 0
ERROR:  date/time field value out of range
CONTEXT:  referenced column: result
insert into func_test(functionName, result) values ('subdate(''0001-1-2 1:1:1'', INTERVAL ''1'' DAY)',subdate('0001-1-2 1:1:1', INTERVAL '1' DAY)); -- 返回结果的年份 > 0
insert into func_test(functionName, result) values ('subdate(''9999-12-1'', -31)',subdate('9999-12-1', -31)); -- 越界9999-12-31
ERROR:  date/time field value out of range
CONTEXT:  referenced column: result
insert into func_test(functionName, result) values ('subdate(''0001-1-1'', 367)',subdate('0001-1-1', 367)); -- 越界0
ERROR:  date/time field value out of range
CONTEXT:  referenced column: result
    -- 月份相关INTREVAL
insert into func_test(functionName, result) values ('subdate(''2020-2-29'', INTERVAL ''-365'' MONTH)',subdate('2020-2-29', INTERVAL '-365' MONTH)); -- 负interval, 闰年计算
insert into func_test(functionName, result) values ('subdate(''0001-1-31'', INTERVAL ''1'' MONTH)',subdate('0001-1-31', INTERVAL '1' MONTH)); -- 正interval 返回结果的年份 == 0
insert into func_test(functionName, result) values ('subdate(''0001-2-1'', INTERVAL ''1'' MONTH)',subdate('0001-2-1', INTERVAL '1' MONTH)); -- 返回结果的年份 > 0
insert into func_test(functionName, result) values ('subdate(''9999-12-1'', INTERVAL ''-1'' MONTH)',subdate('9999-12-1', INTERVAL '-1' MONTH)); -- 越界9999-12-31
ERROR:  date/time field value out of range
CONTEXT:  referenced column: result
insert into func_test(functionName, result) values ('subdate(''0001-1-31'', INTERVAL ''13'' MONTH)',subdate('0001-1-31', INTERVAL '13' MONTH)); -- 越界0
ERROR:  date/time field value out of range
CONTEXT:  referenced column: result
    -- YEAR相关INTREVAL
insert into func_test(functionName, result) values ('subdate(''2020-2-29'', INTERVAL 3 YEAR)',subdate('2020-2-29', INTERVAL '3' YEAR)); -- 正interval，闰年到非闰年计算
insert into func_test(functionName, result) values ('subdate(''2020-2-29'', INTERVAL -3 YEAR)',subdate('2020-2-29', INTERVAL '-3' YEAR)); -- 负interval
insert into func_test(functionName, result) values ('subdate(''0001-12-31'', INTERVAL ''1'' YEAR)',subdate('0001-12-31', INTERVAL '1' YEAR));  -- 返回结果的年份 == 0
insert into func_test(functionName, result) values ('subdate(''9999-1-1'', INTERVAL ''-1'' YEAR)',subdate('9999-1-1', INTERVAL '-1' YEAR)); -- 越界9999-12-31
ERROR:  date/time field value out of range
CONTEXT:  referenced column: result
insert into func_test(functionName, result) values ('subdate(''2020-1-1'', INTERVAL ''2021'' YEAR)',subdate('2020-1-1', INTERVAL '2021' YEAR));
ERROR:  date/time field value out of range
CONTEXT:  referenced column: result
-- subdate(time: Time, interval/days)
insert into func_test(functionName, result) values ('subdate(time''22:11:11'', INTERVAL ''1'' YEAR)',subdate(time'22:11:11', INTERVAL '1' YEAR)); -- interval 包含 year
ERROR:  time field value out of range
CONTEXT:  referenced column: result
insert into func_test(functionName, result) values ('subdate(time''22:11:11'', INTERVAL ''-1'' MONTH)',subdate(time'22:11:11', INTERVAL '-1' MONTH)); -- interval 包含 month
ERROR:  time field value out of range
CONTEXT:  referenced column: result
insert into func_test(functionName, result) values ('subdate(time''100:59:59'', INTERVAL ''1 20:50:50.888888'' DAY To SECOND)',subdate(time'100:59:59', INTERVAL '1 20:50:50.888888' DAY TO SECOND)); -- 正interval 不包含 year与month
insert into func_test(functionName, result) values ('subdate(time''100:59:59'', INTERVAL ''-1 20:50:50.888888'' HOUR To SECOND)',subdate(time'100:59:59', INTERVAL '-20:50:50.888888' HOUR TO SECOND)); -- 负interval
insert into func_test(functionName, result) values ('subdate(time(6)''100:59:59.555'', 2',subdate(time(6)'100:59:59.555', 2)); -- time包含小数
insert into func_test(functionName, result) values ('subdate(time''815:0:0'', -1)',subdate(time'815:0:0', -1)); -- 越界838:59:59
ERROR:  time field value out of range
CONTEXT:  referenced column: result
insert into func_test(functionName, result) values ('subdate(time''-838:59:59'', INTERVAL ''1'' SECOND)',subdate(time'-838:59:59', INTERVAL '1' SECOND)); -- 越界-838:59:59
ERROR:  time field value out of range
CONTEXT:  referenced column: result
-- 浮点数格式的interval值
insert into func_test(functionName, result) values('subdate(''2022-01-01'', interval 21.9 year)', subdate('2022-01-01', interval 21.9 year));
insert into func_test(functionName, result) values('subdate(''2022-01-01 01:01:01'', interval 1.5 month)', subdate('2022-01-01 01:01:01', interval 1.5 month));
insert into func_test(functionName, result) values('subdate(time''838:59:59'', interval 1.999 hour)', subdate(time'838:59:59', interval 1.999 hour));
insert into func_test(functionName, result) values('subdate(''2022-01-01 01:01:01'', interval 1.999 minute)', subdate('2022-01-01 01:01:01', interval 1.999 minute));
insert into func_test(functionName, result) values('subdate(''2022-01-01 01:01:01'', interval 1.999 second)', subdate('2022-01-01 01:01:01', interval 1.999 second));
-- insert test
create table insert_subdate(date_col date, datetime_col datetime);
insert into insert_subdate(date_col, datetime_col) values (subdate('2021-1-1', 1), subdate('2021-1-1 01:01:01', 1));
ERROR:  date/time field value out of range: "12-31-2020"
HINT:  Perhaps you need a different "datestyle" setting.
CONTEXT:  referenced column: date_col
drop table insert_subdate;
select * from func_test;
                              functionname                              |             result              
------------------------------------------------------------------------+---------------------------------
 makedate('2003','61')                                                  | 03-02-2003
 makedate('12.4','12.5')                                                | 01-13-2012
 makedate(12.4,12.5)                                                    | 01-13-2012
 makedate(false, true)                                                  | 01-01-2000
 makedate(B'101', B'101')                                               | 01-05-2005
 makedate(null, 10)                                                     | 
 makedate(2000, null)                                                   | 
 makedate(-1, 20)                                                       | 
 makedate(10000, 20)                                                    | 
 makedate(2000, 0)                                                      | 
 makedate(2000, 60)                                                     | 02-29-2000
 makedate(2000, 380)                                                    | 01-14-2001
 makedate(69, 32)                                                       | 02-01-2069
 makedate(70, 32)                                                       | 02-01-1970
 makedate(100,32)                                                       | 02-01-0100
 makedate(9999,366)                                                     | 
 makedate(pow(2,62),366)                                                | 
 makedate(2001, 9223372036854775807)                                    | 
 maketime('25.5', '30.4', '30')                                         | 26:30:30
 maketime(25.5, 30.4, 30)                                               | 26:30:30
 maketime(false, true, true)                                            | 00:01:01
 maketime(B'111', B'111', B'111')                                       | 07:07:07
 maketime(null, 0, 0)                                                   | 
 maketime(0, null, 0)                                                   | 
 maketime(0, 0, null)                                                   | 
 maketime(0, -1, 0)                                                     | 
 maketime(0, 60, 0)                                                     | 
 maketime(0, 60, 0)                                                     | 
 maketime(0, 0, -1)                                                     | 
 maketime(0, 0, 60)                                                     | 
 maketime(0, 0, pow(10,18))                                             | 
 maketime(4294967295, 1, 1)                                             | 838:59:59
 maketime(-4294967295, 0, 1)                                            | -838:59:59
 maketime(2147483649, 1, 1)                                             | 838:59:59
 maketime(-2147483649, 1, 1)                                            | -838:59:59
 maketime(-9223372036854775808, 0, 0)                                   | 00:00:00
 maketime(0, 0, 59.9999)                                                | 00:00:59.9999
 maketime(0, 0, 59.999999001)                                           | 00:00:59.999999
 maketime(838, 59, 58.999999)                                           | 838:59:58.999999
 maketime(-838, 59, 58.999999)                                          | -838:59:58.999999
 maketime(25, 30, 30)                                                   | 25:30:30
 maketime(-25, 30, 30)                                                  | -25:30:30
 maketime(pow(2, 32),0,0)                                               | 838:59:59
 maketime(-pow(2, 32),0,0)                                              | -838:59:59
 maketime(0, 59, 59.9999994999)                                         | 00:59:59.999999
 maketime(0, 10, 59.999999500)                                          | 00:11:00
 maketime(0, 59, 59.999999500)                                          | 01:00:00
 maketime(0, 59, 59.999998500)                                          | 00:59:59.999999
 maketime(839, 0, 0)                                                    | 838:59:59
 maketime(-839, 0, 0)                                                   | -838:59:59
 maketime(838, 59, 59.000001)                                           | 838:59:59
 maketime(838, 59, 59.000000600)                                        | 838:59:59
 period_add('202101', '10')                                             | 202111
 period_add('202101.4', '10.5')                                         | 202112
 period_add(202101.4, 10.5)                                             | 202112
 period_add(true, false)                                                | 200001
 period_add(B'1111', B'11')                                             | 200106
 period_add(NULL, 1)                                                    | 
 period_add(202205, NULL)                                               | 
 period_add(0, 1)                                                       | 0
 period_add(200000, 0)                                                  | 199912
 period_add(-202205, 1)                                                 | 18611322804
 period_add(202205, pow(2,31))                                          | 17895899301
 period_add(202211, 100)                                                | 203103
 period_add(197005, 7)                                                  | 197012
 period_add(202205, -12)                                                | 202105
 period_add(1,12)                                                       | 200101
 period_add(6901,12)                                                    | 207001
 period_add(7001,12)                                                    | 197101
 period_add(10001,12)                                                   | 10101
 period_add(10001, -12)                                                 | 199901
 period_add(10001, -12*30-1)                                            | 206912
 period_add(pow(2,60), 20)                                              | 25769804412
 period_diff('202101', '202102')                                        | -1
 period_diff('202101.4', '202102.5')                                    | -2
 period_diff(202101.4, 202102.5)                                        | -2
 period_diff(true, false)                                               | 24000
 period_diff(B'1111', B'11111'));                                       | -16
 period_diff(NULL, 200001)                                              | 
 period_diff(202011, NULL)                                              | 
 period_diff(-202011, 200001)                                           | 2213609288845097956
 period_diff(202011, -200001)                                           | -2213609288845097956
 period_diff(707712, 202201)                                            | 60671
 period_diff(6912, 10001)                                               | 23639
 period_diff(7001, 10001)                                               | 22440
 period_diff(10002, 6901)                                               | -23627
 period_diff(10002, 7001)                                               | -22439
 period_diff(0, 30)                                                     | -24029
 period_diff(30, 0)                                                     | 24029
 period_diff(pow(2,62), pow(2,60))                                      | 415051741658464848
 sec_to_time('1000')                                                    | 00:16:40
 sec_to_time('1000.5')                                                  | 00:16:40.5
 sec_to_time('-5231')                                                   | -01:27:11
 sec_to_time(1000.5)                                                    | 00:16:40.5
 sec_to_time('abcd')                                                    | 00:00:00
 sec_to_time(true)                                                      | 00:00:01
 sec_to_time(B'1111')                                                   | 00:00:15
 sec_to_time(NULL)                                                      | 
 sec_to_time(pow(10,18))                                                | 838:59:59
 sec_to_time(pow(10,18)-1)                                              | 838:59:59
 sec_to_time(1000)                                                      | 00:16:40
 sec_to_time(0)                                                         | 00:00:00
 sec_to_time(-1000000)                                                  | -277:46:40
 sec_to_time('2022-12-31 14:25:30')                                     | 00:33:42
 sec_to_time('2012-2-25')                                               | 00:33:32
 sec_to_time('14:25:56')                                                | 00:00:14
 sec_to_time(1000000.499)                                               | 277:46:40.499
 sec_to_time(1000000.4990000)                                           | 277:46:40.499
 sec_to_time(1000000.4999994999)                                        | 277:46:40.499999
 sec_to_time(1000000.499999500)                                         | 277:46:40.5
 sec_to_time(1000000.499998500)                                         | 277:46:40.499999
 sec_to_time(0.999999500)                                               | 00:00:01
 sec_to_time(59.999999600)                                              | 00:01:00
 sec_to_time(3599.999999700)                                            | 01:00:00
 sec_to_time(3020399)                                                   | 838:59:59
 sec_to_time(3020399 + 1)                                               | 838:59:59
 sec_to_time(3020399.000000500)                                         | 838:59:59
 sec_to_time(-100000000)                                                | -838:59:59
 sec_to_time(-999999999)                                                | -838:59:59
 sec_to_time(10000000000000000000)                                      | 838:59:59
 sec_to_time(-10000000000000000000)                                     | -838:59:59
 sec_to_time(-9223372036854775808)                                      | -838:59:59
 subdate('2022-1-1', 20)                                                | 12-12-2021
 subdate('2022-1-1', '20.5')                                            | 12-11-2021
 subdate('2022-1-1', 20.5)                                              | 12-11-2021
 subdate('2022-1-1', true)                                              | 12-31-2021
 subdate('2022-1-1', B'1111')                                           | 12-17-2021
 subdate(cast('2022-1-1 1:1:1' as datetime), 1)                         | Fri Dec 31 01:01:01 2021
 subdate(NULL, 20)                                                      | 
 subdate('2022-1-1', NULL)                                              | 
 subdate('2022-1-1 6:05:05', INTERVAL '10 20:20' DAY TO SECOND)         | Tue Dec 21 09:45:05 2021
 subdate(20220101010101.555, 1)                                         | Fri Dec 31 01:01:01.555 2021
 subdate(20220101, 1)                                                   | 12-31-2021
 subdate('2022-1-1 6:05:05', INTERVAL '6' SECOND)                       | Sat Jan 01 06:05:11 2022
 subdate('2022-6-1 6:05:05.5555555', INTERVAL 6.444444 SECOND)          | Wed Jun 01 06:04:59.111112 2022
 subdate('2022-6-1 6:05:05.444444', INTERVAL '6.555555' HOUR TO SECOND) | Wed Jun 01 05:03:58.888889 2022
 subdate('0001-1-1 00:00:01', INTERVAL 1 SECOND)                        | Mon Jan 01 00:00:00 0001
 subdate('2020-2-28 23:59:59', INTERVAL '-1:1' MINUTE TO SECOND)        | Sat Feb 29 00:01:00 2020
 subdate('2020-2-29', INTERVAL '366' DAY)                               | 02-28-2019
 subdate('2020-2-29', INTERVAL '-366' DAY)                              | 03-01-2021
 subdate('0001-1-2 1:1:1', INTERVAL '1' DAY)                            | Mon Jan 01 01:01:01 0001
 subdate('2020-2-29', INTERVAL '-365' MONTH)                            | 07-29-2050
 subdate('0001-1-31', INTERVAL '1' MONTH)                               | 12-31-0000
 subdate('0001-2-1', INTERVAL '1' MONTH)                                | 01-01-0001
 subdate('2020-2-29', INTERVAL 3 YEAR)                                  | 02-28-2017
 subdate('2020-2-29', INTERVAL -3 YEAR)                                 | 02-28-2023
 subdate('0001-12-31', INTERVAL '1' YEAR)                               | 12-31-0000
 subdate(time'100:59:59', INTERVAL '1 20:50:50.888888' DAY To SECOND)   | 56:09:08.111112
 subdate(time'100:59:59', INTERVAL '-1 20:50:50.888888' HOUR To SECOND) | 121:50:49.888888
 subdate(time(6)'100:59:59.555', 2                                      | 52:59:59.555
 subdate('2022-01-01', interval 21.9 year)                              | 01-01-2000
 subdate('2022-01-01 01:01:01', interval 1.5 month)                     | Mon Nov 01 01:01:01 2021
 subdate(time'838:59:59', interval 1.999 hour)                          | 836:59:59
 subdate('2022-01-01 01:01:01', interval 1.999 minute)                  | Sat Jan 01 00:59:01 2022
 subdate('2022-01-01 01:01:01', interval 1.999 second)                  | Sat Jan 01 01:00:59.001 2022
--?.*

\c postgres
drop database if exists b_time_funcs;
