create schema substr_func_test;
set current_schema to 'substr_func_test';
show dolphin.sql_mode;
                                           dolphin.sql_mode                                           
------------------------------------------------------------------------------------------------------
 sql_mode_strict,sql_mode_full_group,pipes_as_concat,ansi_quotes,no_zero_date,pad_char_to_full_length
(1 row)

set dolphin.b_compatibility_mode = on;
-- test function: left, type: number、text、blob
create table test_type_table
(
    `int1` tinyint,
    `uint1` tinyint unsigned,
    `int2` smallint,
    `uint2` smallint unsigned,
    `int4` integer,
    `uint4` integer unsigned,
    `int8` bigint,
    `uint8` bigint unsigned,
    `float4` float4,
    `float8` float8,
    `numeric` decimal(20, 6),
    `bit1` bit(1),
    `bit64` bit(64),
    `boolean` boolean,
    `char` char(100),
    `varchar` varchar(100),
    `binary` binary(100),
    `varbinary` varbinary(100),
    `tinyblob` tinyblob,
    `blob` blob,
    `mediumblob` mediumblob,
    `longblob` longblob,
    `text` text
);
insert into test_type_table values
    (
        1, 1, 1, 1, 1, 1, 1, 1, 1.0, 1.0, 3.14259,
        1, 10101100, 1,
        '62.345*67-89', '62.345*67-89',
        '67890 - 12345 = 55545', '67890 - 12345 = 55545',
        '67890 - 12345 = 55545', '67890 - 12345 = 55545', '67890 - 12345 = 55545', '67890 - 12345 = 55545',
        '67890 - 12345 = 55545'
    );
insert into test_type_table values
    (
        127, 255, 32767, 65535, 0x7FFFFFFF, 0xFFFFFFFF, 0x7FFFFFFFFFFFFFFF, 0xFFFFFFFFFFFFFFFF, 3.402823, 1.79769313486231, 3.141592654,
        1, 0xFFFFFFFFFFFFFFFF, 1,
        'Today is a good day.  ', 'Today is a good day.  ',
        'Today is a good day.  ', 'Today is a good day.  ',
        'Today is a good day.  ', 'Today is a good day.  ', 'Today is a good day.  ', 'Today is a good day.  ',
        'Today is a good day.  '
    );
\x
SELECT
    left(`int1`, 1),
    left(`uint1`, 2),
    left(`int2`, 3),
    left(`uint2`, 2),
    left(`int4`, 1),
    left(`uint4`, 2),
    left(`int8`, 3),
    left(`uint8`, 0),
    left(`float4`, 2),
    left(`float8`, 3),
    left(`numeric`, 1),
    left(`bit1`, 2),
    left(`bit64`, 3),
    left(`boolean`, 4),
    left(`char`, 4),
    left(`varchar`, -3),
    left(`binary`, 5),
    left(`varbinary`, 6),
    left(`text`, 10),
    left(`tinyblob`, 7),
    left(`blob`, 8),
    left(`mediumblob`, 9),
    left(`longblob`, 10)
FROM test_type_table;
-[ RECORD 1 ]----------------
left | 1
left | 1
left | 1
left | 1
left | 1
left | 1
left | 1
left | 
left | 1
left | 1
left | 3
left | \x01
left | \x000000
left | 1
left | 62.3
left | 
left | 67890
left | 67890 
left | 67890 - 12
left | \x3637383930202d
left | \x3637383930202d20
left | \x3637383930202d2031
left | \x3637383930202d203132
-[ RECORD 2 ]----------------
left | 1
left | 25
left | 327
left | 65
left | 2
left | 42
left | 922
left | 
left | 3.
left | 1.7
left | 3
left | \x01
left | \xffffff
left | 1
left | Toda
left | 
left | Today
left | Today 
left | Today is a
left | \x546f6461792069
left | \x546f646179206973
left | \x546f64617920697320
left | \x546f6461792069732061

\x
-- test bit type
create table bit_test (`bit1` bit(1), `bit8` bit(8), `bit15` bit(15), `bit64` bit(64));
insert into bit_test values (1, 0x68, 0x4d45, 0x536f6d65006f6e65);
insert into bit_test values (0, 0x7d, 0x0057, 0x00536f6d656f6e65);
insert into bit_test values (0, 0x77, 0x5700, 0x536f6d656f6e6500);
select left(`bit1`, 2), left(`bit8`, 0), left(`bit15`, -12), left(`bit64`, 6) from bit_test;
 left | left | left |      left      
------+------+------+----------------
 \x01 | \x   | \x   | \x536f6d65006f
 \x00 | \x   | \x   | \x00536f6d656f
 \x00 | \x   | \x   | \x536f6d656f6e
(3 rows)

-- test integer overflow
select left(`bit64`, 2147483647) from bit_test;
        left        
--------------------
 \x536f6d65006f6e65
 \x00536f6d656f6e65
 \x536f6d656f6e6500
(3 rows)

-- test boolean type
create table boolean_test(`boolean` boolean);
insert into boolean_test values (1);
insert into boolean_test values (0);
select left(`boolean`, 2) from boolean_test;
 left 
------
 1
 0
(2 rows)

-- test blob type
create table blob_test(`tinyblob` tinyblob, `blob` blob, `mediumblob` mediumblob, `longblob` longblob);
insert into blob_test values (' 1.23*45-67!89', ' 1.23*45-67!89', ' 1.23*45-67!89', ' 1.23*45-67!89');
insert into blob_test values ('abc-098+home  ', 'abc-098+home  ', 'abc-098+home  ', 'abc-098+home  ');
select left(`tinyblob`, 4), left(`blob`, 5), left(`mediumblob`, 6), left(`longblob`, 7) from blob_test;
    left    |     left     |      left      |       left       
------------+--------------+----------------+------------------
 \x20312e32 | \x20312e3233 | \x20312e32332a | \x20312e32332a34
 \x6162632d | \x6162632d30 | \x6162632d3039 | \x6162632d303938
(2 rows)

drop table test_type_table;
drop table bit_test;
drop table boolean_test;
drop table blob_test;
create table t_number
(
	c1 integer,
	`int1` tinyint,
	`uint1` tinyint unsigned,
	`int2` smallint,
	`uint2` smallint unsigned,
	`int4` integer,
	`uint4` integer unsigned,
	`int8` bigint,
	`uint8` bigint unsigned,
	`float4` float4,
	`float8` float8,
	`numeric` decimal(20, 6),
	`boolean` boolean
);
insert into t_number values (1, 1, 1, 1, 1, 1, 1, 1, 1, 1.0, 1.0, 3.14259, 1);
insert into t_number values (2, 127, 255, 32767, 65535, 0x7FFFFFFF, 0xFFFFFFFF, 0x7FFFFFFFFFFFFFFF, 0xFFFFFFFFFFFFFFFF, 3.402823, 1.79769313486231, 3.141592, 0);
insert into t_number values (3, -127, 0, -32768, 0, -2147483648, 0, -9223372036854775808, 0, -1234.567890, -1002345.78456892, -99999999999999.999999, 1);
\x
select c1, 
lpad(`int1`, 5, 'A1'), lpad(`uint1`, 5, 'A1'), lpad(`int2`, 5, 'A1'), lpad(`uint2`, 5, 'A1'), 
lpad(`int4`, 5, 'A1'), lpad(`uint4`, 5, 'A1'), lpad(`int8`, 5, 'A1'), lpad(`uint8`, 5, 'A1'), 
lpad(`float4`, 5, 'A1'), lpad(`float8`, 5, 'A1'), lpad(`boolean`, 5, 'A1') from t_number order by c1;
-[ RECORD 1 ]
c1   | 1
lpad | A1A11
lpad | A1A11
lpad | A1A11
lpad | A1A11
lpad | A1A11
lpad | A1A11
lpad | A1A11
lpad | A1A11
lpad | A1A11
lpad | A1A11
lpad | A1A11
-[ RECORD 2 ]
c1   | 2
lpad | A1127
lpad | A1255
lpad | 32767
lpad | 65535
lpad | 21474
lpad | 42949
lpad | 92233
lpad | 18446
lpad | 3.402
lpad | 1.797
lpad | A1A10
-[ RECORD 3 ]
c1   | 3
lpad | A-127
lpad | A1A10
lpad | -3276
lpad | A1A10
lpad | -2147
lpad | A1A10
lpad | -9223
lpad | A1A10
lpad | -1234
lpad | -1002
lpad | A1A11

\x
create table t_bit (c1 integer, `bit1` bit(1), `bit8` bit(8), `bit15` bit(15), `bit64` bit(64));
insert into t_bit values (1, 0, 0x68, 0x4d45, 0x536f6d65006f6e65);
insert into t_bit values (2, 1, 0x7d, 0x0057, 0x00536f6d656f6e65);
insert into t_bit values (3, 0, 0x77, 0x5700, 0x536f6d656f6e6500);
select c1, lpad(`bit1`, 5, 'A1'), lpad(`bit8`, 5, 'A1'), lpad(`bit15`, 5, 'A1'), lpad(`bit64`, 5, 'A1') from t_bit order by c1;
 c1 |     lpad     |     lpad     |     lpad     |     lpad     
----+--------------+--------------+--------------+--------------
  1 | \x4131413100 | \x4131413168 | \x4131414d45 | \x536f6d6500
  2 | \x4131413101 | \x413141317d | \x4131410057 | \x00536f6d65
  3 | \x4131413100 | \x4131413177 | \x4131415700 | \x536f6d656f
(3 rows)

create table t_str
(
	c1 integer,
	`char` char(100),
	`varchar` varchar(100),
	`binary` binary(100),
	`varbinary` varbinary(100),
	`text` text
);
insert into t_str values (1, '62.345*67-89', '62.345*67-89', '62.345*67-89', '62.345*67-89', '62.345*67-89');
insert into t_str values (2, 'Today is a good day.  ', 'Today is a good day.  ', 'Today is a good day.  ', 'Today is a good day.  ', 'Today is a good day.  ');
insert into t_str values (3, '中 文  ', '中 文  ', '中 文  ', '中 文  ', '中 文  ');
-- test char with sql_mode: PAD_CHAR_TO_FULL_LENGTH
set dolphin.sql_mode = 'sql_mode_strict,sql_mode_full_group,pipes_as_concat,ansi_quotes,no_zero_date,auto_recompile_function,error_for_division_by_zero'; -- without pad_char_to_full_length
select c1, lpad(`char`, 25, 'New') from t_str order by c1;
 c1 |            lpad             
----+-----------------------------
  1 | NewNewNewNewN62.345*67-89
  2 | NewNeToday is a good day.
  3 | NewNewNewNewNewNewNewN中 文
(3 rows)

set dolphin.sql_mode = 'sql_mode_strict,sql_mode_full_group,pipes_as_concat,ansi_quotes,no_zero_date,pad_char_to_full_length,auto_recompile_function,error_for_division_by_zero'; -- with pad_char_to_full_length
select c1, lpad(`char`, 25, 'New') from t_str order by c1;
 c1 |            lpad             
----+-----------------------------
  1 | 62.345*67-89             
  2 | Today is a good day.     
  3 | 中 文                      
(3 rows)

select c1, lpad(`char`, 25, 'New'), lpad(`varchar`, 25, 'New'), lpad(`binary`, 25, 'New'), lpad(`varbinary`, 25, 'New'), lpad(`text`, 25, 'New') from t_str order by c1;
 c1 |            lpad             |            lpad             |                         lpad                         |                         lpad                         |            lpad             
----+-----------------------------+-----------------------------+------------------------------------------------------+------------------------------------------------------+-----------------------------
  1 | 62.345*67-89                | NewNewNewNewN62.345*67-89   | \x36322e3334352a36372d383900000000000000000000000000 | \x4e65774e65774e65774e65774e36322e3334352a36372d3839 | NewNewNewNewN62.345*67-89
  2 | Today is a good day.        | NewToday is a good day.     | \x546f646179206973206120676f6f64206461792e2020000000 | \x4e6577546f646179206973206120676f6f64206461792e2020 | NewToday is a good day.  
  3 | 中 文                       | NewNewNewNewNewNewNe中 文   | \xe4b8ad20e69687202000000000000000000000000000000000 | \x4e65774e65774e65774e65774e65774ee4b8ad20e696872020 | NewNewNewNewNewNewNe中 文  
(3 rows)

drop table t_number;
drop table t_bit;
drop table t_str;
-- test mid 
create table t_number
(
	c1 integer,
	`int1` tinyint,
	`uint1` tinyint unsigned,
	`int2` smallint,
	`uint2` smallint unsigned,
	`int4` integer,
	`uint4` integer unsigned,
	`int8` bigint,
	`uint8` bigint unsigned,
	`float4` float4,
	`float8` float8,
	`numeric` decimal(20, 6),
	`boolean` boolean
);
create table t_str
(
	c1 integer,
	`char` char(100),
	`varchar` varchar(100),
	`binary` binary(100),
	`varbinary` varbinary(100),
	`text` text
);
create table t_bit (c1 integer, `bit1` bit(1), `bit8` bit(8), `bit15` bit(15), `bit64` bit(64));
insert into t_number values (1, 1, 1, 1, 1, 1, 1, 1, 1, 1.0, 1.0, 3.14259, 1);
insert into t_number values (2, 127, 255, 32767, 65535, 0x7FFFFFFF, 0xFFFFFFFF, 0x7FFFFFFFFFFFFFFF, 0xFFFFFFFFFFFFFFFF, 3.402823, 1.79769313486231, 3.141592, 0);
insert into t_number values (3, -127, 0, -32768, 0, -2147483648, 0, -9223372036854775808, 0, -1234.567890, -1002345.78456892, -99999999999999.999999, 1);
insert into t_str values (1, '62.345*67-89', '62.345*67-89', '62.345*67-89', '62.345*67-89', '62.345*67-89');
insert into t_str values (2, 'Today is a good day.  ', 'Today is a good day.  ', 'Today is a good day.  ', 'Today is a good day.  ', 'Today is a good day.  ');
insert into t_str values (3, '脸映桃红桃映脸', '脸映桃红桃映脸', '脸映桃红桃映脸', '脸映桃红桃映脸', '脸映桃红桃映脸');
insert into t_bit values (1, 0, 0x68, 0x4d45, 0x536f6d65006f6e65);
insert into t_bit values (2, 1, 0x7d, 0x0057, 0x00536f6d656f6e65);
insert into t_bit values (3, 0, 0x77, 0x5700, 0x536f6d656f6e6500);
SET bytea_output TO escape;
select c1, mid(`int1`, 2), mid(`uint1`, 2), mid(`int2`, 2), mid(`uint2`, 2), mid(`int4`, 2), mid(`uint4`, 2), mid(`int8`, 2), mid(`uint8`, 2), mid(`float4`, 2), mid(`float8`, 2), mid(`boolean`, 2) from t_number order by c1;
 c1 | mid | mid |  mid  | mid  |    mid     |    mid    |         mid         |         mid         |   mid   |       mid        | mid 
----+-----+-----+-------+------+------------+-----------+---------------------+---------------------+---------+------------------+-----
  1 |     |     |       |      |            |           |                     |                     |         |                  | 
  2 | 27  | 55  | 2767  | 5535 | 147483647  | 294967295 | 223372036854775807  | 8446744073709551615 | .40282  | .79769313486231  | 
  3 | 127 |     | 32768 |      | 2147483648 |           | 9223372036854775808 |                     | 1234.57 | 1002345.78456892 | 
(3 rows)

select c1, mid(`int1`, 2, 2), mid(`uint1`, 2, 2), mid(`int2`, 2, 2), mid(`uint2`, 2, 2), mid(`int4`, 2, 2), mid(`uint4`, 2, 2), mid(`int8`, 2, 2), mid(`uint8`, 2, 2), mid(`float4`, 2, 2), mid(`float8`, 2, 2), mid(`boolean`, 2, 2) from t_number order by c1;
 c1 | mid | mid | mid | mid | mid | mid | mid | mid | mid | mid | mid 
----+-----+-----+-----+-----+-----+-----+-----+-----+-----+-----+-----
  1 |     |     |     |     |     |     |     |     |     |     | 
  2 | 27  | 55  | 27  | 55  | 14  | 29  | 22  | 84  | .4  | .7  | 
  3 | 12  |     | 32  |     | 21  |     | 92  |     | 12  | 10  | 
(3 rows)

set dolphin.sql_mode = 'sql_mode_strict,sql_mode_full_group,pipes_as_concat,ansi_quotes,no_zero_date,pad_char_to_full_length,auto_recompile_function,error_for_division_by_zero'; -- with pad_char_to_full_length
select c1, mid(`char`, 3), mid(`varchar`, 3), mid(`binary`, 3), mid(`varbinary`, 3), mid(`text`, 3) from t_str order by c1;
 c1 |                                                   mid                                                   |         mid          |                                                                                                                                                                                                   mid                                                                                                                                                                                                    |                                     mid                                      |         mid          
----+---------------------------------------------------------------------------------------------------------+----------------------+----------------------------------------------------------------------------------------------------------------------------------------------------------------------------------------------------------------------------------------------------------------------------------------------------------------------------------------------------------------------------------------------------------+------------------------------------------------------------------------------+----------------------
  1 | .345*67-89                                                                                              | .345*67-89           | .345*67-89\000\000\000\000\000\000\000\000\000\000\000\000\000\000\000\000\000\000\000\000\000\000\000\000\000\000\000\000\000\000\000\000\000\000\000\000\000\000\000\000\000\000\000\000\000\000\000\000\000\000\000\000\000\000\000\000\000\000\000\000\000\000\000\000\000\000\000\000\000\000\000\000\000\000\000\000\000\000\000\000\000\000\000\000\000\000\000\000                               | .345*67-89                                                                   | .345*67-89
  2 | day is a good day.                                                                                      | day is a good day.   | day is a good day.  \000\000\000\000\000\000\000\000\000\000\000\000\000\000\000\000\000\000\000\000\000\000\000\000\000\000\000\000\000\000\000\000\000\000\000\000\000\000\000\000\000\000\000\000\000\000\000\000\000\000\000\000\000\000\000\000\000\000\000\000\000\000\000\000\000\000\000\000\000\000\000\000\000\000\000\000\000\000                                                             | day is a good day.                                                           | day is a good day.  
  3 | 桃红桃映脸                                                                                              | 桃红桃映脸           | \270\346\230\240\346\241\203\347\272\242\346\241\203\346\230\240\350\204\270\000\000\000\000\000\000\000\000\000\000\000\000\000\000\000\000\000\000\000\000\000\000\000\000\000\000\000\000\000\000\000\000\000\000\000\000\000\000\000\000\000\000\000\000\000\000\000\000\000\000\000\000\000\000\000\000\000\000\000\000\000\000\000\000\000\000\000\000\000\000\000\000\000\000\000\000\000\000\000 | \270\346\230\240\346\241\203\347\272\242\346\241\203\346\230\240\350\204\270 | 桃红桃映脸
(3 rows)

set dolphin.sql_mode = 'sql_mode_strict,sql_mode_full_group,pipes_as_concat,ansi_quotes,no_zero_date,auto_recompile_function,error_for_division_by_zero'; -- without pad_char_to_full_length
select c1, mid(`char`, 3), mid(`varchar`, 3), mid(`binary`, 3), mid(`varbinary`, 3), mid(`text`, 3) from t_str order by c1;
 c1 |        mid         |         mid          |                                                                                                                                                                                                   mid                                                                                                                                                                                                    |                                     mid                                      |         mid          
----+--------------------+----------------------+----------------------------------------------------------------------------------------------------------------------------------------------------------------------------------------------------------------------------------------------------------------------------------------------------------------------------------------------------------------------------------------------------------+------------------------------------------------------------------------------+----------------------
  1 | .345*67-89         | .345*67-89           | .345*67-89\000\000\000\000\000\000\000\000\000\000\000\000\000\000\000\000\000\000\000\000\000\000\000\000\000\000\000\000\000\000\000\000\000\000\000\000\000\000\000\000\000\000\000\000\000\000\000\000\000\000\000\000\000\000\000\000\000\000\000\000\000\000\000\000\000\000\000\000\000\000\000\000\000\000\000\000\000\000\000\000\000\000\000\000\000\000\000\000                               | .345*67-89                                                                   | .345*67-89
  2 | day is a good day. | day is a good day.   | day is a good day.  \000\000\000\000\000\000\000\000\000\000\000\000\000\000\000\000\000\000\000\000\000\000\000\000\000\000\000\000\000\000\000\000\000\000\000\000\000\000\000\000\000\000\000\000\000\000\000\000\000\000\000\000\000\000\000\000\000\000\000\000\000\000\000\000\000\000\000\000\000\000\000\000\000\000\000\000\000\000                                                             | day is a good day.                                                           | day is a good day.  
  3 | 桃红桃映脸         | 桃红桃映脸           | \270\346\230\240\346\241\203\347\272\242\346\241\203\346\230\240\350\204\270\000\000\000\000\000\000\000\000\000\000\000\000\000\000\000\000\000\000\000\000\000\000\000\000\000\000\000\000\000\000\000\000\000\000\000\000\000\000\000\000\000\000\000\000\000\000\000\000\000\000\000\000\000\000\000\000\000\000\000\000\000\000\000\000\000\000\000\000\000\000\000\000\000\000\000\000\000\000\000 | \270\346\230\240\346\241\203\347\272\242\346\241\203\346\230\240\350\204\270 | 桃红桃映脸
(3 rows)

select c1, mid(`char`, 3, 4), mid(`varchar`, 3, 4), mid(`binary`, 3, 4), mid(`varbinary`, 3, 4), mid(`text`, 3, 4) from t_str order by c1;
 c1 |   mid    |   mid    |       mid        |       mid        |   mid    
----+----------+----------+------------------+------------------+----------
  1 | .345     | .345     | .345             | .345             | .345
  2 | day      | day      | day              | day              | day 
  3 | 桃红桃映 | 桃红桃映 | \270\346\230\240 | \270\346\230\240 | 桃红桃映
(3 rows)

select c1, mid(`bit1`, 2), mid(`bit8`, 2), mid(`bit15`, 2), mid(`bit64`, 2) from t_bit order by c1;
 c1 | mid | mid | mid  |    mid     
----+-----+-----+------+------------
  1 |     |     | E    | ome\000one
  2 |     |     | W    | Someone
  3 |     |     | \000 | omeone\000
(3 rows)

select c1, mid(`bit1`, 2, 2), mid(`bit8`, 2, 2), mid(`bit15`, 2, 2), mid(`bit64`, 2, 2) from t_bit order by c1;
 c1 | mid | mid | mid  | mid 
----+-----+-----+------+-----
  1 |     |     | E    | om
  2 |     |     | W    | So
  3 |     |     | \000 | om
(3 rows)

drop table t_number;
drop table t_bit;
drop table t_str;
-- test replace function with param NULL
select replace('string', 'i', NULL); 
 replace 
---------
 
(1 row)

select replace('string', NULL, 'i');
 replace 
---------
 
(1 row)

select replace(NULL, NULL, 'a');
 replace 
---------
 
(1 row)

drop schema substr_func_test cascade;
reset bytea_output;
reset dolphin.sql_mode;
reset dolphin.b_compatibility_mode;
reset current_schema;
