drop database if exists db_between;
NOTICE:  database "db_between" does not exist, skipping
create database db_between dbcompatibility 'B';
\c db_between
select 2 between 2 and 23;
 ?column? 
----------
 t
(1 row)

select 2.1 between 2.1 and 12.3;
 ?column? 
----------
 t
(1 row)

select true between false and true;
 ?column? 
----------
 t
(1 row)

select 'abc' between 'abc' and 'deg';
 ?column? 
----------
 t
(1 row)

select 11 between 1.1 and 12.5;
 ?column? 
----------
 t
(1 row)

select true between 0 and 12;
 ?column? 
----------
 t
(1 row)

select true between 0.9 and 12.6;
 ?column? 
----------
 t
(1 row)

select true between '0.5' and '12.3';
 ?column? 
----------
 t
(1 row)

select true between 'a0.5' and '12.3aa';
 ?column? 
----------
 t
(1 row)

select 1 between 'a0.5' and '12.3aa';
 ?column? 
----------
 t
(1 row)

select 1 between '0.5' and '12.3';
 ?column? 
----------
 t
(1 row)

select 1 between 0 and '12.3';
 ?column? 
----------
 t
(1 row)

select 1.1 between 0 and '12.3';
 ?column? 
----------
 t
(1 row)

select 1.1 between 0.3 and '12.3a';
 ?column? 
----------
 t
(1 row)

select '1a' between 'B' and '12.3b';
 ?column? 
----------
 f
(1 row)

select 'a2.2a' between 2.1 and '4';
 ?column? 
----------
 f
(1 row)

select 12.7 between '11@#&%*' and '19.9hd';
 ?column? 
----------
 t
(1 row)

select 'a2.2a' between 0 and B'101';
 ?column? 
----------
 t
(1 row)

select 'a2.2a' between 1 and B'101';
 ?column? 
----------
 f
(1 row)

select '2.2' between 1 and B'101';
 ?column? 
----------
 t
(1 row)

select 2.2 between 1 and B'101';
 ?column? 
----------
 t
(1 row)

select B'001' between 1 and B'101';
 ?column? 
----------
 t
(1 row)

select '©12gdja12' between '©11.1a' and 15.4;
 ?column? 
----------
 t
(1 row)

select B'001' between 0.1 and true;
 ?column? 
----------
 t
(1 row)

select 2022-06-07 between 2022-06-06 and 2022-06-10;
 ?column? 
----------
 f
(1 row)

select b'1111111111111111111111111' between 0 and 999999999;
 ?column? 
----------
 t
(1 row)

select 0 between '测' and '15.2';
 ?column? 
----------
 t
(1 row)

select 1 between '测1' and '1';
 ?column? 
----------
 t
(1 row)

select 1 between '1测' and '1';
 ?column? 
----------
 t
(1 row)

\c postgres
drop database if exists db_between;
