create schema db_cast;
set current_schema to 'db_cast';
select cast('$2'::money as unsigned);
 uint8 
-------
 2
(1 row)

select cast(cast('$2'::money as unsigned) as money);
 money 
-------
 $2.00
(1 row)

select current_timestamp;
  current_timestamp  
---------------------
--?.*
(1 row)

select cast('2022-11-10 18:03:20'::timestamp as unsigned);
     uint8      
----------------
 20221111020320
(1 row)

select cast(current_timestamp::timestamp as unsigned);
 current_timestamp 
-------------------
--?.*
(1 row)

select cast(cast('2022-11-10 18:03:20'::timestamp as unsigned) as timestamp);
      timestamptz       
------------------------
 2022-11-11 02:03:20-08
(1 row)

SELECT CAST('test' AS CHAR CHARACTER SET utf8);
 bpchar 
--------
 t
(1 row)

SELECT CAST('test' AS CHAR CHARACTER SET not_exist);
WARNING:  not_exist is not a valid encoding name. default value set
 bpchar 
--------
 t
(1 row)

SELECT CAST('test' AS nchar CHARACTER SET not_exist);
WARNING:  not_exist is not a valid encoding name. default value set
 bpchar 
--------
 t
(1 row)

drop schema db_cast cascade;
reset current_schema;
