drop database if exists format_test;
NOTICE:  database "format_test" does not exist, skipping
create database format_test dbcompatibility 'B';
\c format_test
select char_length(1234);
 char_length 
-------------
           4
(1 row)

select char_length( '1234');
 char_length 
-------------
           4
(1 row)

select char_length( 'abcd');
 char_length 
-------------
           4
(1 row)

select char_length(1.1);
 char_length 
-------------
           3
(1 row)

select char_length(null);
 char_length 
-------------
            
(1 row)

select char_length(1);
 char_length 
-------------
           1
(1 row)

select char_length(B'101010101');
 char_length 
-------------
           2
(1 row)

select char_length(1,1);
ERROR:  function char_length(integer, integer) does not exist
LINE 1: select char_length(1,1);
               ^
HINT:  No function matches the given name and argument types. You might need to add explicit type casts.
CONTEXT:  referenced column: char_length
select 1+char_length(1);
 ?column? 
----------
        2
(1 row)

select 1.1+char_length(1);
 ?column? 
----------
      2.1
(1 row)

select char_length(111111111111111111111111111111111111111111111111111111111111111111111111111111111);
 char_length 
-------------
          81
(1 row)

\c postgres
drop database if exists format_test;
