drop database if exists db_crc32;
NOTICE:  database "db_crc32" does not exist, skipping
create database db_crc32 dbcompatibility 'B';
\c db_crc32
select crc32('abc');
   crc32   
-----------
 891568578
(1 row)

select crc32('');
 crc32 
-------
     0
(1 row)

select crc32(1);
   crc32    
------------
 2212294583
(1 row)

select crc32(10),crc32(-3.1415926),crc32(1.339E5),crc32('ab57'),crc32('HAF47');
   crc32    |   crc32    |   crc32    |   crc32    |   crc32    
------------+------------+------------+------------+------------
 2707236321 | 1632764266 | 2833135858 | 4076943245 | 4203314247
(1 row)

\c postgres
drop database if exists db_crc32;
