create schema db_db_b_format;
set current_schema to 'db_db_b_format';
-- test for b_compatibility_mode = false
set dolphin.b_compatibility_mode to off;
select format(1234.456, 2);
  format  
----------
 1234.456
(1 row)

select format(1234.456, 2, 'en_US');
  format  
----------
 1234.456
(1 row)

select format('%1s!', 'Hello');
 format 
--------
 Hello!
(1 row)

select format('%1s %1s!', 'Hello', 'world');
    format    
--------------
 Hello world!
(1 row)

-- test for b_compatibility_mode = true
set dolphin.b_compatibility_mode = 1;
-- test for basic functionality of FORMAT
select format(234.567, 3);
 format  
---------
 234.567
(1 row)

select format(234.567, 2);
 format 
--------
 234.57
(1 row)

select format(234.567, 1);
 format 
--------
 234.6
(1 row)

select format(234.567, 8);
    format    
--------------
 234.56700000
(1 row)

select format(234.567, 0);
 format 
--------
 235
(1 row)

-- test for float number started with 0, like 0.123456
select format(0.123,2);
 format 
--------
 0.12
(1 row)

select format(5/7,2);
 format 
--------
 0.71
(1 row)

-- test for enormous number
select format(132454676878465464652222238888856744654563565446554798798451344787945.3153,2);
                                             format                                             
------------------------------------------------------------------------------------------------
 132,454,676,878,465,464,652,222,238,888,856,744,654,563,565,446,554,798,798,451,344,787,945.32
(1 row)

-- test for carry
select format(999.999, 3);
 format  
---------
 999.999
(1 row)

select format(999.999, 2);
  format  
----------
 1,000.00
(1 row)

select format(999.999, 0);
 format 
--------
 1,000
(1 row)

-- test for thousand separator
select format(1234.45, 0);
 format 
--------
 1,234
(1 row)

select format(1234567.89, 1);
   format    
-------------
 1,234,567.9
(1 row)

-- test for different locale
select format(1234.45, 2, 'en_US');
  format  
----------
 1,234.45
(1 row)

select format(1234.45, 2, 'de_DE');
  format  
----------
 1.234,45
(1 row)

select format(1234.45, 2, 'fr_FR');
 format  
---------
 1234,45
(1 row)

-- test for type check
select format(1234.456, 2.49);
  format  
----------
 1,234.46
(1 row)

select format(1234.456, 2.99);
  format   
-----------
 1,234.456
(1 row)

-- wrong type of first param
select format('abcde', 2);
 format 
--------
 0.00
(1 row)

-- non-existent locale input
select format(1234.456, 2, 'zz_AA');
  format  
----------
 1,234.46
(1 row)

-- wrong type of third param
select format(1234.456, 2, 123123);
  format  
----------
 1,234.46
(1 row)

-- test for issue I50Z8L
select format(1123.456,2.5,2.52);
  format   
-----------
 1,123.456
(1 row)

select format(1213.456,1,0);
 format  
---------
 1,213.5
(1 row)

select format(1213.456,1,2);
 format  
---------
 1,213.5
(1 row)

select format(1123.456,1,-2);
 format  
---------
 1,123.5
(1 row)

select format(1123.456,4,2/3);
   format   
------------
 1,123.4560
(1 row)

select format(1213.456,'2','3');
  format  
----------
 1,213.46
(1 row)

select format(1123.456,'2','5.5');
  format  
----------
 1,123.46
(1 row)

select format(1123.456,'2','3/4');
  format  
----------
 1,123.46
(1 row)

select format(1123.456,'2','zxc');
  format  
----------
 1,123.46
(1 row)

select format(1123.456,'2','ASD');
  format  
----------
 1,123.46
(1 row)

select format(1123.456,'2','ADxc');
  format  
----------
 1,123.46
(1 row)

select format(12345.6789,3,'de_DE');
   format   
------------
 12.345,679
(1 row)

select format(1123.456,'2','2022-12-12');
  format  
----------
 1,123.46
(1 row)

select format(1123.456,'2',2022-12-12);
  format  
----------
 1,123.46
(1 row)

select format(1123.456,'2','2013-10-10 00:00:00');
  format  
----------
 1,123.46
(1 row)

select format(12345.6789,3,54563463374648346543156435468225862565364364356435436546345635436587463);
   format   
------------
 12,345.679
(1 row)

-- test for cstring input
select format('1.23456',2);
 format 
--------
 1.23
(1 row)

-- test for negative input
select format('-123',2);
 format  
---------
 -123.00
(1 row)

select format('--123',2);
 format 
--------
 0.00
(1 row)

select format('-123.456',2);
 format  
---------
 -123.46
(1 row)

select format('-1234.456',2);
  format   
-----------
 -1,234.46
(1 row)

select format('-1234564564868789790867567.456',2);
                format                 
---------------------------------------
 -1,234,564,564,868,789,790,867,567.46
(1 row)

-- test for cstring input starting with '+'
select format(+1.456,2);
 format 
--------
 1.46
(1 row)

select format('+1.456',2);
 format 
--------
 1.46
(1 row)

select format(+123.456,2);
 format 
--------
 123.46
(1 row)

select format('+123.456',2);
 format 
--------
 123.46
(1 row)

select format('++123.456',2);
 format 
--------
 0.00
(1 row)

-- test for invalid first param input
select format('abc.12345',2);
 format 
--------
 0.00
(1 row)

select format('abc1234',2);
 format 
--------
 0.00
(1 row)

select format('-abc1234',2);
 format 
--------
 0.00
(1 row)

select format('.ab',2);
 format 
--------
 0.00
(1 row)

select format('...aaab',2);
 format 
--------
 0.00
(1 row)

select format('.12345',2);
 format 
--------
 0.12
(1 row)

-- test for truncated input
select format('-123abc456.4556',2);
 format  
---------
 -123.00
(1 row)

select format('-123abc456.4556',2);
 format  
---------
 -123.00
(1 row)

select format('-123abc456.4556',6);
   format    
-------------
 -123.000000
(1 row)

select format('123465#$%^.123^&2',6);
     format     
----------------
 123,465.000000
(1 row)

select format('123.4 56',2);
 format 
--------
 123.40
(1 row)

-- test for trim
select format('  1234.456',2);
  format  
----------
 1,234.46
(1 row)

select format('  1234.456    ',2);
  format  
----------
 1,234.46
(1 row)

select format('  1234.456    ',8);
     format     
----------------
 1,234.45600000
(1 row)

select format('  1234.4  56    ',8);
     format     
----------------
 1,234.40000000
(1 row)

select format('    abcc',2);
 format 
--------
 0.00
(1 row)

select format('    abcc   ',2);
 format 
--------
 0.00
(1 row)

select format('    abcc   ',2);
 format 
--------
 0.00
(1 row)

select format('       ',2);
 format 
--------
 0.00
(1 row)

-- test for null params
select format(null, 1);
 format 
--------
 
(1 row)

select format(1, null);
 format 
--------
 
(1 row)

select format(1, 1, null);
 format 
--------
 1.0
(1 row)

select format(null, null, 1);
 format 
--------
 
(1 row)

select format(null, null, null);
 format 
--------
 
(1 row)

-- test overflow
select format(123123.456,100000000000);
                  format                  
------------------------------------------
 123,123.45600000000000000000000000000000
(1 row)

select format(123123.456,1000000000000);
 format  
---------
 123,123
(1 row)

select format(123123.456,10000000000000);
                  format                  
------------------------------------------
 123,123.45600000000000000000000000000000
(1 row)

select format(123123.456,545634633746483465436546345635436587463);
WARNING:  bigint out of range
CONTEXT:  referenced column: format
 format  
---------
 123,123
(1 row)

select format(123123.456,'513513413546587468514351345435413');
WARNING:  value "513513413546587468514351345435413" is out of range for type bigint
LINE 1: select format(123123.456,'513513413546587468514351345435413'...
                                 ^
CONTEXT:  referenced column: format
 format  
---------
 123,123
(1 row)

select format(123123.456,100000000000,'de_DE');
                  format                  
------------------------------------------
 123.123,45600000000000000000000000000000
(1 row)

select format(123123.456,1000000000000,'de_DE');
 format  
---------
 123.123
(1 row)

select format(123123.456,10000000000000,'de_DE');
                  format                  
------------------------------------------
 123.123,45600000000000000000000000000000
(1 row)

select format(123123.456,545634633746483465436546345635436587463,'de_DE');
WARNING:  bigint out of range
CONTEXT:  referenced column: format
 format  
---------
 123.123
(1 row)

select format(123123.456,'513513413546587468514351345435413','de_DE');
WARNING:  value "513513413546587468514351345435413" is out of range for type bigint
LINE 1: select format(123123.456,'513513413546587468514351345435413'...
                                 ^
CONTEXT:  referenced column: format
 format  
---------
 123.123
(1 row)

-- test for setting b_compatibility_mode back to false
set dolphin.b_compatibility_mode = 0;
select format(1234.456, 2);
  format  
----------
 1234.456
(1 row)

select format(1234.456, 2, 'en_US');
  format  
----------
 1234.456
(1 row)

select format('%1s!', 'Hello');
 format 
--------
 Hello!
(1 row)

select format('%1s %1s!', 'Hello', 'world');
    format    
--------------
 Hello world!
(1 row)

-- test for function calls that parameters are more than 3.
select format('%s, %s, %s', 1, 1, 1);
 format  
---------
 1, 1, 1
(1 row)

select format('%s, %s, %s, %s',1, 1, 1, 1);
   format   
------------
 1, 1, 1, 1
(1 row)

select format('%s, %s, %s, %s, %s',1 ,1 ,1 ,1, 1);
    format     
---------------
 1, 1, 1, 1, 1
(1 row)

select format('%s, %s, %s, %s, %s, %s',1 ,1 ,1 ,1, 1, 1);
      format      
------------------
 1, 1, 1, 1, 1, 1
(1 row)

-- test for original function format with variadic array grammar.
select format('%s, %s', variadic array['Hello','World']);
    format    
--------------
 Hello, World
(1 row)

select format('%s, %s', variadic array[1, 2]);
 format 
--------
 1, 2
(1 row)

select format('%s, %s', variadic array[true, false]);
 format 
--------
 t, f
(1 row)

select format('%s, %s', variadic array[true, false]::text[]);
 format 
--------
 1, 0
(1 row)

select format('%2$s, %1$s', variadic array['first', 'second']);
    format     
---------------
 second, first
(1 row)

select format('%2$s, %1$s', variadic array[1, 2]);
 format 
--------
 2, 1
(1 row)

drop schema db_db_b_format cascade;
reset current_schema;
-- test for A compatibility to ensure the original functionality is good.
create database db_db_b_format dbcompatibility 'A';
\c db_db_b_format
select format(1234.456, 2);
  format  
----------
 1234.456
(1 row)

select format(1234.456, 2, 'en_US');
  format  
----------
 1234.456
(1 row)

\c postgres
drop database db_db_b_format;
