create schema db_not_between;
set current_schema to 'db_not_between';
select 2 not between 2 and 23;
 ?column? 
----------
 f
(1 row)

select 2.1 not between 2.1 and 12.3;
 ?column? 
----------
 f
(1 row)

select true not between false and true;
 ?column? 
----------
 f
(1 row)

select 'abc' not between 'abc' and 'deg';
 ?column? 
----------
 f
(1 row)

select 11 not between 1.1 and 12.5;
 ?column? 
----------
 f
(1 row)

select true not between 0 and 12;
 ?column? 
----------
 f
(1 row)

select true not between 0.9 and 12.6;
 ?column? 
----------
 f
(1 row)

select true between '0.5' and '12.3';
 ?column? 
----------
 t
(1 row)

select true not between 'a0.5' and '12.3aa';
 ?column? 
----------
 f
(1 row)

select 1 not between 'a0.5' and '12.3aa';
 ?column? 
----------
 f
(1 row)

select 1 not between '0.5' and '12.3';
 ?column? 
----------
 f
(1 row)

select 1 not between 0 and '12.3';
 ?column? 
----------
 f
(1 row)

select 1.1 not between 0 and '12.3';
 ?column? 
----------
 f
(1 row)

select 1.1 not between 0.3 and '12.3a';
 ?column? 
----------
 f
(1 row)

select '1a' not between 'B' and '12.3b';
 ?column? 
----------
 t
(1 row)

select 'a2.2a' not between 2.1 and '4';
 ?column? 
----------
 t
(1 row)

select 12.7 not between '11@#&%*' and '19.9hd';
 ?column? 
----------
 f
(1 row)

select 'a2.2a' not between 0 and B'101';
 ?column? 
----------
 f
(1 row)

select 'a2.2a' not between 1 and B'101';
 ?column? 
----------
 t
(1 row)

select '2.2' not between 1 and B'101';
 ?column? 
----------
 f
(1 row)

select 2.2 not between 1 and B'101';
 ?column? 
----------
 f
(1 row)

select B'001' not between 1 and B'101';
 ?column? 
----------
 f
(1 row)

select '©12gdja12' not between '©11.1a' and 15.4;
 ?column? 
----------
 f
(1 row)

select B'001' not between 0.1 and true;
 ?column? 
----------
 f
(1 row)

select 2022-06-07 not between 2022-06-06 and 2022-06-10;
 ?column? 
----------
 t
(1 row)

select b'1111111111111111111111111' not between 0 and 999999999;
 ?column? 
----------
 f
(1 row)

select 0 not between '测' and '15.2';
 ?column? 
----------
 f
(1 row)

select 1 not between '测1' and '1';
 ?column? 
----------
 f
(1 row)

select 1 not between '1测' and '1';
 ?column? 
----------
 f
(1 row)

drop schema db_not_between cascade;
reset current_schema;
