create schema db_test_rand_func;
set current_schema to 'db_test_rand_func';
set dolphin.sql_mode = '';
set dolphin.b_compatibility_mode = on;
create table t1
(
    c1 integer,
    `int1`         tinyint,
    `uint1`        tinyint unsigned,
    `int2`         smallint,
    `uint2`        smallint unsigned,
    `int4`         integer,
    `uint4`        integer unsigned,
    `int8`         bigint,
    `uint8`        bigint unsigned,
    `float4`       float4,
    `float8`       float8,
    `numeric`      decimal(20, 6),
    `bit1`         bit(1),
    `bit64`        bit(64),
    `boolean`      boolean,
    `char`         char(100),
    `varchar`      varchar(100),
    `binary`       binary(100),
    `varbinary`    varbinary(100),
    `tinyblob`     tinyblob,
    `blob`         blob,
    `mediumblob`   mediumblob,
    `longblob`     longblob,
    `text`         text
);
insert into t1 values
(
1,
1, 1, 1, 1, 1, 1, 1, 1, 1.0, 1.0, 3.14259, 
1, 10101100, 1, 
'62.345*67-89', '62.345*67-89', 
'67890 - 12345 = 55545', '67890 - 12345 = 55545', 
'67890 - 12345 = 55545', '67890 - 12345 = 55545', '67890 - 12345 = 55545', '67890 - 12345 = 55545', 
'67890 - 12345 = 55545'
);
insert into t1 values
(
2, 
127, 255, 32767, 65535, 0x7FFFFFFF, 0xFFFFFFFF, 0x7FFFFFFFFFFFFFFF, 0xFFFFFFFFFFFFFFFF, 3.402823, 1.79769313486231, 3.141592654, 
1, 0xFFFFFFFFFFFFFFFF, 1, 
'Today is a good day.  ', 'Today is a good day.  ', 
'Today is a good day.  ', 'Today is a good day.  ', 
'Today is a good day.  ', 'Today is a good day.  ', 'Today is a good day.  ', 'Today is a good day.  ', 
'Today is a good day.  '
);
insert into t1 values
(
3, 
-127, 0, -32768, 0, -2147483648, 0, -9223372036854775808, 0,
-1234.567890, -1002345.78456892, -99999999999999.999999, 
0, 0x01, 0,
'', '', '', '',
'', '', '', '', 
''
);
\x
SELECT
    c1, 
    rand(`int1`),
    rand(`uint1`),
    rand(`int2`),
    rand(`uint2`),
    rand(`int4`),
    rand(`uint4`),
    rand(`int8`),
    rand(`uint8`),
    rand(`float4`),
    rand(`float8`),
    rand(`numeric`),
    rand(`bit1`),
    rand(`bit64`),
    rand(`boolean`),
    rand(`char`),
    rand(`varchar`),
    rand(`binary`),
    rand(`varbinary`),
    rand(`tinyblob`),
    rand(`blob`),
    rand(`mediumblob`),
    rand(`longblob`),
    rand(`text`)
FROM t1 order by c1;
WARNING:  invalid input syntax for type int unsigned: "62.345*67-89"
CONTEXT:  referenced column: rand
WARNING:  invalid input syntax for type int unsigned: "62.345*67-89"
CONTEXT:  referenced column: rand
WARNING:  invalid input syntax for type int16: "67890 - 12345 = 55545"
DETAIL:  text contain invalid character
CONTEXT:  referenced column: rand
WARNING:  invalid input syntax for type int16: "67890 - 12345 = 55545"
DETAIL:  text contain invalid character
CONTEXT:  referenced column: rand
WARNING:  invalid input syntax for type int16: "67890 - 12345 = 55545"
DETAIL:  text contain invalid character
CONTEXT:  referenced column: rand
WARNING:  invalid input syntax for type int16: "67890 - 12345 = 55545"
DETAIL:  text contain invalid character
CONTEXT:  referenced column: rand
WARNING:  invalid input syntax for type int16: "67890 - 12345 = 55545"
DETAIL:  text contain invalid character
CONTEXT:  referenced column: rand
WARNING:  invalid input syntax for type int16: "67890 - 12345 = 55545"
DETAIL:  text contain invalid character
CONTEXT:  referenced column: rand
WARNING:  invalid input syntax for type int16: "67890 - 12345 = 55545"
DETAIL:  text contain invalid character
CONTEXT:  referenced column: rand
WARNING:  int unsigned out of range
CONTEXT:  referenced column: rand
WARNING:  int unsigned out of range
CONTEXT:  referenced column: rand
WARNING:  invalid input syntax for type int unsigned: "Today is a good day."
CONTEXT:  referenced column: rand
WARNING:  invalid input syntax for type int unsigned: "Today is a good day.  "
CONTEXT:  referenced column: rand
WARNING:  Truncated incorrect INTEGER value: 'Today is a good day.  '
CONTEXT:  referenced column: rand
WARNING:  Data truncated for input data: "Today is a good day.  "
CONTEXT:  referenced column: rand
WARNING:  Truncated incorrect INTEGER value: 'Today is a good day.  '
CONTEXT:  referenced column: rand
WARNING:  Truncated incorrect INTEGER value: 'Today is a good day.  '
CONTEXT:  referenced column: rand
WARNING:  Truncated incorrect INTEGER value: 'Today is a good day.  '
CONTEXT:  referenced column: rand
WARNING:  Truncated incorrect INTEGER value: 'Today is a good day.  '
CONTEXT:  referenced column: rand
WARNING:  Truncated incorrect INTEGER value: 'Today is a good day.  '
CONTEXT:  referenced column: rand
WARNING:  Truncated incorrect INTEGER value: 'Today is a good day.  '
CONTEXT:  referenced column: rand
WARNING:  invalid input syntax for type int unsigned: ""
CONTEXT:  referenced column: rand
WARNING:  invalid input syntax for type int unsigned: ""
CONTEXT:  referenced column: rand
WARNING:  Truncated incorrect INTEGER value: ''
CONTEXT:  referenced column: rand
WARNING:  Data truncated for input data: ""
CONTEXT:  referenced column: rand
WARNING:  Truncated incorrect INTEGER value: ''
CONTEXT:  referenced column: rand
WARNING:  Truncated incorrect INTEGER value: ''
CONTEXT:  referenced column: rand
WARNING:  Truncated incorrect INTEGER value: ''
CONTEXT:  referenced column: rand
WARNING:  Truncated incorrect INTEGER value: ''
CONTEXT:  referenced column: rand
WARNING:  Truncated incorrect INTEGER value: ''
CONTEXT:  referenced column: rand
WARNING:  Truncated incorrect INTEGER value: ''
CONTEXT:  referenced column: rand
-[ RECORD 1 ]-------------
c1   | 1
rand | 0.04163034446537495
rand | 0.04163034446537495
rand | 0.04163034446537495
rand | 0.04163034446537495
rand | 0.04163034446537495
rand | 0.04163034446537495
rand | 0.04163034446537495
rand | 0.04163034446537495
rand | 0.04163034446537495
rand | 0.04163034446537495
rand | 0.7832349617965519
rand | 0.04163034446537495
rand | 0.370890012010932
rand | 0.04163034446537495
rand | 0.160571173299104
rand | 0.160571173299104
rand | 0.9395633428357542
rand | 0.9395633428357542
rand | 0.9395633428357542
rand | 0.9395633428357542
rand | 0.9395633428357542
rand | 0.9395633428357542
rand | 0.9395633428357542
-[ RECORD 2 ]-------------
c1   | 2
rand | 0.7627212363295257
rand | 0.2254167455248535
rand | 0.7500760811381042
rand | 0.2001264351420105
rand | 0.800025727134198
rand | 0.300025727134198
rand | 0.300025727134198
rand | 0.300025727134198
rand | 0.7832349617965519
rand | 0.9124326533637941
rand | 0.7832349617965519
rand | 0.04163034446537495
rand | 0.300025727134198
rand | 0.04163034446537495
rand | 0.1708280360326171
rand | 0.1708280360326171
rand | 0.1708280360326171
rand | 0.1708280360326171
rand | 0.1708280360326171
rand | 0.1708280360326171
rand | 0.1708280360326171
rand | 0.1708280360326171
rand | 0.1708280360326171
-[ RECORD 3 ]-------------
c1   | 3
rand | 0.5789348352700472
rand | 0.1708280360326171
rand | 0.7207776820287108
rand | 0.1708280360326171
rand | 0.6708280360326171
rand | 0.1708280360326171
rand | 0.1708280360326171
rand | 0.1708280360326171
rand | 0.7299768337979913
rand | 0.959946318063885
rand | 0.321016482077539
rand | 0.1708280360326171
rand | 0.04163034446537495
rand | 0.1708280360326171
rand | 0.1708280360326171
rand | 0.1708280360326171
rand | 0.1708280360326171
rand | 0.1708280360326171
rand | 0.1708280360326171
rand | 0.1708280360326171
rand | 0.1708280360326171
rand | 0.1708280360326171
rand | 0.1708280360326171

SELECT
    c1, 
    round(`int1`),
    round(`uint1`),
    round(`int2`),
    round(`uint2`),
    round(`int4`),
    round(`uint4`),
    round(`int8`),
    round(`uint8`),
    round(`float4`),
    round(`float8`),
    round(`numeric`),
    round(`bit1`),
    round(`bit64`),
    round(`boolean`),
    round(`char`),
    round(`varchar`),
    round(`binary`),
    round(`varbinary`),
    round(`tinyblob`),
    round(`blob`),
    round(`mediumblob`),
    round(`longblob`),
    round(`text`)
FROM t1 order by c1;
WARNING:  invalid input syntax for type double precision: "62.345*67-89"
CONTEXT:  referenced column: round
WARNING:  invalid input syntax for type double precision: "62.345*67-89"
CONTEXT:  referenced column: round
WARNING:  invalid input syntax for type double precision: "67890 - 12345 = 55545"
CONTEXT:  referenced column: round
WARNING:  invalid input syntax for type double precision: "67890 - 12345 = 55545"
CONTEXT:  referenced column: round
WARNING:  invalid input syntax for type double precision: "67890 - 12345 = 55545"
CONTEXT:  referenced column: round
WARNING:  invalid input syntax for type double precision: "67890 - 12345 = 55545"
CONTEXT:  referenced column: round
WARNING:  invalid input syntax for type double precision: "67890 - 12345 = 55545"
CONTEXT:  referenced column: round
WARNING:  invalid input syntax for type double precision: "67890 - 12345 = 55545"
CONTEXT:  referenced column: round
WARNING:  invalid input syntax for type double precision: "67890 - 12345 = 55545"
CONTEXT:  referenced column: round
WARNING:  bigint out of range
CONTEXT:  referenced column: round
WARNING:  invalid input syntax for type double precision: "Today is a good day."
CONTEXT:  referenced column: round
WARNING:  invalid input syntax for type double precision: "Today is a good day.  "
CONTEXT:  referenced column: round
WARNING:  invalid input syntax for type double precision: "Today is a good day.  "
CONTEXT:  referenced column: round
WARNING:  invalid input syntax for type double precision: "Today is a good day.  "
CONTEXT:  referenced column: round
WARNING:  invalid input syntax for type double precision: "Today is a good day.  "
CONTEXT:  referenced column: round
WARNING:  invalid input syntax for type double precision: "Today is a good day.  "
CONTEXT:  referenced column: round
WARNING:  invalid input syntax for type double precision: "Today is a good day.  "
CONTEXT:  referenced column: round
WARNING:  invalid input syntax for type double precision: "Today is a good day.  "
CONTEXT:  referenced column: round
WARNING:  invalid input syntax for type double precision: "Today is a good day.  "
CONTEXT:  referenced column: round
WARNING:  invalid input syntax for type double precision: ""
CONTEXT:  referenced column: round
WARNING:  invalid input syntax for type double precision: ""
CONTEXT:  referenced column: round
WARNING:  invalid input syntax for type double precision: ""
CONTEXT:  referenced column: round
WARNING:  invalid input syntax for type double precision: ""
CONTEXT:  referenced column: round
WARNING:  invalid input syntax for type double precision: ""
CONTEXT:  referenced column: round
WARNING:  invalid input syntax for type double precision: ""
CONTEXT:  referenced column: round
WARNING:  invalid input syntax for type double precision: ""
CONTEXT:  referenced column: round
WARNING:  invalid input syntax for type double precision: ""
CONTEXT:  referenced column: round
WARNING:  invalid input syntax for type double precision: ""
CONTEXT:  referenced column: round
-[ RECORD 1 ]---------------
c1    | 1
round | 1
round | 1
round | 1
round | 1
round | 1
round | 1
round | 1
round | 1
round | 1
round | 1
round | 3
round | 1
round | 10101100
round | 1
round | 62
round | 62
round | 67890
round | 67890
round | 67890
round | 67890
round | 67890
round | 67890
round | 67890
-[ RECORD 2 ]---------------
c1    | 2
round | 127
round | 255
round | 32767
round | 65535
round | 2147483647
round | 4294967295
round | 9223372036854775807
round | 9223372036854775807
round | 3
round | 2
round | 3
round | 1
round | 18446744073709551615
round | 1
round | 0
round | 0
round | 0
round | 0
round | 0
round | 0
round | 0
round | 0
round | 0
-[ RECORD 3 ]---------------
c1    | 3
round | -127
round | 0
round | -32768
round | 0
round | -2147483648
round | 0
round | -9223372036854775808
round | 0
round | -1235
round | -1002346
round | -100000000000000
round | 0
round | 1
round | 0
round | 0
round | 0
round | 0
round | 0
round | 0
round | 0
round | 0
round | 0
round | 0

SELECT
    c1, 
    round(`int1`, `int1`),
    round(`uint1`, `uint1`),
    round(`int2`, `int2`),
    round(`uint2`, `uint2`),
    round(`int4`, `int4`),
    round(`uint4`, `uint4`),
    round(`int8`, `int8`),
    round(`uint8`, `uint8`),
    round(`float4`, `float4`),
    round(`float8`, `float8`),
    round(`numeric`, `numeric`),
    round(`bit1`, `bit1`),
    round(`bit64`, `bit64`),
    round(`boolean`, `boolean`),
    round(`char`, `char`),
    round(`varchar`, `varchar`),
    round(`binary`, `binary`),
    round(`varbinary`, `varbinary`),
    round(`tinyblob`, `tinyblob`),
    round(`blob`, `blob`),
    round(`mediumblob`, `mediumblob`),
    round(`longblob`, `longblob`),
    round(`text`, `text`)
FROM t1 order by c1;
ERROR:  function round(`binary`, `binary`) does not exist
LINE 19:     round(`binary`, `binary`),
             ^
HINT:  No function matches the given name and argument types. You might need to add explicit type casts.
CONTEXT:  referenced column: round
SELECT mod(`int1`, `int1`) FROM t1;
-[ RECORD 1 ]
mod | 0
-[ RECORD 2 ]
mod | 0
-[ RECORD 3 ]
mod | 0

SELECT mod(`uint1`, `uint1`) FROM t1;
-[ RECORD 1 ]
mod | 0
-[ RECORD 2 ]
mod | 0
-[ RECORD 3 ]
mod | 

SELECT mod(`int2`, `int2`) FROM t1;
-[ RECORD 1 ]
mod | 0
-[ RECORD 2 ]
mod | 0
-[ RECORD 3 ]
mod | 0

SELECT mod(`uint2`, `uint2`) FROM t1;
-[ RECORD 1 ]
mod | 0
-[ RECORD 2 ]
mod | 0
-[ RECORD 3 ]
mod | 

SELECT mod(`int4`, `int4`) FROM t1;
-[ RECORD 1 ]
mod | 0
-[ RECORD 2 ]
mod | 0
-[ RECORD 3 ]
mod | 0

SELECT mod(`uint4`, `uint4`) FROM t1;
-[ RECORD 1 ]
mod | 0
-[ RECORD 2 ]
mod | 0
-[ RECORD 3 ]
mod | 

SELECT mod(`int8`, `int8`) FROM t1;
-[ RECORD 1 ]
mod | 0
-[ RECORD 2 ]
mod | 0
-[ RECORD 3 ]
mod | 0

SELECT mod(`uint8`, `uint8`) FROM t1;
-[ RECORD 1 ]
mod | 0
-[ RECORD 2 ]
mod | 0
-[ RECORD 3 ]
mod | 

SELECT mod(`float4`, `float4`) FROM t1;
-[ RECORD 1 ]
mod | 0
-[ RECORD 2 ]
mod | 0.00000
-[ RECORD 3 ]
mod | 0.00

SELECT mod(`float8`, `float8`) FROM t1;
-[ RECORD 1 ]---------
mod | 0
-[ RECORD 2 ]---------
mod | 0.00000000000000
-[ RECORD 3 ]---------
mod | 0.00000000

SELECT mod(`numeric`, `numeric`) FROM t1;
-[ RECORD 1 ]-
mod | 0.000000
-[ RECORD 2 ]-
mod | 0.000000
-[ RECORD 3 ]-
mod | 0.000000

SELECT mod(`bit1`, `bit1`) FROM t1;
-[ RECORD 1 ]
mod | 0
-[ RECORD 2 ]
mod | 0
-[ RECORD 3 ]
mod | 

SELECT mod(`bit64`, `bit64`) FROM t1;
-[ RECORD 1 ]
mod | 0
-[ RECORD 2 ]
mod | 0
-[ RECORD 3 ]
mod | 0

SELECT mod(`boolean`, `boolean`) FROM t1;
-[ RECORD 1 ]
mod | 0
-[ RECORD 2 ]
mod | 0
-[ RECORD 3 ]
mod | 

SELECT mod(`char`, `char`) FROM t1;
WARNING:  invalid input syntax for type numeric: "62.345*67-89"
CONTEXT:  referenced column: mod
WARNING:  invalid input syntax for type numeric: "62.345*67-89"
CONTEXT:  referenced column: mod
WARNING:  invalid input syntax for type numeric: "Today is a good day."
CONTEXT:  referenced column: mod
WARNING:  invalid input syntax for type numeric: "Today is a good day."
CONTEXT:  referenced column: mod
WARNING:  invalid input syntax for numeric: ""
CONTEXT:  referenced column: mod
WARNING:  invalid input syntax for numeric: ""
CONTEXT:  referenced column: mod
-[ RECORD 1 ]
mod | 0.000
-[ RECORD 2 ]
mod | 
-[ RECORD 3 ]
mod | 

SELECT mod(`varchar`, `varchar`) FROM t1;
WARNING:  invalid input syntax for type numeric: "62.345*67-89"
CONTEXT:  referenced column: mod
WARNING:  invalid input syntax for type numeric: "62.345*67-89"
CONTEXT:  referenced column: mod
WARNING:  invalid input syntax for type numeric: "Today is a good day.  "
CONTEXT:  referenced column: mod
WARNING:  invalid input syntax for type numeric: "Today is a good day.  "
CONTEXT:  referenced column: mod
WARNING:  invalid input syntax for numeric: ""
CONTEXT:  referenced column: mod
WARNING:  invalid input syntax for numeric: ""
CONTEXT:  referenced column: mod
-[ RECORD 1 ]
mod | 0.000
-[ RECORD 2 ]
mod | 
-[ RECORD 3 ]
mod | 

SELECT mod(`binary`, `binary`) FROM t1;
WARNING:  invalid input syntax for type numeric: "67890 - 12345 = 55545"
CONTEXT:  referenced column: mod
WARNING:  invalid input syntax for type numeric: "67890 - 12345 = 55545"
CONTEXT:  referenced column: mod
WARNING:  invalid input syntax for type numeric: "Today is a good day.  "
CONTEXT:  referenced column: mod
WARNING:  invalid input syntax for type numeric: "Today is a good day.  "
CONTEXT:  referenced column: mod
WARNING:  invalid input syntax for numeric: ""
CONTEXT:  referenced column: mod
WARNING:  invalid input syntax for numeric: ""
CONTEXT:  referenced column: mod
-[ RECORD 1 ]
mod | 0
-[ RECORD 2 ]
mod | 
-[ RECORD 3 ]
mod | 

SELECT mod(`varbinary`, `varbinary`) FROM t1;
WARNING:  invalid input syntax for type numeric: "67890 - 12345 = 55545"
CONTEXT:  referenced column: mod
WARNING:  invalid input syntax for type numeric: "67890 - 12345 = 55545"
CONTEXT:  referenced column: mod
WARNING:  invalid input syntax for type numeric: "Today is a good day.  "
CONTEXT:  referenced column: mod
WARNING:  invalid input syntax for type numeric: "Today is a good day.  "
CONTEXT:  referenced column: mod
WARNING:  invalid input syntax for numeric: ""
CONTEXT:  referenced column: mod
WARNING:  invalid input syntax for numeric: ""
CONTEXT:  referenced column: mod
-[ RECORD 1 ]
mod | 0
-[ RECORD 2 ]
mod | 
-[ RECORD 3 ]
mod | 

SELECT mod(`tinyblob`, `tinyblob`) FROM t1;
ERROR:  function mod(tinyblob, tinyblob) is not unique
LINE 1: SELECT mod(`tinyblob`, `tinyblob`) FROM t1;
               ^
HINT:  Could not choose a best candidate function. You might need to add explicit type casts.
CONTEXT:  referenced column: mod
SELECT mod(`blob`, `blob`) FROM t1;
ERROR:  function mod(blob, blob) is not unique
LINE 1: SELECT mod(`blob`, `blob`) FROM t1;
               ^
HINT:  Could not choose a best candidate function. You might need to add explicit type casts.
CONTEXT:  referenced column: mod
SELECT mod(`mediumblob`, `mediumblob`) FROM t1;
ERROR:  function mod(mediumblob, mediumblob) is not unique
LINE 1: SELECT mod(`mediumblob`, `mediumblob`) FROM t1;
               ^
HINT:  Could not choose a best candidate function. You might need to add explicit type casts.
CONTEXT:  referenced column: mod
SELECT mod(`longblob`, `longblob`) FROM t1;
ERROR:  function mod(longblob, longblob) is not unique
LINE 1: SELECT mod(`longblob`, `longblob`) FROM t1;
               ^
HINT:  Could not choose a best candidate function. You might need to add explicit type casts.
CONTEXT:  referenced column: mod
SELECT mod(`text`, `text`) FROM t1;
WARNING:  invalid input syntax for type numeric: "67890 - 12345 = 55545"
CONTEXT:  referenced column: mod
WARNING:  invalid input syntax for type numeric: "67890 - 12345 = 55545"
CONTEXT:  referenced column: mod
WARNING:  invalid input syntax for type numeric: "Today is a good day.  "
CONTEXT:  referenced column: mod
WARNING:  invalid input syntax for type numeric: "Today is a good day.  "
CONTEXT:  referenced column: mod
WARNING:  invalid input syntax for numeric: ""
CONTEXT:  referenced column: mod
WARNING:  invalid input syntax for numeric: ""
CONTEXT:  referenced column: mod
-[ RECORD 1 ]
mod | 0
-[ RECORD 2 ]
mod | 
-[ RECORD 3 ]
mod | 

SELECT pow(`int1`, `int1`) FROM t1;
-[ RECORD 1 ]----------------
pow | 1
-[ RECORD 2 ]----------------
pow | 1.524307411995723e+267
-[ RECORD 3 ]----------------
pow | -6.560356474884124e-268

SELECT pow(`uint1`, `uint1`) FROM t1;
-[ RECORD 1 ]-------------------------------------------------------------------------------------------------------------------------------------------------------------------------------------------------------------------------------------------------------------------------------------------------------------------------------------------------------------------------------------------------------------------------------------------------------------------------------------------------------------------------------------------------------------------------------------------------------------------------------
pow | 1.0000000000000000
-[ RECORD 2 ]-------------------------------------------------------------------------------------------------------------------------------------------------------------------------------------------------------------------------------------------------------------------------------------------------------------------------------------------------------------------------------------------------------------------------------------------------------------------------------------------------------------------------------------------------------------------------------------------------------------------------------
pow | 46531388344983681457769984555620005635274427815488751368772861643065273360461098097690597702647394229975161523887729348709679192202790820272357752329882392140552515610822058736740145045150003072264722464746837070302159356661765043244993104360887623976285955058200326531849137668562738184397385361179287309286327712528995820702180594566008294593820621769951491324907014215176509758404760451335847252744697820515292329680698271481385779516652518207263143889034764775414387732372812840456880885163361037485452406176311868267428358492408075197688911053603714883403374930891951109790394269793978310190141201019287109375
-[ RECORD 3 ]-------------------------------------------------------------------------------------------------------------------------------------------------------------------------------------------------------------------------------------------------------------------------------------------------------------------------------------------------------------------------------------------------------------------------------------------------------------------------------------------------------------------------------------------------------------------------------------------------------------------------------
pow | 1.0000000000000000

SELECT pow(`int2`, `int2`) FROM t1;
ERROR:  value out of range: overflow
CONTEXT:  referenced column: pow
SELECT pow(`uint2`, `uint2`) FROM t1;
ERROR:  value overflows numeric format
CONTEXT:  referenced column: pow
SELECT pow(`int4`, `int4`) FROM t1;
ERROR:  value out of range: overflow
CONTEXT:  referenced column: pow
SELECT pow(`uint4`, `uint4`) FROM t1;
ERROR:  value overflows numeric format
CONTEXT:  referenced column: pow
SELECT pow(`int8`, `int8`) FROM t1;
ERROR:  value out of range: overflow
CONTEXT:  referenced column: pow
SELECT pow(`uint8`, `uint8`) FROM t1;
ERROR:  value overflows numeric format
CONTEXT:  referenced column: pow
SELECT pow(`float4`, `float4`) FROM t1;
ERROR:  a negative number raised to a non-integer power yields a complex result
CONTEXT:  referenced column: pow
SELECT pow(`float8`, `float8`) FROM t1;
ERROR:  a negative number raised to a non-integer power yields a complex result
CONTEXT:  referenced column: pow
SELECT pow(`numeric`, `numeric`) FROM t1;
ERROR:  a negative number raised to a non-integer power yields a complex result
CONTEXT:  referenced column: pow
SELECT pow(`bit1`, `bit1`) FROM t1;
-[ RECORD 1 ]-----------
pow | 1.0000000000000000
-[ RECORD 2 ]-----------
pow | 1.0000000000000000
-[ RECORD 3 ]-----------
pow | 1.0000000000000000

SELECT pow(`bit64`, `bit64`) FROM t1;
ERROR:  value overflows numeric format
CONTEXT:  referenced column: pow
SELECT pow(`boolean`, `boolean`) FROM t1;
-[ RECORD 1 ]-----------
pow | 1.0000000000000000
-[ RECORD 2 ]-----------
pow | 1.0000000000000000
-[ RECORD 3 ]-----------
pow | 1.0000000000000000

SELECT pow(`char`, `char`) FROM t1;
WARNING:  invalid input syntax for type numeric: "62.345*67-89"
CONTEXT:  referenced column: pow
WARNING:  invalid input syntax for type numeric: "62.345*67-89"
CONTEXT:  referenced column: pow
WARNING:  invalid input syntax for type numeric: "Today is a good day."
CONTEXT:  referenced column: pow
WARNING:  invalid input syntax for type numeric: "Today is a good day."
CONTEXT:  referenced column: pow
WARNING:  invalid input syntax for numeric: ""
CONTEXT:  referenced column: pow
WARNING:  invalid input syntax for numeric: ""
CONTEXT:  referenced column: pow
-[ RECORD 1 ]-------------------------------------------------------------------------------------------------------------
pow | 7886922569204659943289130380565552069998488942920119408388828068713727087076260527969100818539057884606592610342.604
-[ RECORD 2 ]-------------------------------------------------------------------------------------------------------------
pow | 1.0000000000000000
-[ RECORD 3 ]-------------------------------------------------------------------------------------------------------------
pow | 1.0000000000000000

SELECT pow(`varchar`, `varchar`) FROM t1;
WARNING:  invalid input syntax for type numeric: "62.345*67-89"
CONTEXT:  referenced column: pow
WARNING:  invalid input syntax for type numeric: "62.345*67-89"
CONTEXT:  referenced column: pow
WARNING:  invalid input syntax for type numeric: "Today is a good day.  "
CONTEXT:  referenced column: pow
WARNING:  invalid input syntax for type numeric: "Today is a good day.  "
CONTEXT:  referenced column: pow
WARNING:  invalid input syntax for numeric: ""
CONTEXT:  referenced column: pow
WARNING:  invalid input syntax for numeric: ""
CONTEXT:  referenced column: pow
-[ RECORD 1 ]-------------------------------------------------------------------------------------------------------------
pow | 7886922569204659943289130380565552069998488942920119408388828068713727087076260527969100818539057884606592610342.604
-[ RECORD 2 ]-------------------------------------------------------------------------------------------------------------
pow | 1.0000000000000000
-[ RECORD 3 ]-------------------------------------------------------------------------------------------------------------
pow | 1.0000000000000000

SELECT pow(`binary`, `binary`) FROM t1;
WARNING:  invalid input syntax for type double precision: "67890 - 12345 = 55545"
CONTEXT:  referenced column: pow
WARNING:  invalid input syntax for type double precision: "67890 - 12345 = 55545"
CONTEXT:  referenced column: pow
ERROR:  value out of range: overflow
CONTEXT:  referenced column: pow
SELECT pow(`varbinary`, `varbinary`) FROM t1;
WARNING:  invalid input syntax for type double precision: "67890 - 12345 = 55545"
CONTEXT:  referenced column: pow
WARNING:  invalid input syntax for type double precision: "67890 - 12345 = 55545"
CONTEXT:  referenced column: pow
ERROR:  value out of range: overflow
CONTEXT:  referenced column: pow
SELECT pow(`tinyblob`, `tinyblob`) FROM t1;
WARNING:  invalid input syntax for type double precision: "67890 - 12345 = 55545"
CONTEXT:  referenced column: pow
WARNING:  invalid input syntax for type double precision: "67890 - 12345 = 55545"
CONTEXT:  referenced column: pow
ERROR:  value out of range: overflow
CONTEXT:  referenced column: pow
SELECT pow(`blob`, `blob`) FROM t1;
WARNING:  invalid input syntax for type double precision: "67890 - 12345 = 55545"
CONTEXT:  referenced column: pow
WARNING:  invalid input syntax for type double precision: "67890 - 12345 = 55545"
CONTEXT:  referenced column: pow
ERROR:  value out of range: overflow
CONTEXT:  referenced column: pow
SELECT pow(`mediumblob`, `mediumblob`) FROM t1;
WARNING:  invalid input syntax for type double precision: "67890 - 12345 = 55545"
CONTEXT:  referenced column: pow
WARNING:  invalid input syntax for type double precision: "67890 - 12345 = 55545"
CONTEXT:  referenced column: pow
ERROR:  value out of range: overflow
CONTEXT:  referenced column: pow
SELECT pow(`longblob`, `longblob`) FROM t1;
WARNING:  invalid input syntax for type double precision: "67890 - 12345 = 55545"
CONTEXT:  referenced column: pow
WARNING:  invalid input syntax for type double precision: "67890 - 12345 = 55545"
CONTEXT:  referenced column: pow
ERROR:  value out of range: overflow
CONTEXT:  referenced column: pow
SELECT pow(`text`, `text`) FROM t1;
WARNING:  invalid input syntax for type numeric: "67890 - 12345 = 55545"
CONTEXT:  referenced column: pow
WARNING:  invalid input syntax for type numeric: "67890 - 12345 = 55545"
CONTEXT:  referenced column: pow
ERROR:  value overflows numeric format
CONTEXT:  referenced column: pow
SELECT power(`int1`, `int1`) FROM t1;
-[ RECORD 1 ]------------------
power | 1
-[ RECORD 2 ]------------------
power | 1.524307411995723e+267
-[ RECORD 3 ]------------------
power | -6.560356474884124e-268

SELECT power(`uint1`, `uint1`) FROM t1;
-[ RECORD 1 ]---------------------------------------------------------------------------------------------------------------------------------------------------------------------------------------------------------------------------------------------------------------------------------------------------------------------------------------------------------------------------------------------------------------------------------------------------------------------------------------------------------------------------------------------------------------------------------------------------------------------------------
power | 1.0000000000000000
-[ RECORD 2 ]---------------------------------------------------------------------------------------------------------------------------------------------------------------------------------------------------------------------------------------------------------------------------------------------------------------------------------------------------------------------------------------------------------------------------------------------------------------------------------------------------------------------------------------------------------------------------------------------------------------------------------
power | 46531388344983681457769984555620005635274427815488751368772861643065273360461098097690597702647394229975161523887729348709679192202790820272357752329882392140552515610822058736740145045150003072264722464746837070302159356661765043244993104360887623976285955058200326531849137668562738184397385361179287309286327712528995820702180594566008294593820621769951491324907014215176509758404760451335847252744697820515292329680698271481385779516652518207263143889034764775414387732372812840456880885163361037485452406176311868267428358492408075197688911053603714883403374930891951109790394269793978310190141201019287109375
-[ RECORD 3 ]---------------------------------------------------------------------------------------------------------------------------------------------------------------------------------------------------------------------------------------------------------------------------------------------------------------------------------------------------------------------------------------------------------------------------------------------------------------------------------------------------------------------------------------------------------------------------------------------------------------------------------
power | 1.0000000000000000

SELECT power(`int2`, `int2`) FROM t1;
ERROR:  value out of range: overflow
CONTEXT:  referenced column: power
SELECT power(`uint2`, `uint2`) FROM t1;
ERROR:  value overflows numeric format
CONTEXT:  referenced column: power
SELECT power(`int4`, `int4`) FROM t1;
ERROR:  value out of range: overflow
CONTEXT:  referenced column: power
SELECT power(`uint4`, `uint4`) FROM t1;
ERROR:  value overflows numeric format
CONTEXT:  referenced column: power
SELECT power(`int8`, `int8`) FROM t1;
ERROR:  value out of range: overflow
CONTEXT:  referenced column: power
SELECT power(`uint8`, `uint8`) FROM t1;
ERROR:  value overflows numeric format
CONTEXT:  referenced column: power
SELECT power(`float4`, `float4`) FROM t1;
ERROR:  a negative number raised to a non-integer power yields a complex result
CONTEXT:  referenced column: power
SELECT power(`float8`, `float8`) FROM t1;
ERROR:  a negative number raised to a non-integer power yields a complex result
CONTEXT:  referenced column: power
SELECT power(`numeric`, `numeric`) FROM t1;
ERROR:  a negative number raised to a non-integer power yields a complex result
CONTEXT:  referenced column: power
SELECT power(`bit1`, `bit1`) FROM t1;
-[ RECORD 1 ]-------------
power | 1.0000000000000000
-[ RECORD 2 ]-------------
power | 1.0000000000000000
-[ RECORD 3 ]-------------
power | 1.0000000000000000

SELECT power(`bit64`, `bit64`) FROM t1;
ERROR:  value overflows numeric format
CONTEXT:  referenced column: power
SELECT power(`boolean`, `boolean`) FROM t1;
-[ RECORD 1 ]-------------
power | 1.0000000000000000
-[ RECORD 2 ]-------------
power | 1.0000000000000000
-[ RECORD 3 ]-------------
power | 1.0000000000000000

SELECT power(`char`, `char`) FROM t1;
WARNING:  invalid input syntax for type numeric: "62.345*67-89"
CONTEXT:  referenced column: power
WARNING:  invalid input syntax for type numeric: "62.345*67-89"
CONTEXT:  referenced column: power
WARNING:  invalid input syntax for type numeric: "Today is a good day."
CONTEXT:  referenced column: power
WARNING:  invalid input syntax for type numeric: "Today is a good day."
CONTEXT:  referenced column: power
WARNING:  invalid input syntax for numeric: ""
CONTEXT:  referenced column: power
WARNING:  invalid input syntax for numeric: ""
CONTEXT:  referenced column: power
-[ RECORD 1 ]---------------------------------------------------------------------------------------------------------------
power | 7886922569204659943289130380565552069998488942920119408388828068713727087076260527969100818539057884606592610342.604
-[ RECORD 2 ]---------------------------------------------------------------------------------------------------------------
power | 1.0000000000000000
-[ RECORD 3 ]---------------------------------------------------------------------------------------------------------------
power | 1.0000000000000000

SELECT power(`varchar`, `varchar`) FROM t1;
WARNING:  invalid input syntax for type numeric: "62.345*67-89"
CONTEXT:  referenced column: power
WARNING:  invalid input syntax for type numeric: "62.345*67-89"
CONTEXT:  referenced column: power
WARNING:  invalid input syntax for type numeric: "Today is a good day.  "
CONTEXT:  referenced column: power
WARNING:  invalid input syntax for type numeric: "Today is a good day.  "
CONTEXT:  referenced column: power
WARNING:  invalid input syntax for numeric: ""
CONTEXT:  referenced column: power
WARNING:  invalid input syntax for numeric: ""
CONTEXT:  referenced column: power
-[ RECORD 1 ]---------------------------------------------------------------------------------------------------------------
power | 7886922569204659943289130380565552069998488942920119408388828068713727087076260527969100818539057884606592610342.604
-[ RECORD 2 ]---------------------------------------------------------------------------------------------------------------
power | 1.0000000000000000
-[ RECORD 3 ]---------------------------------------------------------------------------------------------------------------
power | 1.0000000000000000

SELECT power(`binary`, `binary`) FROM t1;
WARNING:  invalid input syntax for type double precision: "67890 - 12345 = 55545"
CONTEXT:  referenced column: power
WARNING:  invalid input syntax for type double precision: "67890 - 12345 = 55545"
CONTEXT:  referenced column: power
ERROR:  value out of range: overflow
CONTEXT:  referenced column: power
SELECT power(`varbinary`, `varbinary`) FROM t1;
WARNING:  invalid input syntax for type double precision: "67890 - 12345 = 55545"
CONTEXT:  referenced column: power
WARNING:  invalid input syntax for type double precision: "67890 - 12345 = 55545"
CONTEXT:  referenced column: power
ERROR:  value out of range: overflow
CONTEXT:  referenced column: power
SELECT power(`tinyblob`, `tinyblob`) FROM t1;
WARNING:  invalid input syntax for type double precision: "67890 - 12345 = 55545"
CONTEXT:  referenced column: power
WARNING:  invalid input syntax for type double precision: "67890 - 12345 = 55545"
CONTEXT:  referenced column: power
ERROR:  value out of range: overflow
CONTEXT:  referenced column: power
SELECT power(`blob`, `blob`) FROM t1;
WARNING:  invalid input syntax for type double precision: "67890 - 12345 = 55545"
CONTEXT:  referenced column: power
WARNING:  invalid input syntax for type double precision: "67890 - 12345 = 55545"
CONTEXT:  referenced column: power
ERROR:  value out of range: overflow
CONTEXT:  referenced column: power
SELECT power(`mediumblob`, `mediumblob`) FROM t1;
WARNING:  invalid input syntax for type double precision: "67890 - 12345 = 55545"
CONTEXT:  referenced column: power
WARNING:  invalid input syntax for type double precision: "67890 - 12345 = 55545"
CONTEXT:  referenced column: power
ERROR:  value out of range: overflow
CONTEXT:  referenced column: power
SELECT power(`longblob`, `longblob`) FROM t1;
WARNING:  invalid input syntax for type double precision: "67890 - 12345 = 55545"
CONTEXT:  referenced column: power
WARNING:  invalid input syntax for type double precision: "67890 - 12345 = 55545"
CONTEXT:  referenced column: power
ERROR:  value out of range: overflow
CONTEXT:  referenced column: power
SELECT power(`text`, `text`) FROM t1;
WARNING:  invalid input syntax for type numeric: "67890 - 12345 = 55545"
CONTEXT:  referenced column: power
WARNING:  invalid input syntax for type numeric: "67890 - 12345 = 55545"
CONTEXT:  referenced column: power
ERROR:  value overflows numeric format
CONTEXT:  referenced column: power
\x
SELECT
    pg_typeof(rand(`int1`)),
    pg_typeof(rand(`uint1`)),
    pg_typeof(rand(`int2`)),
    pg_typeof(rand(`uint2`)),
    pg_typeof(rand(`int4`)),
    pg_typeof(rand(`uint4`)),
    pg_typeof(rand(`int8`)),
    pg_typeof(rand(`uint8`)),
    pg_typeof(rand(`float4`)),
    pg_typeof(rand(`float8`)),
    pg_typeof(rand(`numeric`)),
    pg_typeof(rand(`bit1`)),
    pg_typeof(rand(`bit64`)),
    pg_typeof(rand(`boolean`)),
    pg_typeof(rand(`char`)),
    pg_typeof(rand(`varchar`)),
    pg_typeof(rand(`binary`)),
    pg_typeof(rand(`varbinary`)),
    pg_typeof(rand(`tinyblob`)),
    pg_typeof(rand(`blob`)),
    pg_typeof(rand(`mediumblob`)),
    pg_typeof(rand(`longblob`)),
    pg_typeof(rand(`text`))
FROM t1 where c1 = 1;
WARNING:  invalid input syntax for type int unsigned: "62.345*67-89"
CONTEXT:  referenced column: pg_typeof
WARNING:  invalid input syntax for type int unsigned: "62.345*67-89"
CONTEXT:  referenced column: pg_typeof
WARNING:  invalid input syntax for type int16: "67890 - 12345 = 55545"
DETAIL:  text contain invalid character
CONTEXT:  referenced column: pg_typeof
WARNING:  invalid input syntax for type int16: "67890 - 12345 = 55545"
DETAIL:  text contain invalid character
CONTEXT:  referenced column: pg_typeof
WARNING:  invalid input syntax for type int16: "67890 - 12345 = 55545"
DETAIL:  text contain invalid character
CONTEXT:  referenced column: pg_typeof
WARNING:  invalid input syntax for type int16: "67890 - 12345 = 55545"
DETAIL:  text contain invalid character
CONTEXT:  referenced column: pg_typeof
WARNING:  invalid input syntax for type int16: "67890 - 12345 = 55545"
DETAIL:  text contain invalid character
CONTEXT:  referenced column: pg_typeof
WARNING:  invalid input syntax for type int16: "67890 - 12345 = 55545"
DETAIL:  text contain invalid character
CONTEXT:  referenced column: pg_typeof
WARNING:  invalid input syntax for type int16: "67890 - 12345 = 55545"
DETAIL:  text contain invalid character
CONTEXT:  referenced column: pg_typeof
    pg_typeof     |    pg_typeof     |    pg_typeof     |    pg_typeof     |    pg_typeof     |    pg_typeof     |    pg_typeof     |    pg_typeof     |    pg_typeof     |    pg_typeof     |    pg_typeof     |    pg_typeof     |    pg_typeof     |    pg_typeof     |    pg_typeof     |    pg_typeof     |    pg_typeof     |    pg_typeof     |    pg_typeof     |    pg_typeof     |    pg_typeof     |    pg_typeof     |    pg_typeof     
------------------+------------------+------------------+------------------+------------------+------------------+------------------+------------------+------------------+------------------+------------------+------------------+------------------+------------------+------------------+------------------+------------------+------------------+------------------+------------------+------------------+------------------+------------------
 double precision | double precision | double precision | double precision | double precision | double precision | double precision | double precision | double precision | double precision | double precision | double precision | double precision | double precision | double precision | double precision | double precision | double precision | double precision | double precision | double precision | double precision | double precision
(1 row)

SELECT
    pg_typeof(round(`int1`)),
    pg_typeof(round(`uint1`)),
    pg_typeof(round(`int2`)),
    pg_typeof(round(`uint2`)),
    pg_typeof(round(`int4`)),
    pg_typeof(round(`uint4`)),
    pg_typeof(round(`int8`)),
    pg_typeof(round(`uint8`)),
    pg_typeof(round(`float4`)),
    pg_typeof(round(`float8`)),
    pg_typeof(round(`numeric`)),
    pg_typeof(round(`bit1`)),
    pg_typeof(round(`bit64`)),
    pg_typeof(round(`boolean`)),
    pg_typeof(round(`char`)),
    pg_typeof(round(`varchar`)),
    pg_typeof(round(`binary`)),
    pg_typeof(round(`varbinary`)),
    pg_typeof(round(`tinyblob`)),
    pg_typeof(round(`blob`)),
    pg_typeof(round(`mediumblob`)),
    pg_typeof(round(`longblob`)),
    pg_typeof(round(`text`))
FROM t1 where c1 = 1;
WARNING:  invalid input syntax for type double precision: "62.345*67-89"
CONTEXT:  referenced column: pg_typeof
WARNING:  invalid input syntax for type double precision: "62.345*67-89"
CONTEXT:  referenced column: pg_typeof
WARNING:  invalid input syntax for type double precision: "67890 - 12345 = 55545"
CONTEXT:  referenced column: pg_typeof
WARNING:  invalid input syntax for type double precision: "67890 - 12345 = 55545"
CONTEXT:  referenced column: pg_typeof
WARNING:  invalid input syntax for type double precision: "67890 - 12345 = 55545"
CONTEXT:  referenced column: pg_typeof
WARNING:  invalid input syntax for type double precision: "67890 - 12345 = 55545"
CONTEXT:  referenced column: pg_typeof
WARNING:  invalid input syntax for type double precision: "67890 - 12345 = 55545"
CONTEXT:  referenced column: pg_typeof
WARNING:  invalid input syntax for type double precision: "67890 - 12345 = 55545"
CONTEXT:  referenced column: pg_typeof
WARNING:  invalid input syntax for type double precision: "67890 - 12345 = 55545"
CONTEXT:  referenced column: pg_typeof
 pg_typeof | pg_typeof | pg_typeof | pg_typeof | pg_typeof | pg_typeof | pg_typeof | pg_typeof |    pg_typeof     |    pg_typeof     | pg_typeof | pg_typeof | pg_typeof | pg_typeof |    pg_typeof     |    pg_typeof     |    pg_typeof     |    pg_typeof     |    pg_typeof     |    pg_typeof     |    pg_typeof     |    pg_typeof     |    pg_typeof     
-----------+-----------+-----------+-----------+-----------+-----------+-----------+-----------+------------------+------------------+-----------+-----------+-----------+-----------+------------------+------------------+------------------+------------------+------------------+------------------+------------------+------------------+------------------
 bigint    | bigint    | bigint    | bigint    | bigint    | bigint    | bigint    | bigint    | double precision | double precision | number    | number    | number    | bigint    | double precision | double precision | double precision | double precision | double precision | double precision | double precision | double precision | double precision
(1 row)

SELECT pg_typeof(mod(`int1`,`int1`)) FROM t1 where c1 = 1;
 pg_typeof 
-----------
 number
(1 row)

SELECT pg_typeof(mod(`uint1`,`uint1`)) FROM t1 where c1 = 1;
 pg_typeof 
-----------
 number
(1 row)

SELECT pg_typeof(mod(`int2`,`int2`)) FROM t1 where c1 = 1;
 pg_typeof 
-----------
 smallint
(1 row)

SELECT pg_typeof(mod(`uint2`,`uint2`)) FROM t1 where c1 = 1;
 pg_typeof 
-----------
 number
(1 row)

SELECT pg_typeof(mod(`int4`,`int4`)) FROM t1 where c1 = 1;
 pg_typeof 
-----------
 integer
(1 row)

SELECT pg_typeof(mod(`uint4`,`uint4`)) FROM t1 where c1 = 1;
 pg_typeof 
-----------
 number
(1 row)

SELECT pg_typeof(mod(`int8`,`int8`)) FROM t1 where c1 = 1;
 pg_typeof 
-----------
 bigint
(1 row)

SELECT pg_typeof(mod(`uint8`,`uint8`)) FROM t1 where c1 = 1;
 pg_typeof 
-----------
 number
(1 row)

SELECT pg_typeof(mod(`float4`,`float4`)) FROM t1 where c1 = 1;
 pg_typeof 
-----------
 number
(1 row)

SELECT pg_typeof(mod(`float8`,`float8`)) FROM t1 where c1 = 1;
 pg_typeof 
-----------
 number
(1 row)

SELECT pg_typeof(mod(`numeric`,`numeric`)) FROM t1 where c1 = 1;
 pg_typeof 
-----------
 number
(1 row)

SELECT pg_typeof(mod(`bit1`,`bit1`)) FROM t1 where c1 = 1;
 pg_typeof 
-----------
 number
(1 row)

SELECT pg_typeof(mod(`bit64`,`bit64`)) FROM t1 where c1 = 1;
 pg_typeof 
-----------
 number
(1 row)

SELECT pg_typeof(mod(`boolean`,`boolean`)) FROM t1 where c1 = 1;
 pg_typeof 
-----------
 number
(1 row)

SELECT pg_typeof(mod(`char`,`char`)) FROM t1 where c1 = 1;
WARNING:  invalid input syntax for type numeric: "62.345*67-89"
CONTEXT:  referenced column: pg_typeof
WARNING:  invalid input syntax for type numeric: "62.345*67-89"
CONTEXT:  referenced column: pg_typeof
 pg_typeof 
-----------
 number
(1 row)

SELECT pg_typeof(mod(`varchar`,`varchar`)) FROM t1 where c1 = 1;
WARNING:  invalid input syntax for type numeric: "62.345*67-89"
CONTEXT:  referenced column: pg_typeof
WARNING:  invalid input syntax for type numeric: "62.345*67-89"
CONTEXT:  referenced column: pg_typeof
 pg_typeof 
-----------
 number
(1 row)

SELECT pg_typeof(mod(`binary`,`binary`)) FROM t1 where c1 = 1;
WARNING:  invalid input syntax for type numeric: "67890 - 12345 = 55545"
CONTEXT:  referenced column: pg_typeof
WARNING:  invalid input syntax for type numeric: "67890 - 12345 = 55545"
CONTEXT:  referenced column: pg_typeof
 pg_typeof 
-----------
 number
(1 row)

SELECT pg_typeof(mod(`varbinary`,`varbinary`)) FROM t1 where c1 = 1;
WARNING:  invalid input syntax for type numeric: "67890 - 12345 = 55545"
CONTEXT:  referenced column: pg_typeof
WARNING:  invalid input syntax for type numeric: "67890 - 12345 = 55545"
CONTEXT:  referenced column: pg_typeof
 pg_typeof 
-----------
 number
(1 row)

SELECT pg_typeof(mod(`tinyblob`,`tinyblob`)) FROM t1 where c1 = 1;
ERROR:  function mod(tinyblob, tinyblob) is not unique
LINE 1: SELECT pg_typeof(mod(`tinyblob`,`tinyblob`)) FROM t1 where c...
                         ^
HINT:  Could not choose a best candidate function. You might need to add explicit type casts.
CONTEXT:  referenced column: pg_typeof
SELECT pg_typeof(mod(`blob`,`blob`)) FROM t1 where c1 = 1;
ERROR:  function mod(blob, blob) is not unique
LINE 1: SELECT pg_typeof(mod(`blob`,`blob`)) FROM t1 where c1 = 1;
                         ^
HINT:  Could not choose a best candidate function. You might need to add explicit type casts.
CONTEXT:  referenced column: pg_typeof
SELECT pg_typeof(mod(`mediumblob`,`mediumblob`)) FROM t1 where c1 = 1;
ERROR:  function mod(mediumblob, mediumblob) is not unique
LINE 1: SELECT pg_typeof(mod(`mediumblob`,`mediumblob`)) FROM t1 whe...
                         ^
HINT:  Could not choose a best candidate function. You might need to add explicit type casts.
CONTEXT:  referenced column: pg_typeof
SELECT pg_typeof(mod(`longblob`,`longblob`)) FROM t1 where c1 = 1;
ERROR:  function mod(longblob, longblob) is not unique
LINE 1: SELECT pg_typeof(mod(`longblob`,`longblob`)) FROM t1 where c...
                         ^
HINT:  Could not choose a best candidate function. You might need to add explicit type casts.
CONTEXT:  referenced column: pg_typeof
SELECT pg_typeof(mod(`text`,`text`)) FROM t1 where c1 = 1;
WARNING:  invalid input syntax for type numeric: "67890 - 12345 = 55545"
CONTEXT:  referenced column: pg_typeof
WARNING:  invalid input syntax for type numeric: "67890 - 12345 = 55545"
CONTEXT:  referenced column: pg_typeof
 pg_typeof 
-----------
 number
(1 row)

SELECT pg_typeof(pow(`int1`,`int1`)) FROM t1 where c1 = 1;
    pg_typeof     
------------------
 double precision
(1 row)

SELECT pg_typeof(pow(`uint1`,`uint1`)) FROM t1 where c1 = 1;
 pg_typeof 
-----------
 number
(1 row)

SELECT pg_typeof(pow(`int2`,`int2`)) FROM t1 where c1 = 1;
    pg_typeof     
------------------
 double precision
(1 row)

SELECT pg_typeof(pow(`uint2`,`uint2`)) FROM t1 where c1 = 1;
 pg_typeof 
-----------
 number
(1 row)

SELECT pg_typeof(pow(`int4`,`int4`)) FROM t1 where c1 = 1;
    pg_typeof     
------------------
 double precision
(1 row)

SELECT pg_typeof(pow(`uint4`,`uint4`)) FROM t1 where c1 = 1;
 pg_typeof 
-----------
 number
(1 row)

SELECT pg_typeof(pow(`int8`,`int8`)) FROM t1 where c1 = 1;
    pg_typeof     
------------------
 double precision
(1 row)

SELECT pg_typeof(pow(`uint8`,`uint8`)) FROM t1 where c1 = 1;
 pg_typeof 
-----------
 number
(1 row)

SELECT pg_typeof(pow(`float4`,`float4`)) FROM t1 where c1 = 1;
    pg_typeof     
------------------
 double precision
(1 row)

SELECT pg_typeof(pow(`float8`,`float8`)) FROM t1 where c1 = 1;
    pg_typeof     
------------------
 double precision
(1 row)

SELECT pg_typeof(pow(`numeric`,`numeric`)) FROM t1 where c1 = 1;
 pg_typeof 
-----------
 number
(1 row)

SELECT pg_typeof(pow(`bit1`,`bit1`)) FROM t1 where c1 = 1;
 pg_typeof 
-----------
 number
(1 row)

SELECT pg_typeof(pow(`bit64`,`bit64`)) FROM t1 where c1 = 1;
ERROR:  value overflows numeric format
CONTEXT:  referenced column: pg_typeof
SELECT pg_typeof(pow(`boolean`,`boolean`)) FROM t1 where c1 = 1;
 pg_typeof 
-----------
 number
(1 row)

SELECT pg_typeof(pow(`char`,`char`)) FROM t1 where c1 = 1;
WARNING:  invalid input syntax for type numeric: "62.345*67-89"
CONTEXT:  referenced column: pg_typeof
WARNING:  invalid input syntax for type numeric: "62.345*67-89"
CONTEXT:  referenced column: pg_typeof
 pg_typeof 
-----------
 number
(1 row)

SELECT pg_typeof(pow(`varchar`,`varchar`)) FROM t1 where c1 = 1;
WARNING:  invalid input syntax for type numeric: "62.345*67-89"
CONTEXT:  referenced column: pg_typeof
WARNING:  invalid input syntax for type numeric: "62.345*67-89"
CONTEXT:  referenced column: pg_typeof
 pg_typeof 
-----------
 number
(1 row)

SELECT pg_typeof(pow(`binary`,`binary`)) FROM t1 where c1 = 1;
WARNING:  invalid input syntax for type double precision: "67890 - 12345 = 55545"
CONTEXT:  referenced column: pg_typeof
WARNING:  invalid input syntax for type double precision: "67890 - 12345 = 55545"
CONTEXT:  referenced column: pg_typeof
ERROR:  value out of range: overflow
CONTEXT:  referenced column: pg_typeof
SELECT pg_typeof(pow(`varbinary`,`varbinary`)) FROM t1 where c1 = 1;
WARNING:  invalid input syntax for type double precision: "67890 - 12345 = 55545"
CONTEXT:  referenced column: pg_typeof
WARNING:  invalid input syntax for type double precision: "67890 - 12345 = 55545"
CONTEXT:  referenced column: pg_typeof
ERROR:  value out of range: overflow
CONTEXT:  referenced column: pg_typeof
SELECT pg_typeof(pow(`tinyblob`,`tinyblob`)) FROM t1 where c1 = 1;
WARNING:  invalid input syntax for type double precision: "67890 - 12345 = 55545"
CONTEXT:  referenced column: pg_typeof
WARNING:  invalid input syntax for type double precision: "67890 - 12345 = 55545"
CONTEXT:  referenced column: pg_typeof
ERROR:  value out of range: overflow
CONTEXT:  referenced column: pg_typeof
SELECT pg_typeof(pow(`blob`,`blob`)) FROM t1 where c1 = 1;
WARNING:  invalid input syntax for type double precision: "67890 - 12345 = 55545"
CONTEXT:  referenced column: pg_typeof
WARNING:  invalid input syntax for type double precision: "67890 - 12345 = 55545"
CONTEXT:  referenced column: pg_typeof
ERROR:  value out of range: overflow
CONTEXT:  referenced column: pg_typeof
SELECT pg_typeof(pow(`mediumblob`,`mediumblob`)) FROM t1 where c1 = 1;
WARNING:  invalid input syntax for type double precision: "67890 - 12345 = 55545"
CONTEXT:  referenced column: pg_typeof
WARNING:  invalid input syntax for type double precision: "67890 - 12345 = 55545"
CONTEXT:  referenced column: pg_typeof
ERROR:  value out of range: overflow
CONTEXT:  referenced column: pg_typeof
SELECT pg_typeof(pow(`longblob`,`longblob`)) FROM t1 where c1 = 1;
WARNING:  invalid input syntax for type double precision: "67890 - 12345 = 55545"
CONTEXT:  referenced column: pg_typeof
WARNING:  invalid input syntax for type double precision: "67890 - 12345 = 55545"
CONTEXT:  referenced column: pg_typeof
ERROR:  value out of range: overflow
CONTEXT:  referenced column: pg_typeof
SELECT pg_typeof(pow(`text`,`text`)) FROM t1 where c1 = 1;
WARNING:  invalid input syntax for type numeric: "67890 - 12345 = 55545"
CONTEXT:  referenced column: pg_typeof
WARNING:  invalid input syntax for type numeric: "67890 - 12345 = 55545"
CONTEXT:  referenced column: pg_typeof
ERROR:  value overflows numeric format
CONTEXT:  referenced column: pg_typeof
SELECT pg_typeof(power(`int1`,`int1`)) FROM t1 where c1 = 1;
    pg_typeof     
------------------
 double precision
(1 row)

SELECT pg_typeof(power(`uint1`,`uint1`)) FROM t1 where c1 = 1;
 pg_typeof 
-----------
 number
(1 row)

SELECT pg_typeof(power(`int2`,`int2`)) FROM t1 where c1 = 1;
    pg_typeof     
------------------
 double precision
(1 row)

SELECT pg_typeof(power(`uint2`,`uint2`)) FROM t1 where c1 = 1;
 pg_typeof 
-----------
 number
(1 row)

SELECT pg_typeof(power(`int4`,`int4`)) FROM t1 where c1 = 1;
    pg_typeof     
------------------
 double precision
(1 row)

SELECT pg_typeof(power(`uint4`,`uint4`)) FROM t1 where c1 = 1;
 pg_typeof 
-----------
 number
(1 row)

SELECT pg_typeof(power(`int8`,`int8`)) FROM t1 where c1 = 1;
    pg_typeof     
------------------
 double precision
(1 row)

SELECT pg_typeof(power(`uint8`,`uint8`)) FROM t1 where c1 = 1;
 pg_typeof 
-----------
 number
(1 row)

SELECT pg_typeof(power(`float4`,`float4`)) FROM t1 where c1 = 1;
    pg_typeof     
------------------
 double precision
(1 row)

SELECT pg_typeof(power(`float8`,`float8`)) FROM t1 where c1 = 1;
    pg_typeof     
------------------
 double precision
(1 row)

SELECT pg_typeof(power(`numeric`,`numeric`)) FROM t1 where c1 = 1;
 pg_typeof 
-----------
 number
(1 row)

SELECT pg_typeof(power(`bit1`,`bit1`)) FROM t1 where c1 = 1;
 pg_typeof 
-----------
 number
(1 row)

SELECT pg_typeof(power(`bit64`,`bit64`)) FROM t1 where c1 = 1;
ERROR:  value overflows numeric format
CONTEXT:  referenced column: pg_typeof
SELECT pg_typeof(power(`boolean`,`boolean`)) FROM t1 where c1 = 1;
 pg_typeof 
-----------
 number
(1 row)

SELECT pg_typeof(power(`char`,`char`)) FROM t1 where c1 = 1;
WARNING:  invalid input syntax for type numeric: "62.345*67-89"
CONTEXT:  referenced column: pg_typeof
WARNING:  invalid input syntax for type numeric: "62.345*67-89"
CONTEXT:  referenced column: pg_typeof
 pg_typeof 
-----------
 number
(1 row)

SELECT pg_typeof(power(`varchar`,`varchar`)) FROM t1 where c1 = 1;
WARNING:  invalid input syntax for type numeric: "62.345*67-89"
CONTEXT:  referenced column: pg_typeof
WARNING:  invalid input syntax for type numeric: "62.345*67-89"
CONTEXT:  referenced column: pg_typeof
 pg_typeof 
-----------
 number
(1 row)

SELECT pg_typeof(power(`binary`,`binary`)) FROM t1 where c1 = 1;
WARNING:  invalid input syntax for type double precision: "67890 - 12345 = 55545"
CONTEXT:  referenced column: pg_typeof
WARNING:  invalid input syntax for type double precision: "67890 - 12345 = 55545"
CONTEXT:  referenced column: pg_typeof
ERROR:  value out of range: overflow
CONTEXT:  referenced column: pg_typeof
SELECT pg_typeof(power(`varbinary`,`varbinary`)) FROM t1 where c1 = 1;
WARNING:  invalid input syntax for type double precision: "67890 - 12345 = 55545"
CONTEXT:  referenced column: pg_typeof
WARNING:  invalid input syntax for type double precision: "67890 - 12345 = 55545"
CONTEXT:  referenced column: pg_typeof
ERROR:  value out of range: overflow
CONTEXT:  referenced column: pg_typeof
SELECT pg_typeof(power(`tinyblob`,`tinyblob`)) FROM t1 where c1 = 1;
WARNING:  invalid input syntax for type double precision: "67890 - 12345 = 55545"
CONTEXT:  referenced column: pg_typeof
WARNING:  invalid input syntax for type double precision: "67890 - 12345 = 55545"
CONTEXT:  referenced column: pg_typeof
ERROR:  value out of range: overflow
CONTEXT:  referenced column: pg_typeof
SELECT pg_typeof(power(`blob`,`blob`)) FROM t1 where c1 = 1;
WARNING:  invalid input syntax for type double precision: "67890 - 12345 = 55545"
CONTEXT:  referenced column: pg_typeof
WARNING:  invalid input syntax for type double precision: "67890 - 12345 = 55545"
CONTEXT:  referenced column: pg_typeof
ERROR:  value out of range: overflow
CONTEXT:  referenced column: pg_typeof
SELECT pg_typeof(power(`mediumblob`,`mediumblob`)) FROM t1 where c1 = 1;
WARNING:  invalid input syntax for type double precision: "67890 - 12345 = 55545"
CONTEXT:  referenced column: pg_typeof
WARNING:  invalid input syntax for type double precision: "67890 - 12345 = 55545"
CONTEXT:  referenced column: pg_typeof
ERROR:  value out of range: overflow
CONTEXT:  referenced column: pg_typeof
SELECT pg_typeof(power(`longblob`,`longblob`)) FROM t1 where c1 = 1;
WARNING:  invalid input syntax for type double precision: "67890 - 12345 = 55545"
CONTEXT:  referenced column: pg_typeof
WARNING:  invalid input syntax for type double precision: "67890 - 12345 = 55545"
CONTEXT:  referenced column: pg_typeof
ERROR:  value out of range: overflow
CONTEXT:  referenced column: pg_typeof
SELECT pg_typeof(power(`text`,`text`)) FROM t1 where c1 = 1;
WARNING:  invalid input syntax for type numeric: "67890 - 12345 = 55545"
CONTEXT:  referenced column: pg_typeof
WARNING:  invalid input syntax for type numeric: "67890 - 12345 = 55545"
CONTEXT:  referenced column: pg_typeof
ERROR:  value overflows numeric format
CONTEXT:  referenced column: pg_typeof
drop table t1;
create table bit_test (`bit1` bit(1), `bit6` bit(6), `bit8` bit(8), `bit15` bit(15), `bit16` bit(16));
insert into bit_test values (1, 0x33, 0x68, 0x4d45, 0x5400);
select rand(`bit1`), rand(`bit6`), rand(`bit8`), rand(`bit15`), rand(`bit16`) from bit_test;
        rand         |        rand        |        rand        |        rand        |        rand        
---------------------+--------------------+--------------------+--------------------+--------------------
 0.04163034446537495 | 0.5817457777447999 | 0.7342681372538209 | 0.5112957498058677 | 0.9036735808476806
(1 row)

select round(`bit1`), round(`bit6`), round(`bit8`), round(`bit15`), round(`bit16`) from bit_test;
 round | round | round | round | round 
-------+-------+-------+-------+-------
     1 |    51 |   104 | 19781 | 21504
(1 row)

drop table bit_test;
drop schema db_test_rand_func cascade;
reset bytea_output;
reset dolphin.sql_mode;
reset dolphin.b_compatibility_mode;
reset current_schema;
