drop database if exists db_soundex;
NOTICE:  database "db_soundex" does not exist, skipping
create database db_soundex dbcompatibility 'B';
\c db_soundex
select soundex('abc');
 soundex 
---------
 A120
(1 row)

select soundex(10);
 soundex 
---------
 
(1 row)

select soundex('afdsbfdlsafs');
  soundex   
------------
 A132134212
(1 row)

select soundex('dslfaalskf222122');
 soundex 
---------
 D241421
(1 row)

select soundex('dadfa353dadf333ff');
 soundex 
---------
 D131
(1 row)

select soundex('hell');
 soundex 
---------
 H400
(1 row)

select 'ibc' sounds like 'abc';
 soundex_difference 
--------------------
                  0
(1 row)

select 'aws' sounds like '10';
 soundex_difference 
--------------------
                  0
(1 row)

select 'aftcbtlxpz' sounds like 'afdsbfdlsafs';
 soundex_difference 
--------------------
                  1
(1 row)

select 'zie' sounds like 'dslfaalskf222122';
 soundex_difference 
--------------------
                  0
(1 row)

select 'adfidf' sounds like 'dadfa353dadf333ff';
 soundex_difference 
--------------------
                  0
(1 row)

select 'hill' sounds like 'hell';
 soundex_difference 
--------------------
                  1
(1 row)

select '中Adfab' sounds like '@adp';
 soundex_difference 
--------------------
                  1
(1 row)

select 1 sounds like 2;
 soundex_difference 
--------------------
                  1
(1 row)

select true sounds like 3;
ERROR:  function pg_catalog.soundex_difference(boolean, integer) does not exist
LINE 1: select true sounds like 3;
                    ^
HINT:  No function matches the given name and argument types. You might need to add explicit type casts.
CONTEXT:  referenced column: soundex_difference
select 2.2 sounds like false;
ERROR:  function pg_catalog.soundex_difference(numeric, boolean) does not exist
LINE 1: select 2.2 sounds like false;
                   ^
HINT:  No function matches the given name and argument types. You might need to add explicit type casts.
CONTEXT:  referenced column: soundex_difference
\c postgres
drop database if exists db_soundex;
