drop database if exists mysql_test;
NOTICE:  database "mysql_test" does not exist, skipping
create database mysql_test dbcompatibility 'b';
\c mysql_test
create extension b_sql_plugin;
--验证text类型
drop table if exists tb_db_b_parser_0001;
NOTICE:  table "tb_db_b_parser_0001" does not exist, skipping
create table tb_db_b_parser_0001(a text(10),b tinytext,c mediumtext,d longtext);
--验证默认精度类型 decimal/number/dec/numeric
drop table if exists tb_db_b_parser_0002;
NOTICE:  table "tb_db_b_parser_0002" does not exist, skipping
create table tb_db_b_parser_0002(a decimal, b number, c dec, d numeric);
\d tb_db_b_parser_0002
 Table "public.tb_db_b_parser_0002"
 Column |     Type      | Modifiers 
--------+---------------+-----------
 a      | numeric(10,0) | 
 b      | numeric(10,0) | 
 c      | numeric(10,0) | 
 d      | numeric(10,0) | 

--验证float4(n)和double类型
drop table if exists tb_default_float;
NOTICE:  table "tb_default_float" does not exist, skipping
create table tb_default_float(a float4(10));
\d tb_default_float
Table "public.tb_default_float"
 Column | Type | Modifiers 
--------+------+-----------
 a      | real | 

drop table if exists tb_default_double;
NOTICE:  table "tb_default_double" does not exist, skipping
create table tb_default_double(a double);
\d tb_default_double
   Table "public.tb_default_double"
 Column |       Type       | Modifiers 
--------+------------------+-----------
 a      | double precision | 

--验证real和float类型
drop table if exists tb_real_float;
NOTICE:  table "tb_real_float" does not exist, skipping
create table tb_real_float(a real, b float);
\d tb_real_float
Table "public.tb_real_float"
 Column | Type | Modifiers 
--------+------+-----------
 a      | real | 
 b      | real | 

drop table if exists tb_db_b_parser_0002;
drop table if exists tb_default_float;
drop table if exists tb_default_double;
drop table if exists tb_real_float;
\c postgres
drop database if exists mysql_test;
