drop database if exists b_databaselock;
NOTICE:  database "b_databaselock" does not exist, skipping
create database b_databaselock dbcompatibility 'b';
\c b_databaselock
--failed
select get_lock('slock',999999999999999999999999999999999999999999999.99999::numeric(50,5));
 get_lock 
----------
        1
(1 row)

--failed
select get_lock('slock',-999999999999999999999999999999999999999999999.99999::numeric(50,5));
 get_lock 
----------
        1
(1 row)

--failed
select get_lock('slock',-999999999999999999999999999999999999999999999999999999999999999999999999999999999999999999999999999999999999999999999);
 get_lock 
----------
        1
(1 row)

--failed
select get_lock('slock',999999999999999999999999999999999999999999999999999999999999999999999999999999999999999999999999999999999999999999999);
 get_lock 
----------
        1
(1 row)

select get_lock('slock',1.999999999999999999999999999999999999999999999999999999999999999999999999999999999999999999999999999999999999999999999::real);
 get_lock 
----------
        1
(1 row)

select get_lock('slock',1.999999999999999999999999999999999999999999999999999999999999999999999999999999999999999999999999999999999999999999999::double precision);
 get_lock 
----------
        1
(1 row)

select get_lock('slock',1.999999999999999999999999999999999999999999999999999999999999999999999999999999999999999999999999999999999999999999999::smallint);
 get_lock 
----------
        1
(1 row)

select get_lock('slock',1.999999999999999999999999999999999999999999999999999999999999999999999999999999999999999999999999999999999999999999999::integer);
 get_lock 
----------
        1
(1 row)

select get_lock('slock',1.999999999999999999999999999999999999999999999999999999999999999999999999999999999999999999999999999999999999999999999::decimal(10,5));
 get_lock 
----------
        1
(1 row)

select get_lock('slock',1.999999999999999999999999999999999999999999999999999999999999999999999999999999999999999999999999999999999999999999999::numeric(10,5));
 get_lock 
----------
        1
(1 row)

select get_lock('slock',-1.999999999999999999999999999999999999999999999999999999999999999999999999999999999999999999999999999999999999999999999::real);
 get_lock 
----------
        1
(1 row)

select get_lock('slock',-1.999999999999999999999999999999999999999999999999999999999999999999999999999999999999999999999999999999999999999999999::double precision);
 get_lock 
----------
        1
(1 row)

select get_lock('slock',-1.999999999999999999999999999999999999999999999999999999999999999999999999999999999999999999999999999999999999999999999::smallint);
 get_lock 
----------
        1
(1 row)

select get_lock('slock',-1.999999999999999999999999999999999999999999999999999999999999999999999999999999999999999999999999999999999999999999999::integer);
 get_lock 
----------
        1
(1 row)

select get_lock('slock',-1.999999999999999999999999999999999999999999999999999999999999999999999999999999999999999999999999999999999999999999999::decimal(10,5));
 get_lock 
----------
        1
(1 row)

select get_lock('slock',-1.999999999999999999999999999999999999999999999999999999999999999999999999999999999999999999999999999999999999999999999::numeric(10,5));
 get_lock 
----------
        1
(1 row)

\c postgres
drop database if exists b_databaselock;
