drop database if exists b_databaselock;
NOTICE:  database "b_databaselock" does not exist, skipping
create database b_databaselock dbcompatibility 'b';
\c b_databaselock
--all succeed
select get_lock('`');
 get_lock 
----------
        1
(1 row)

select get_lock('~');
 get_lock 
----------
        1
(1 row)

select get_lock('!');
 get_lock 
----------
        1
(1 row)

select get_lock('@');
 get_lock 
----------
        1
(1 row)

select get_lock('#');
 get_lock 
----------
        1
(1 row)

select get_lock('$');
 get_lock 
----------
        1
(1 row)

select get_lock('%');
 get_lock 
----------
        1
(1 row)

select get_lock('^');
 get_lock 
----------
        1
(1 row)

select get_lock('&');
 get_lock 
----------
        1
(1 row)

select get_lock('*');
 get_lock 
----------
        1
(1 row)

select get_lock('(');
 get_lock 
----------
        1
(1 row)

select get_lock(')');
 get_lock 
----------
        1
(1 row)

select get_lock('[');
 get_lock 
----------
        1
(1 row)

select get_lock(']');
 get_lock 
----------
        1
(1 row)

select get_lock('{');
 get_lock 
----------
        1
(1 row)

select get_lock('}');
 get_lock 
----------
        1
(1 row)

select get_lock('-');
 get_lock 
----------
        1
(1 row)

select get_lock('_');
 get_lock 
----------
        1
(1 row)

select get_lock('=');
 get_lock 
----------
        1
(1 row)

select get_lock('+');
 get_lock 
----------
        1
(1 row)

select get_lock('\');
 get_lock 
----------
        1
(1 row)

select get_lock('|');
 get_lock 
----------
        1
(1 row)

select get_lock(';');
 get_lock 
----------
        1
(1 row)

select get_lock(':');
 get_lock 
----------
        1
(1 row)

select get_lock('""""');
 get_lock 
----------
        1
(1 row)

select get_lock(',');
 get_lock 
----------
        1
(1 row)

select get_lock('.');
 get_lock 
----------
        1
(1 row)

select get_lock('/');
 get_lock 
----------
        1
(1 row)

select get_lock('<');
 get_lock 
----------
        1
(1 row)

select get_lock('>');
 get_lock 
----------
        1
(1 row)

select get_lock('?');
 get_lock 
----------
        1
(1 row)

select get_lock('`',1);
 get_lock 
----------
        1
(1 row)

select get_lock('~',1);
 get_lock 
----------
        1
(1 row)

select get_lock('!',1);
 get_lock 
----------
        1
(1 row)

select get_lock('@',1);
 get_lock 
----------
        1
(1 row)

select get_lock('#',1);
 get_lock 
----------
        1
(1 row)

select get_lock('$',1);
 get_lock 
----------
        1
(1 row)

select get_lock('%',1);
 get_lock 
----------
        1
(1 row)

select get_lock('^',1);
 get_lock 
----------
        1
(1 row)

select get_lock('&',1);
 get_lock 
----------
        1
(1 row)

select get_lock('*',1);
 get_lock 
----------
        1
(1 row)

select get_lock('(',1);
 get_lock 
----------
        1
(1 row)

select get_lock(')',1);
 get_lock 
----------
        1
(1 row)

select get_lock('[',1);
 get_lock 
----------
        1
(1 row)

select get_lock(']',1);
 get_lock 
----------
        1
(1 row)

select get_lock('{',1);
 get_lock 
----------
        1
(1 row)

select get_lock('}',1);
 get_lock 
----------
        1
(1 row)

select get_lock('-',1);
 get_lock 
----------
        1
(1 row)

select get_lock('_',1);
 get_lock 
----------
        1
(1 row)

select get_lock('=',1);
 get_lock 
----------
        1
(1 row)

select get_lock('+',1);
 get_lock 
----------
        1
(1 row)

select get_lock('\',1);
 get_lock 
----------
        1
(1 row)

select get_lock('|',1);
 get_lock 
----------
        1
(1 row)

select get_lock(';',1);
 get_lock 
----------
        1
(1 row)

select get_lock(':',1);
 get_lock 
----------
        1
(1 row)

select get_lock('""""',1);
 get_lock 
----------
        1
(1 row)

select get_lock(',',1);
 get_lock 
----------
        1
(1 row)

select get_lock('.',1);
 get_lock 
----------
        1
(1 row)

select get_lock('/',1);
 get_lock 
----------
        1
(1 row)

select get_lock('<',1);
 get_lock 
----------
        1
(1 row)

select get_lock('>',1);
 get_lock 
----------
        1
(1 row)

select get_lock('?',1);
 get_lock 
----------
        1
(1 row)

select get_lock('·');
 get_lock 
----------
        1
(1 row)

select get_lock('~');
 get_lock 
----------
        1
(1 row)

select get_lock('！');
 get_lock 
----------
        1
(1 row)

select get_lock('@');
 get_lock 
----------
        1
(1 row)

select get_lock('#');
 get_lock 
----------
        1
(1 row)

select get_lock('￥');
 get_lock 
----------
        1
(1 row)

select get_lock('%');
 get_lock 
----------
        1
(1 row)

select get_lock('……');
 get_lock 
----------
        1
(1 row)

select get_lock('&');
 get_lock 
----------
        1
(1 row)

select get_lock('*');
 get_lock 
----------
        1
(1 row)

select get_lock('（');
 get_lock 
----------
        1
(1 row)

select get_lock('）');
 get_lock 
----------
        1
(1 row)

select get_lock('-');
 get_lock 
----------
        1
(1 row)

select get_lock('——');
 get_lock 
----------
        1
(1 row)

select get_lock('=');
 get_lock 
----------
        1
(1 row)

select get_lock('+');
 get_lock 
----------
        1
(1 row)

select get_lock('【');
 get_lock 
----------
        1
(1 row)

select get_lock('】');
 get_lock 
----------
        1
(1 row)

select get_lock('{');
 get_lock 
----------
        1
(1 row)

select get_lock('}');
 get_lock 
----------
        1
(1 row)

select get_lock('、');
 get_lock 
----------
        1
(1 row)

select get_lock('|');
 get_lock 
----------
        1
(1 row)

select get_lock('；');
 get_lock 
----------
        1
(1 row)

select get_lock('：');
 get_lock 
----------
        1
(1 row)

select get_lock('‘');
 get_lock 
----------
        1
(1 row)

select get_lock('“');
 get_lock 
----------
        1
(1 row)

select get_lock('”');
 get_lock 
----------
        1
(1 row)

select get_lock('，');
 get_lock 
----------
        1
(1 row)

select get_lock('《');
 get_lock 
----------
        1
(1 row)

select get_lock('。');
 get_lock 
----------
        1
(1 row)

select get_lock('》');
 get_lock 
----------
        1
(1 row)

select get_lock('/');
 get_lock 
----------
        1
(1 row)

select get_lock('？');
 get_lock 
----------
        1
(1 row)

select get_lock('·',1);
 get_lock 
----------
        1
(1 row)

select get_lock('~',1);
 get_lock 
----------
        1
(1 row)

select get_lock('！',1);
 get_lock 
----------
        1
(1 row)

select get_lock('@',1);
 get_lock 
----------
        1
(1 row)

select get_lock('#',1);
 get_lock 
----------
        1
(1 row)

select get_lock('￥',1);
 get_lock 
----------
        1
(1 row)

select get_lock('%',1);
 get_lock 
----------
        1
(1 row)

select get_lock('……',1);
 get_lock 
----------
        1
(1 row)

select get_lock('&',1);
 get_lock 
----------
        1
(1 row)

select get_lock('*',1);
 get_lock 
----------
        1
(1 row)

select get_lock('（',1);
 get_lock 
----------
        1
(1 row)

select get_lock('）',1);
 get_lock 
----------
        1
(1 row)

select get_lock('-',1);
 get_lock 
----------
        1
(1 row)

select get_lock('——',1);
 get_lock 
----------
        1
(1 row)

select get_lock('=',1);
 get_lock 
----------
        1
(1 row)

select get_lock('+',1);
 get_lock 
----------
        1
(1 row)

select get_lock('【',1);
 get_lock 
----------
        1
(1 row)

select get_lock('】',1);
 get_lock 
----------
        1
(1 row)

select get_lock('{',1);
 get_lock 
----------
        1
(1 row)

select get_lock('}',1);
 get_lock 
----------
        1
(1 row)

select get_lock('、',1);
 get_lock 
----------
        1
(1 row)

select get_lock('|',1);
 get_lock 
----------
        1
(1 row)

select get_lock('；',1);
 get_lock 
----------
        1
(1 row)

select get_lock('：',1);
 get_lock 
----------
        1
(1 row)

select get_lock('‘',1);
 get_lock 
----------
        1
(1 row)

select get_lock('“',1);
 get_lock 
----------
        1
(1 row)

select get_lock('”',1);
 get_lock 
----------
        1
(1 row)

select get_lock('，',1);
 get_lock 
----------
        1
(1 row)

select get_lock('《',1);
 get_lock 
----------
        1
(1 row)

select get_lock('。',1);
 get_lock 
----------
        1
(1 row)

select get_lock('》',1);
 get_lock 
----------
        1
(1 row)

select get_lock('/',1);
 get_lock 
----------
        1
(1 row)

select get_lock('？',1);
 get_lock 
----------
        1
(1 row)

\c postgres
drop database if exists b_databaselock;
