drop database if exists b_databaselock;
NOTICE:  database "b_databaselock" does not exist, skipping
create database b_databaselock dbcompatibility 'b';
\c b_databaselock
select is_free_lock('`');
 is_free_lock 
--------------
            1
(1 row)

select is_free_lock('~');
 is_free_lock 
--------------
            1
(1 row)

select is_free_lock('!');
 is_free_lock 
--------------
            1
(1 row)

select is_free_lock('@');
 is_free_lock 
--------------
            1
(1 row)

select is_free_lock('#');
 is_free_lock 
--------------
            1
(1 row)

select is_free_lock('$');
 is_free_lock 
--------------
            1
(1 row)

select is_free_lock('%');
 is_free_lock 
--------------
            1
(1 row)

select is_free_lock('^');
 is_free_lock 
--------------
            1
(1 row)

select is_free_lock('&');
 is_free_lock 
--------------
            1
(1 row)

select is_free_lock('*');
 is_free_lock 
--------------
            1
(1 row)

select is_free_lock('(');
 is_free_lock 
--------------
            1
(1 row)

select is_free_lock(')');
 is_free_lock 
--------------
            1
(1 row)

select is_free_lock('[');
 is_free_lock 
--------------
            1
(1 row)

select is_free_lock(']');
 is_free_lock 
--------------
            1
(1 row)

select is_free_lock('{');
 is_free_lock 
--------------
            1
(1 row)

select is_free_lock('}');
 is_free_lock 
--------------
            1
(1 row)

select is_free_lock('-');
 is_free_lock 
--------------
            1
(1 row)

select is_free_lock('_');
 is_free_lock 
--------------
            1
(1 row)

select is_free_lock('=');
 is_free_lock 
--------------
            1
(1 row)

select is_free_lock('+');
 is_free_lock 
--------------
            1
(1 row)

select is_free_lock('\');
 is_free_lock 
--------------
            1
(1 row)

select is_free_lock('|');
 is_free_lock 
--------------
            1
(1 row)

select is_free_lock(';');
 is_free_lock 
--------------
            1
(1 row)

select is_free_lock(':');
 is_free_lock 
--------------
            1
(1 row)

select is_free_lock('""""');
 is_free_lock 
--------------
            1
(1 row)

select is_free_lock(',');
 is_free_lock 
--------------
            1
(1 row)

select is_free_lock('.');
 is_free_lock 
--------------
            1
(1 row)

select is_free_lock('/');
 is_free_lock 
--------------
            1
(1 row)

select is_free_lock('<');
 is_free_lock 
--------------
            1
(1 row)

select is_free_lock('>');
 is_free_lock 
--------------
            1
(1 row)

select is_free_lock('?');
 is_free_lock 
--------------
            1
(1 row)

select is_free_lock('·');
 is_free_lock 
--------------
            1
(1 row)

select is_free_lock('~');
 is_free_lock 
--------------
            1
(1 row)

select is_free_lock('！');
 is_free_lock 
--------------
            1
(1 row)

select is_free_lock('@');
 is_free_lock 
--------------
            1
(1 row)

select is_free_lock('#');
 is_free_lock 
--------------
            1
(1 row)

select is_free_lock('￥');
 is_free_lock 
--------------
            1
(1 row)

select is_free_lock('%');
 is_free_lock 
--------------
            1
(1 row)

select is_free_lock('……');
 is_free_lock 
--------------
            1
(1 row)

select is_free_lock('&');
 is_free_lock 
--------------
            1
(1 row)

select is_free_lock('*');
 is_free_lock 
--------------
            1
(1 row)

select is_free_lock('（');
 is_free_lock 
--------------
            1
(1 row)

select is_free_lock('）');
 is_free_lock 
--------------
            1
(1 row)

select is_free_lock('-');
 is_free_lock 
--------------
            1
(1 row)

select is_free_lock('——');
 is_free_lock 
--------------
            1
(1 row)

select is_free_lock('=');
 is_free_lock 
--------------
            1
(1 row)

select is_free_lock('+');
 is_free_lock 
--------------
            1
(1 row)

select is_free_lock('【');
 is_free_lock 
--------------
            1
(1 row)

select is_free_lock('】');
 is_free_lock 
--------------
            1
(1 row)

select is_free_lock('{');
 is_free_lock 
--------------
            1
(1 row)

select is_free_lock('}');
 is_free_lock 
--------------
            1
(1 row)

select is_free_lock('、');
 is_free_lock 
--------------
            1
(1 row)

select is_free_lock('|');
 is_free_lock 
--------------
            1
(1 row)

select is_free_lock('；');
 is_free_lock 
--------------
            1
(1 row)

select is_free_lock('：');
 is_free_lock 
--------------
            1
(1 row)

select is_free_lock('‘');
 is_free_lock 
--------------
            1
(1 row)

select is_free_lock('“');
 is_free_lock 
--------------
            1
(1 row)

select is_free_lock('”');
 is_free_lock 
--------------
            1
(1 row)

select is_free_lock('，');
 is_free_lock 
--------------
            1
(1 row)

select is_free_lock('《');
 is_free_lock 
--------------
            1
(1 row)

select is_free_lock('。');
 is_free_lock 
--------------
            1
(1 row)

select is_free_lock('》');
 is_free_lock 
--------------
            1
(1 row)

select is_free_lock('/');
 is_free_lock 
--------------
            1
(1 row)

select is_free_lock('？');
 is_free_lock 
--------------
            1
(1 row)

\c postgres
drop database if exists b_databaselock;
