-- Tests for package GMS_RANDOM
SET behavior_compat_options='display_leading_zero';
SELECT gms_random.value()::numeric(10, 8);
--?.*
--?.*
--?.*
(1 row)

SELECT gms_random.value(10, 20)::numeric(10, 8);
--?.*
--?.*
--?.*
(1 row)

SELECT gms_random.normal()::numeric(10, 8);
--?.*
--?.*
--?.*
(1 row)

SELECT gms_random.initialize(8);
 initialize 
------------
 
(1 row)

SELECT gms_random.normal()::numeric(10, 8);
   normal   
------------
 0.93473331
(1 row)

SELECT gms_random.normal()::numeric(10, 8);
   normal   
------------
 1.24846096
(1 row)

SELECT gms_random.seed(8);
 seed 
------
 
(1 row)

SELECT gms_random.random();
   random   
------------
 1396023812
(1 row)

SELECT gms_random.seed('test');
 seed 
------
 
(1 row)

SELECT gms_random.string('U',5);
 string 
--------
 EKYFB
(1 row)

SELECT gms_random.string('P',2);
 string 
--------
 2;
(1 row)

SELECT gms_random.string('x',4);
 string 
--------
 79VW
(1 row)

SELECT gms_random.string('a',2);
 string 
--------
 iu
(1 row)

SELECT gms_random.string('l',3);
 string 
--------
 csk
(1 row)

SELECT gms_random.seed(5);
 seed 
------
 
(1 row)

SELECT gms_random.value()::numeric(10, 8);
   value    
------------
 0.56540745
(1 row)

SELECT gms_random.value(10,15)::numeric(10, 8);
    value    
-------------
 11.88223150
(1 row)

SELECT gms_random.terminate();
 terminate 
-----------
 
(1 row)

