drop database if exists mysqllock;
NOTICE:  database "mysqllock" does not exist, skipping
create database mysqllock dbcompatibility 'b';
\c mysqllock
create extension dolphin;
select release_lock('`');
 release_lock 
--------------
             
(1 row)

select release_lock('~');
 release_lock 
--------------
             
(1 row)

select release_lock('!');
 release_lock 
--------------
             
(1 row)

select release_lock('@');
 release_lock 
--------------
             
(1 row)

select release_lock('#');
 release_lock 
--------------
             
(1 row)

select release_lock('$');
 release_lock 
--------------
             
(1 row)

select release_lock('%');
 release_lock 
--------------
             
(1 row)

select release_lock('^');
 release_lock 
--------------
             
(1 row)

select release_lock('&');
 release_lock 
--------------
             
(1 row)

select release_lock('*');
 release_lock 
--------------
             
(1 row)

select release_lock('(');
 release_lock 
--------------
             
(1 row)

select release_lock(')');
 release_lock 
--------------
             
(1 row)

select release_lock('[');
 release_lock 
--------------
             
(1 row)

select release_lock(']');
 release_lock 
--------------
             
(1 row)

select release_lock('{');
 release_lock 
--------------
             
(1 row)

select release_lock('}');
 release_lock 
--------------
             
(1 row)

select release_lock('-');
 release_lock 
--------------
             
(1 row)

select release_lock('_');
 release_lock 
--------------
             
(1 row)

select release_lock('=');
 release_lock 
--------------
             
(1 row)

select release_lock('+');
 release_lock 
--------------
             
(1 row)

select release_lock('\');
 release_lock 
--------------
             
(1 row)

select release_lock('|');
 release_lock 
--------------
             
(1 row)

select release_lock(';');
 release_lock 
--------------
             
(1 row)

select release_lock(':');
 release_lock 
--------------
             
(1 row)

select release_lock('""""');
 release_lock 
--------------
             
(1 row)

select release_lock(',');
 release_lock 
--------------
             
(1 row)

select release_lock('.');
 release_lock 
--------------
             
(1 row)

select release_lock('/');
 release_lock 
--------------
             
(1 row)

select release_lock('<');
 release_lock 
--------------
             
(1 row)

select release_lock('>');
 release_lock 
--------------
             
(1 row)

select release_lock('?');
 release_lock 
--------------
             
(1 row)

select release_lock('·');
 release_lock 
--------------
             
(1 row)

select release_lock('~');
 release_lock 
--------------
             
(1 row)

select release_lock('！');
 release_lock 
--------------
             
(1 row)

select release_lock('@');
 release_lock 
--------------
             
(1 row)

select release_lock('#');
 release_lock 
--------------
             
(1 row)

select release_lock('￥');
 release_lock 
--------------
             
(1 row)

select release_lock('%');
 release_lock 
--------------
             
(1 row)

select release_lock('……');
 release_lock 
--------------
             
(1 row)

select release_lock('&');
 release_lock 
--------------
             
(1 row)

select release_lock('*');
 release_lock 
--------------
             
(1 row)

select release_lock('（');
 release_lock 
--------------
             
(1 row)

select release_lock('）');
 release_lock 
--------------
             
(1 row)

select release_lock('-');
 release_lock 
--------------
             
(1 row)

select release_lock('——');
 release_lock 
--------------
             
(1 row)

select release_lock('=');
 release_lock 
--------------
             
(1 row)

select release_lock('+');
 release_lock 
--------------
             
(1 row)

select release_lock('【');
 release_lock 
--------------
             
(1 row)

select release_lock('】');
 release_lock 
--------------
             
(1 row)

select release_lock('{');
 release_lock 
--------------
             
(1 row)

select release_lock('}');
 release_lock 
--------------
             
(1 row)

select release_lock('、');
 release_lock 
--------------
             
(1 row)

select release_lock('|');
 release_lock 
--------------
             
(1 row)

select release_lock('；');
 release_lock 
--------------
             
(1 row)

select release_lock('：');
 release_lock 
--------------
             
(1 row)

select release_lock('‘');
 release_lock 
--------------
             
(1 row)

select release_lock('“');
 release_lock 
--------------
             
(1 row)

select release_lock('”');
 release_lock 
--------------
             
(1 row)

select release_lock('，');
 release_lock 
--------------
             
(1 row)

select release_lock('《');
 release_lock 
--------------
             
(1 row)

select release_lock('。');
 release_lock 
--------------
             
(1 row)

select release_lock('》');
 release_lock 
--------------
             
(1 row)

select release_lock('/');
 release_lock 
--------------
             
(1 row)

select release_lock('？');
 release_lock 
--------------
             
(1 row)

\c postgres
drop database if exists mysqllock;
