/*
 * Licensed to the Apache Software Foundation (ASF) under one
 * or more contributor license agreements.  See the NOTICE file
 * distributed with this work for additional information
 * regarding copyright ownership.  The ASF licenses this file
 * to you under the Apache License, Version 2.0 (the
 * "License"); you may not use this file except in compliance
 * with the License.  You may obtain a copy of the License at
 *
 * http://www.apache.org/licenses/LICENSE-2.0
 *
 * Unless required by applicable law or agreed to in writing,
 * software distributed under the License is distributed on an
 * "AS IS" BASIS, WITHOUT WARRANTIES OR CONDITIONS OF ANY
 * KIND, either express or implied.  See the License for the
 * specific language governing permissions and limitations
 * under the License.
 */
LOAD 'age';
SET search_path TO ag_catalog;
SELECT create_graph('cypher_with');
NOTICE:  CREATE TABLE / PRIMARY KEY will create implicit index "_ag_label_vertex_pkey" for table "_ag_label_vertex"
CONTEXT:  referenced column: create_graph
NOTICE:  CREATE TABLE / PRIMARY KEY will create implicit index "_ag_label_edge_pkey" for table "_ag_label_edge"
CONTEXT:  referenced column: create_graph
NOTICE:  graph "cypher_with" has been created
CONTEXT:  referenced column: create_graph
 create_graph 
--------------
 
(1 row)

SELECT * FROM cypher('cypher_with', $$
WITH true AS b
RETURN b
$$) AS (b bool);
 b 
---
 t
(1 row)

-- Expression item must be aliased.
SELECT * FROM cypher('cypher_with', $$
WITH 1 + 1
RETURN i
$$) AS (i int);
ERROR:  expression item must be aliased
LINE 2: WITH 1 + 1
             ^
HINT:  Items can be aliased by using AS.
SELECT drop_graph('cypher_with', true);
NOTICE:  drop cascades to 2 other objects
DETAIL:  drop cascades to table cypher_with._ag_label_vertex
drop cascades to table cypher_with._ag_label_edge
CONTEXT:  referenced column: drop_graph
NOTICE:  graph "cypher_with" has been dropped
CONTEXT:  referenced column: drop_graph
 drop_graph 
------------
 
(1 row)

