create schema blob_with_parameter;
set current_schema = blob_with_parameter;
create table t_bb(a blob(255), b blob(256), c blob(65535), d blob(65536));
\d t_bb;
Table "blob_with_parameter.t_bb"
 Column |    Type    | Modifiers 
--------+------------+-----------
 a      | tinyblob   | 
 b      | blob       | 
 c      | blob       | 
 d      | mediumblob | 

create table t1(a blob(0), b blob(16777215), c blob(16777216), d blob(4294967295));
\d t1;
 Table "blob_with_parameter.t1"
 Column |    Type    | Modifiers 
--------+------------+-----------
 a      | tinyblob   | 
 b      | mediumblob | 
 c      | longblob   | 
 d      | longblob   | 

create table t2(a blob(4294967295.5));
\d t2;
Table "blob_with_parameter.t2"
 Column |   Type   | Modifiers 
--------+----------+-----------
 a      | longblob | 

-- error
create table t3(a blob(-1));
ERROR:  Out of range for the parameter value of blob(n)
create table t3(a blob(4294967296));
ERROR:  Out of range for the parameter value of blob(n)
create table t3(a blob(-0.1));
ERROR:  Out of range for the parameter value of blob(n)
create table t3(a blob(4294967296.1));
ERROR:  Out of range for the parameter value of blob(n)
create table t3(a blob('1'));
ERROR:  Invalid parameter for blob(n)
create table t3(a blob('1.1'));
ERROR:  Invalid parameter for blob(n)
create table t3(a blob(a));
ERROR:  Invalid parameter for blob(n)
create table t3(a blob('a'));
ERROR:  Invalid parameter for blob(n)
drop table t_bb;
drop table t1;
drop table t2;
reset current_schema;
drop schema blob_with_parameter;
