create schema db_b_parser3;
set current_schema to 'db_b_parser3';
--测试点一：验证lcase函数
select lcase('ABc'), lcase('哈哈'), lcase('123456'),lcase('哈市&%%￥#'),lcase(null);
 lcase | lcase | lcase  |   lcase    | lcase 
-------+-------+--------+------------+-------
 abc   | 哈哈  | 123456 | 哈市&%%￥# | 
(1 row)

--测试点二：验证lower函数
select lower('ABc'), lower('哈哈'), lower('123456'),lower('哈市&%%￥#'),lower(null);
 lower | lower | lower  |   lower    | lower 
-------+-------+--------+------------+-------
 abc   | 哈哈  | 123456 | 哈市&%%￥# | 
(1 row)

--测试点三：验证ucase函数
select ucase('ABc'), ucase('哈哈'), ucase('123456'),ucase('哈市&%%￥#'),ucase(null);
 ucase | ucase | ucase  |   ucase    | ucase 
-------+-------+--------+------------+-------
 ABC   | 哈哈  | 123456 | 哈市&%%￥# | 
(1 row)

select upper('ABc'), upper('哈哈'), upper('123456'),upper('哈市&%%￥#'),upper(null);
 upper | upper | upper  |   upper    | upper 
-------+-------+--------+------------+-------
 ABC   | 哈哈  | 123456 | 哈市&%%￥# | 
(1 row)

--测试点四：验证rand和random函数
-- select rand(), random();--不显示小数点前的0
-- set behavior_compat_options := 'display_leading_zero';
-- select rand(), random();--显示小数点前的0
--测试点五：验证truncate函数
select truncate(111.28);--返回111
ERROR:  function truncate(numeric) does not exist
LINE 1: select truncate(111.28);
               ^
HINT:  No function matches the given name and argument types. You might need to add explicit type casts.
CONTEXT:  referenced column: truncate
select truncate(111.28,0);--返回111
 truncate 
----------
      111
(1 row)

select truncate(111.28,1);--返回111.2
 truncate 
----------
    111.2
(1 row)

select truncate(111.28,5);
 truncate  
-----------
 111.28000
(1 row)

select truncate(111.28,500);
                                                                                                                                                                                                                                                         truncate                                                                                                                                                                                                                                                         
--------------------------------------------------------------------------------------------------------------------------------------------------------------------------------------------------------------------------------------------------------------------------------------------------------------------------------------------------------------------------------------------------------------------------------------------------------------------------------------------------------------------------
 111.28000000000000000000000000000000000000000000000000000000000000000000000000000000000000000000000000000000000000000000000000000000000000000000000000000000000000000000000000000000000000000000000000000000000000000000000000000000000000000000000000000000000000000000000000000000000000000000000000000000000000000000000000000000000000000000000000000000000000000000000000000000000000000000000000000000000000000000000000000000000000000000000000000000000000000000000000000000000000000000000000000000000000000000
(1 row)

select truncate(111.28,-1);--返回110
 truncate 
----------
      110
(1 row)

select truncate(111.28,-4);--返回0
 truncate 
----------
        0
(1 row)

select  trunc(111.28),  trunc(111.28,0),  trunc(111.28,1),   trunc(111.28,5),   trunc(111.28,500),   trunc(111.28,-1),    trunc(111.28,-4);
 trunc | trunc | trunc |   trunc   |                                                                                                                                                                                                                                                          trunc                                                                                                                                                                                                                                                           | trunc | trunc 
-------+-------+-------+-----------+--------------------------------------------------------------------------------------------------------------------------------------------------------------------------------------------------------------------------------------------------------------------------------------------------------------------------------------------------------------------------------------------------------------------------------------------------------------------------------------------------------------------------+-------+-------
   111 |   111 | 111.2 | 111.28000 | 111.28000000000000000000000000000000000000000000000000000000000000000000000000000000000000000000000000000000000000000000000000000000000000000000000000000000000000000000000000000000000000000000000000000000000000000000000000000000000000000000000000000000000000000000000000000000000000000000000000000000000000000000000000000000000000000000000000000000000000000000000000000000000000000000000000000000000000000000000000000000000000000000000000000000000000000000000000000000000000000000000000000000000000000000 |   110 |     0
(1 row)

--测试点六：验证current_date
--测试点一：验证:=操作符
--step4:建表;expect:创建成功
drop table if exists tb_db_b_parser0003;
NOTICE:  table "tb_db_b_parser0003" does not exist, skipping
create table tb_db_b_parser0003(a1 int, a2 int);
insert into tb_db_b_parser0003 select generate_series(1,5);
--step5:使用:=(赋值)操作符修改a1列值;
update tb_db_b_parser0003 set a1 := 11;
--step6:使用:=(赋值)操作符同时修改a1,a2列值;
update tb_db_b_parser0003 set (a1,a2) := (12,13);
--step7:使用:=(赋值)操作符,修改参数值;
show io_limits; --默认是0
 io_limits 
-----------
 0
(1 row)

set io_limits := 100;
--alter system set设置参数值
alter system set pagewriter_thread_num := 5;
NOTICE:  please restart the database for the POSTMASTER level parameter to take effect.
--测试点二：验证div操作符
select 8div3;--8
 div3 
------
    8
(1 row)

select 8 div3;--结果为8
 div3 
------
    8
(1 row)

select 8 div 3;
 div 
-----
   2
(1 row)

select 8 div 0;
 div 
-----
    
(1 row)

select 8div 3, 8div 3div2, 8div 3div 2;
 div | div2 | div 
-----+------+-----
   2 |    2 |   1
(1 row)

select 8 div;
ERROR:  syntax error at or near ";"
LINE 1: select 8 div;
                    ^
select 8 as div;
 div 
-----
   8
(1 row)

select div 1;
ERROR:  syntax error at or near "1"
LINE 1: select div 1;
                   ^
select '-12.3abc' div null;
WARNING:  invalid input syntax for type numeric: "-12.3abc"
LINE 1: select '-12.3abc' div null;
               ^
CONTEXT:  referenced column: div
 div 
-----
    
(1 row)

select '-12.3abc' div -100.1;
WARNING:  invalid input syntax for type numeric: "-12.3abc"
LINE 1: select '-12.3abc' div -100.1;
               ^
CONTEXT:  referenced column: div
 div 
-----
   0
(1 row)

select '-12.3abc' div 0;
WARNING:  invalid input syntax for type numeric: "-12.3abc"
LINE 1: select '-12.3abc' div 0;
               ^
CONTEXT:  referenced column: div
 div 
-----
    
(1 row)

select '-12.3abc' div 5;
WARNING:  invalid input syntax for type numeric: "-12.3abc"
LINE 1: select '-12.3abc' div 5;
               ^
CONTEXT:  referenced column: div
 div 
-----
  -2
(1 row)

select '-12.3abc' div 158.3;
WARNING:  invalid input syntax for type numeric: "-12.3abc"
LINE 1: select '-12.3abc' div 158.3;
               ^
CONTEXT:  referenced column: div
 div 
-----
   0
(1 row)

select '-12.3abc' div -8.222e4;
WARNING:  invalid input syntax for type numeric: "-12.3abc"
LINE 1: select '-12.3abc' div -8.222e4;
               ^
CONTEXT:  referenced column: div
 div 
-----
   0
(1 row)

select '-12.3abc' div true;
WARNING:  invalid input syntax for type numeric: "-12.3abc"
LINE 1: select '-12.3abc' div true;
               ^
CONTEXT:  referenced column: div
 div 
-----
 -12
(1 row)

select '-12.3abc' div false;
WARNING:  invalid input syntax for type numeric: "-12.3abc"
LINE 1: select '-12.3abc' div false;
               ^
CONTEXT:  referenced column: div
 div 
-----
    
(1 row)

select '-12.3abc' div 'null';
WARNING:  invalid input syntax for type numeric: "-12.3abc"
LINE 1: select '-12.3abc' div 'null';
               ^
CONTEXT:  referenced column: div
 div 
-----
    
(1 row)

select 123456 div 5 div 4;
 div  
------
 6172
(1 row)

select 8 div 1 where 100 div 3 div 4 = 0;
 div 
-----
(0 rows)

select 8 div 3 where 100 div 3 div 4 > 0;
 div 
-----
   2
(1 row)

set dolphin.b_compatibility_mode to on;
create table tmp_res(a int);
create table div_test(
c1 int1,
c2 int2,
c3 int4,
c4 int8,
c5 uint1,
c6 uint2,
c7 uint4,
c8 uint8,
c9 float,
c10 double,
c11 numeric,
c12 bit,
c13 binary,
c14 interval,
c15 json);
insert into div_test values(0,0,0,0,0,0,0,0,0,0,0,b'0',0,0,'{"0":"0"}');
-- strict mode only, no warning and error
set dolphin.sql_mode = 'sql_mode_strict';
select c1/c1 from div_test;
 ?column? 
----------
         
(1 row)

select c1/c2 from div_test;
 ?column? 
----------
         
(1 row)

select c1/c3 from div_test;
 ?column? 
----------
         
(1 row)

select c1/c4 from div_test;
 ?column? 
----------
         
(1 row)

select c1/c5 from div_test;
 ?column? 
----------
         
(1 row)

select c1/c6 from div_test;
 ?column? 
----------
         
(1 row)

select c1/c7 from div_test;
 ?column? 
----------
         
(1 row)

select c1/c8 from div_test;
 ?column? 
----------
         
(1 row)

select c1/c9 from div_test;
 ?column? 
----------
         
(1 row)

select c1/c10 from div_test;
 ?column? 
----------
         
(1 row)

select c1/c11 from div_test;
 ?column? 
----------
         
(1 row)

select c1/c12 from div_test;
 ?column? 
----------
         
(1 row)

select c1/c13 from div_test;
 ?column? 
----------
         
(1 row)

select c1/c14 from div_test;
 ?column? 
----------
         
(1 row)

select c1/c15 from div_test;
WARNING:  invalid input syntax for type double precision: "{"0":"0"}"
 ?column? 
----------
         
(1 row)

select c1 mod c1 from div_test;
 b_mod 
-------
      
(1 row)

select c1 mod c2 from div_test;
 b_mod 
-------
      
(1 row)

select c1 mod c3 from div_test;
 b_mod 
-------
      
(1 row)

select c1 mod c4 from div_test;
 b_mod 
-------
      
(1 row)

select c1 mod c5 from div_test;
 b_mod 
-------
      
(1 row)

select c1 mod c6 from div_test;
 b_mod 
-------
      
(1 row)

select c1 mod c7 from div_test;
 b_mod 
-------
      
(1 row)

select c1 mod c8 from div_test;
 b_mod 
-------
      
(1 row)

select c1 mod c9 from div_test;
 b_mod 
-------
      
(1 row)

select c1 mod c10 from div_test;
 b_mod 
-------
      
(1 row)

select c1 mod c11 from div_test;
 b_mod 
-------
      
(1 row)

select c1 mod c12 from div_test;
 b_mod 
-------
      
(1 row)

select c1 mod c13 from div_test;
ERROR:  function pg_catalog.b_mod(tinyint, `binary`) does not exist
LINE 1: select c1 mod c13 from div_test;
                  ^
HINT:  No function matches the given name and argument types. You might need to add explicit type casts.
CONTEXT:  referenced column: b_mod
select c1 mod c14 from div_test;
 b_mod 
-------
      
(1 row)

select c1 mod c15 from div_test;
ERROR:  function pg_catalog.b_mod(tinyint, json) does not exist
LINE 1: select c1 mod c15 from div_test;
                  ^
HINT:  No function matches the given name and argument types. You might need to add explicit type casts.
CONTEXT:  referenced column: b_mod
select c1 div c1 from div_test;
 div 
-----
    
(1 row)

select c1 div c2 from div_test;
 div 
-----
    
(1 row)

select c1 div c3 from div_test;
 div 
-----
    
(1 row)

select c1 div c4 from div_test;
 div 
-----
    
(1 row)

select c1 div c5 from div_test;
 div 
-----
    
(1 row)

select c1 div c6 from div_test;
 div 
-----
    
(1 row)

select c1 div c7 from div_test;
 div 
-----
    
(1 row)

select c1 div c8 from div_test;
 div 
-----
    
(1 row)

select c1 div c9 from div_test;
 div 
-----
    
(1 row)

select c1 div c10 from div_test;
 div 
-----
    
(1 row)

select c1 div c11 from div_test;
 div 
-----
    
(1 row)

select c1 div c12 from div_test;
 div 
-----
    
(1 row)

select c1 div c13 from div_test;
ERROR:  function pg_catalog.div(tinyint, `binary`) does not exist
LINE 1: select c1 div c13 from div_test;
                  ^
HINT:  No function matches the given name and argument types. You might need to add explicit type casts.
CONTEXT:  referenced column: div
select c1 div c14 from div_test;
 div 
-----
    
(1 row)

select c1 div c15 from div_test;
ERROR:  function pg_catalog.div(tinyint, json) does not exist
LINE 1: select c1 div c15 from div_test;
                  ^
HINT:  No function matches the given name and argument types. You might need to add explicit type casts.
CONTEXT:  referenced column: div
insert into tmp_res select c1/c1 from div_test;
insert into tmp_res select c1/c2 from div_test;
insert into tmp_res select c1/c3 from div_test;
insert into tmp_res select c1/c4 from div_test;
insert into tmp_res select c1/c5 from div_test;
insert into tmp_res select c1/c6 from div_test;
insert into tmp_res select c1/c7 from div_test;
insert into tmp_res select c1/c8 from div_test;
insert into tmp_res select c1/c9 from div_test;
insert into tmp_res select c1/c10 from div_test;
insert into tmp_res select c1/c11 from div_test;
insert into tmp_res select c1/c12 from div_test;
insert into tmp_res select c1/c13 from div_test;
insert into tmp_res select c1/c14 from div_test;
insert into tmp_res select c1/c15 from div_test;
ERROR:  invalid input syntax for type double precision: "{"0":"0"}"
CONTEXT:  referenced column: a
insert into tmp_res select c1 mod c1 from div_test;
insert into tmp_res select c1 mod c2 from div_test;
insert into tmp_res select c1 mod c3 from div_test;
insert into tmp_res select c1 mod c4 from div_test;
insert into tmp_res select c1 mod c5 from div_test;
insert into tmp_res select c1 mod c6 from div_test;
insert into tmp_res select c1 mod c7 from div_test;
insert into tmp_res select c1 mod c8 from div_test;
insert into tmp_res select c1 mod c9 from div_test;
insert into tmp_res select c1 mod c10 from div_test;
insert into tmp_res select c1 mod c11 from div_test;
insert into tmp_res select c1 mod c12 from div_test;
insert into tmp_res select c1 mod c13 from div_test;
ERROR:  function pg_catalog.b_mod(tinyint, `binary`) does not exist
LINE 1: insert into tmp_res select c1 mod c13 from div_test;
                                      ^
HINT:  No function matches the given name and argument types. You might need to add explicit type casts.
CONTEXT:  referenced column: b_mod
insert into tmp_res select c1 mod c14 from div_test;
insert into tmp_res select c1 mod c15 from div_test;
ERROR:  function pg_catalog.b_mod(tinyint, json) does not exist
LINE 1: insert into tmp_res select c1 mod c15 from div_test;
                                      ^
HINT:  No function matches the given name and argument types. You might need to add explicit type casts.
CONTEXT:  referenced column: b_mod
insert into tmp_res select c1 div c1 from div_test;
insert into tmp_res select c1 div c2 from div_test;
insert into tmp_res select c1 div c3 from div_test;
insert into tmp_res select c1 div c4 from div_test;
insert into tmp_res select c1 div c5 from div_test;
insert into tmp_res select c1 div c6 from div_test;
insert into tmp_res select c1 div c7 from div_test;
insert into tmp_res select c1 div c8 from div_test;
insert into tmp_res select c1 div c9 from div_test;
insert into tmp_res select c1 div c10 from div_test;
insert into tmp_res select c1 div c11 from div_test;
insert into tmp_res select c1 div c12 from div_test;
insert into tmp_res select c1 div c13 from div_test;
ERROR:  function pg_catalog.div(tinyint, `binary`) does not exist
LINE 1: insert into tmp_res select c1 div c13 from div_test;
                                      ^
HINT:  No function matches the given name and argument types. You might need to add explicit type casts.
CONTEXT:  referenced column: div
insert into tmp_res select c1 div c14 from div_test;
insert into tmp_res select c1 div c15 from div_test;
ERROR:  function pg_catalog.div(tinyint, json) does not exist
LINE 1: insert into tmp_res select c1 div c15 from div_test;
                                      ^
HINT:  No function matches the given name and argument types. You might need to add explicit type casts.
CONTEXT:  referenced column: div
-- non-strict mode and non-err_division_by_zero, no warning and error
set dolphin.sql_mode = '';
select c1/c1 from div_test;
 ?column? 
----------
         
(1 row)

select c1/c2 from div_test;
 ?column? 
----------
         
(1 row)

select c1/c3 from div_test;
 ?column? 
----------
         
(1 row)

select c1/c4 from div_test;
 ?column? 
----------
         
(1 row)

select c1/c5 from div_test;
 ?column? 
----------
         
(1 row)

select c1/c6 from div_test;
 ?column? 
----------
         
(1 row)

select c1/c7 from div_test;
 ?column? 
----------
         
(1 row)

select c1/c8 from div_test;
 ?column? 
----------
         
(1 row)

select c1/c9 from div_test;
 ?column? 
----------
         
(1 row)

select c1/c10 from div_test;
 ?column? 
----------
         
(1 row)

select c1/c11 from div_test;
 ?column? 
----------
         
(1 row)

select c1/c12 from div_test;
 ?column? 
----------
         
(1 row)

select c1/c13 from div_test;
 ?column? 
----------
         
(1 row)

select c1/c14 from div_test;
 ?column? 
----------
         
(1 row)

select c1/c15 from div_test;
WARNING:  invalid input syntax for type double precision: "{"0":"0"}"
 ?column? 
----------
         
(1 row)

select c1 mod c1 from div_test;
 b_mod 
-------
      
(1 row)

select c1 mod c2 from div_test;
 b_mod 
-------
      
(1 row)

select c1 mod c3 from div_test;
 b_mod 
-------
      
(1 row)

select c1 mod c4 from div_test;
 b_mod 
-------
      
(1 row)

select c1 mod c5 from div_test;
 b_mod 
-------
      
(1 row)

select c1 mod c6 from div_test;
 b_mod 
-------
      
(1 row)

select c1 mod c7 from div_test;
 b_mod 
-------
      
(1 row)

select c1 mod c8 from div_test;
 b_mod 
-------
      
(1 row)

select c1 mod c9 from div_test;
 b_mod 
-------
      
(1 row)

select c1 mod c10 from div_test;
 b_mod 
-------
      
(1 row)

select c1 mod c11 from div_test;
 b_mod 
-------
      
(1 row)

select c1 mod c12 from div_test;
 b_mod 
-------
      
(1 row)

select c1 mod c13 from div_test;
ERROR:  function pg_catalog.b_mod(tinyint, `binary`) does not exist
LINE 1: select c1 mod c13 from div_test;
                  ^
HINT:  No function matches the given name and argument types. You might need to add explicit type casts.
CONTEXT:  referenced column: b_mod
select c1 mod c14 from div_test;
 b_mod 
-------
      
(1 row)

select c1 mod c15 from div_test;
ERROR:  function pg_catalog.b_mod(tinyint, json) does not exist
LINE 1: select c1 mod c15 from div_test;
                  ^
HINT:  No function matches the given name and argument types. You might need to add explicit type casts.
CONTEXT:  referenced column: b_mod
select c1 div c1 from div_test;
 div 
-----
    
(1 row)

select c1 div c2 from div_test;
 div 
-----
    
(1 row)

select c1 div c3 from div_test;
 div 
-----
    
(1 row)

select c1 div c4 from div_test;
 div 
-----
    
(1 row)

select c1 div c5 from div_test;
 div 
-----
    
(1 row)

select c1 div c6 from div_test;
 div 
-----
    
(1 row)

select c1 div c7 from div_test;
 div 
-----
    
(1 row)

select c1 div c8 from div_test;
 div 
-----
    
(1 row)

select c1 div c9 from div_test;
 div 
-----
    
(1 row)

select c1 div c10 from div_test;
 div 
-----
    
(1 row)

select c1 div c11 from div_test;
 div 
-----
    
(1 row)

select c1 div c12 from div_test;
 div 
-----
    
(1 row)

select c1 div c13 from div_test;
ERROR:  function pg_catalog.div(tinyint, `binary`) does not exist
LINE 1: select c1 div c13 from div_test;
                  ^
HINT:  No function matches the given name and argument types. You might need to add explicit type casts.
CONTEXT:  referenced column: div
select c1 div c14 from div_test;
 div 
-----
    
(1 row)

select c1 div c15 from div_test;
ERROR:  function pg_catalog.div(tinyint, json) does not exist
LINE 1: select c1 div c15 from div_test;
                  ^
HINT:  No function matches the given name and argument types. You might need to add explicit type casts.
CONTEXT:  referenced column: div
insert into tmp_res select c1/c1 from div_test;
insert into tmp_res select c1/c2 from div_test;
insert into tmp_res select c1/c3 from div_test;
insert into tmp_res select c1/c4 from div_test;
insert into tmp_res select c1/c5 from div_test;
insert into tmp_res select c1/c6 from div_test;
insert into tmp_res select c1/c7 from div_test;
insert into tmp_res select c1/c8 from div_test;
insert into tmp_res select c1/c9 from div_test;
insert into tmp_res select c1/c10 from div_test;
insert into tmp_res select c1/c11 from div_test;
insert into tmp_res select c1/c12 from div_test;
insert into tmp_res select c1/c13 from div_test;
insert into tmp_res select c1/c14 from div_test;
insert into tmp_res select c1/c15 from div_test;
WARNING:  invalid input syntax for type double precision: "{"0":"0"}"
CONTEXT:  referenced column: a
insert into tmp_res select c1 mod c1 from div_test;
insert into tmp_res select c1 mod c2 from div_test;
insert into tmp_res select c1 mod c3 from div_test;
insert into tmp_res select c1 mod c4 from div_test;
insert into tmp_res select c1 mod c5 from div_test;
insert into tmp_res select c1 mod c6 from div_test;
insert into tmp_res select c1 mod c7 from div_test;
insert into tmp_res select c1 mod c8 from div_test;
insert into tmp_res select c1 mod c9 from div_test;
insert into tmp_res select c1 mod c10 from div_test;
insert into tmp_res select c1 mod c11 from div_test;
insert into tmp_res select c1 mod c12 from div_test;
insert into tmp_res select c1 mod c13 from div_test;
ERROR:  function pg_catalog.b_mod(tinyint, `binary`) does not exist
LINE 1: insert into tmp_res select c1 mod c13 from div_test;
                                      ^
HINT:  No function matches the given name and argument types. You might need to add explicit type casts.
CONTEXT:  referenced column: b_mod
insert into tmp_res select c1 mod c14 from div_test;
insert into tmp_res select c1 mod c15 from div_test;
ERROR:  function pg_catalog.b_mod(tinyint, json) does not exist
LINE 1: insert into tmp_res select c1 mod c15 from div_test;
                                      ^
HINT:  No function matches the given name and argument types. You might need to add explicit type casts.
CONTEXT:  referenced column: b_mod
insert into tmp_res select c1 div c1 from div_test;
insert into tmp_res select c1 div c2 from div_test;
insert into tmp_res select c1 div c3 from div_test;
insert into tmp_res select c1 div c4 from div_test;
insert into tmp_res select c1 div c5 from div_test;
insert into tmp_res select c1 div c6 from div_test;
insert into tmp_res select c1 div c7 from div_test;
insert into tmp_res select c1 div c8 from div_test;
insert into tmp_res select c1 div c9 from div_test;
insert into tmp_res select c1 div c10 from div_test;
insert into tmp_res select c1 div c11 from div_test;
insert into tmp_res select c1 div c12 from div_test;
insert into tmp_res select c1 div c13 from div_test;
ERROR:  function pg_catalog.div(tinyint, `binary`) does not exist
LINE 1: insert into tmp_res select c1 div c13 from div_test;
                                      ^
HINT:  No function matches the given name and argument types. You might need to add explicit type casts.
CONTEXT:  referenced column: div
insert into tmp_res select c1 div c14 from div_test;
insert into tmp_res select c1 div c15 from div_test;
ERROR:  function pg_catalog.div(tinyint, json) does not exist
LINE 1: insert into tmp_res select c1 div c15 from div_test;
                                      ^
HINT:  No function matches the given name and argument types. You might need to add explicit type casts.
CONTEXT:  referenced column: div
-- strict mode and err_division_by_zero, select warning, insert error
set dolphin.sql_mode = 'sql_mode_strict,ERROR_FOR_DIVISION_BY_ZERO';
select c1/c1 from div_test;
WARNING:  division by zero
 ?column? 
----------
         
(1 row)

select c1/c2 from div_test;
WARNING:  division by zero
 ?column? 
----------
         
(1 row)

select c1/c3 from div_test;
WARNING:  division by zero
 ?column? 
----------
         
(1 row)

select c1/c4 from div_test;
WARNING:  division by zero
 ?column? 
----------
         
(1 row)

select c1/c5 from div_test;
WARNING:  division by zero
 ?column? 
----------
         
(1 row)

select c1/c6 from div_test;
WARNING:  division by zero
 ?column? 
----------
         
(1 row)

select c1/c7 from div_test;
WARNING:  division by zero
 ?column? 
----------
         
(1 row)

select c1/c8 from div_test;
WARNING:  division by zero
 ?column? 
----------
         
(1 row)

select c1/c9 from div_test;
WARNING:  division by zero
 ?column? 
----------
         
(1 row)

select c1/c10 from div_test;
WARNING:  division by zero
 ?column? 
----------
         
(1 row)

select c1/c11 from div_test;
WARNING:  division by zero
 ?column? 
----------
         
(1 row)

select c1/c12 from div_test;
WARNING:  division by zero
 ?column? 
----------
         
(1 row)

select c1/c13 from div_test;
WARNING:  division by zero
 ?column? 
----------
         
(1 row)

select c1/c14 from div_test;
WARNING:  division by zero
 ?column? 
----------
         
(1 row)

select c1/c15 from div_test;
WARNING:  invalid input syntax for type double precision: "{"0":"0"}"
WARNING:  division by zero
 ?column? 
----------
         
(1 row)

select c1 mod c1 from div_test;
 b_mod 
-------
      
(1 row)

select c1 mod c2 from div_test;
 b_mod 
-------
      
(1 row)

select c1 mod c3 from div_test;
 b_mod 
-------
      
(1 row)

select c1 mod c4 from div_test;
 b_mod 
-------
      
(1 row)

select c1 mod c5 from div_test;
 b_mod 
-------
      
(1 row)

select c1 mod c6 from div_test;
 b_mod 
-------
      
(1 row)

select c1 mod c7 from div_test;
 b_mod 
-------
      
(1 row)

select c1 mod c8 from div_test;
 b_mod 
-------
      
(1 row)

select c1 mod c9 from div_test;
 b_mod 
-------
      
(1 row)

select c1 mod c10 from div_test;
 b_mod 
-------
      
(1 row)

select c1 mod c11 from div_test;
 b_mod 
-------
      
(1 row)

select c1 mod c12 from div_test;
 b_mod 
-------
      
(1 row)

select c1 mod c13 from div_test;
ERROR:  function pg_catalog.b_mod(tinyint, `binary`) does not exist
LINE 1: select c1 mod c13 from div_test;
                  ^
HINT:  No function matches the given name and argument types. You might need to add explicit type casts.
CONTEXT:  referenced column: b_mod
select c1 mod c14 from div_test;
 b_mod 
-------
      
(1 row)

select c1 mod c15 from div_test;
ERROR:  function pg_catalog.b_mod(tinyint, json) does not exist
LINE 1: select c1 mod c15 from div_test;
                  ^
HINT:  No function matches the given name and argument types. You might need to add explicit type casts.
CONTEXT:  referenced column: b_mod
select c1 div c1 from div_test;
WARNING:  division by zero
CONTEXT:  referenced column: div
 div 
-----
    
(1 row)

select c1 div c2 from div_test;
WARNING:  division by zero
CONTEXT:  referenced column: div
 div 
-----
    
(1 row)

select c1 div c3 from div_test;
WARNING:  division by zero
CONTEXT:  referenced column: div
 div 
-----
    
(1 row)

select c1 div c4 from div_test;
WARNING:  division by zero
CONTEXT:  referenced column: div
 div 
-----
    
(1 row)

select c1 div c5 from div_test;
WARNING:  division by zero
CONTEXT:  referenced column: div
 div 
-----
    
(1 row)

select c1 div c6 from div_test;
WARNING:  division by zero
CONTEXT:  referenced column: div
 div 
-----
    
(1 row)

select c1 div c7 from div_test;
WARNING:  division by zero
CONTEXT:  referenced column: div
 div 
-----
    
(1 row)

select c1 div c8 from div_test;
WARNING:  division by zero
CONTEXT:  referenced column: div
 div 
-----
    
(1 row)

select c1 div c9 from div_test;
WARNING:  division by zero
CONTEXT:  referenced column: div
 div 
-----
    
(1 row)

select c1 div c10 from div_test;
WARNING:  division by zero
CONTEXT:  referenced column: div
 div 
-----
    
(1 row)

select c1 div c11 from div_test;
WARNING:  division by zero
CONTEXT:  referenced column: div
 div 
-----
    
(1 row)

select c1 div c12 from div_test;
WARNING:  division by zero
CONTEXT:  referenced column: div
 div 
-----
    
(1 row)

select c1 div c13 from div_test;
ERROR:  function pg_catalog.div(tinyint, `binary`) does not exist
LINE 1: select c1 div c13 from div_test;
                  ^
HINT:  No function matches the given name and argument types. You might need to add explicit type casts.
CONTEXT:  referenced column: div
select c1 div c14 from div_test;
WARNING:  division by zero
CONTEXT:  referenced column: div
 div 
-----
    
(1 row)

select c1 div c15 from div_test;
ERROR:  function pg_catalog.div(tinyint, json) does not exist
LINE 1: select c1 div c15 from div_test;
                  ^
HINT:  No function matches the given name and argument types. You might need to add explicit type casts.
CONTEXT:  referenced column: div
insert into tmp_res select c1/c1 from div_test;
ERROR:  division by zero
CONTEXT:  referenced column: a
insert into tmp_res select c1/c2 from div_test;
ERROR:  division by zero
CONTEXT:  referenced column: a
insert into tmp_res select c1/c3 from div_test;
ERROR:  division by zero
CONTEXT:  referenced column: a
insert into tmp_res select c1/c4 from div_test;
ERROR:  division by zero
CONTEXT:  referenced column: a
insert into tmp_res select c1/c5 from div_test;
ERROR:  division by zero
CONTEXT:  referenced column: a
insert into tmp_res select c1/c6 from div_test;
ERROR:  division by zero
CONTEXT:  referenced column: a
insert into tmp_res select c1/c7 from div_test;
ERROR:  division by zero
CONTEXT:  referenced column: a
insert into tmp_res select c1/c8 from div_test;
ERROR:  division by zero
CONTEXT:  referenced column: a
insert into tmp_res select c1/c9 from div_test;
ERROR:  division by zero
CONTEXT:  referenced column: a
insert into tmp_res select c1/c10 from div_test;
ERROR:  division by zero
CONTEXT:  referenced column: a
insert into tmp_res select c1/c11 from div_test;
ERROR:  division by zero
CONTEXT:  referenced column: a
insert into tmp_res select c1/c12 from div_test;
ERROR:  division by zero
insert into tmp_res select c1/c13 from div_test;
ERROR:  division by zero
CONTEXT:  referenced column: a
insert into tmp_res select c1/c14 from div_test;
ERROR:  division by zero
CONTEXT:  referenced column: a
insert into tmp_res select c1/c15 from div_test;
ERROR:  invalid input syntax for type double precision: "{"0":"0"}"
CONTEXT:  referenced column: a
insert into tmp_res select c1 mod c1 from div_test;
insert into tmp_res select c1 mod c2 from div_test;
insert into tmp_res select c1 mod c3 from div_test;
insert into tmp_res select c1 mod c4 from div_test;
insert into tmp_res select c1 mod c5 from div_test;
insert into tmp_res select c1 mod c6 from div_test;
insert into tmp_res select c1 mod c7 from div_test;
insert into tmp_res select c1 mod c8 from div_test;
insert into tmp_res select c1 mod c9 from div_test;
insert into tmp_res select c1 mod c10 from div_test;
insert into tmp_res select c1 mod c11 from div_test;
insert into tmp_res select c1 mod c12 from div_test;
insert into tmp_res select c1 mod c13 from div_test;
ERROR:  function pg_catalog.b_mod(tinyint, `binary`) does not exist
LINE 1: insert into tmp_res select c1 mod c13 from div_test;
                                      ^
HINT:  No function matches the given name and argument types. You might need to add explicit type casts.
CONTEXT:  referenced column: b_mod
insert into tmp_res select c1 mod c14 from div_test;
insert into tmp_res select c1 mod c15 from div_test;
ERROR:  function pg_catalog.b_mod(tinyint, json) does not exist
LINE 1: insert into tmp_res select c1 mod c15 from div_test;
                                      ^
HINT:  No function matches the given name and argument types. You might need to add explicit type casts.
CONTEXT:  referenced column: b_mod
insert into tmp_res select c1 div c1 from div_test;
ERROR:  division by zero
CONTEXT:  referenced column: a
insert into tmp_res select c1 div c2 from div_test;
ERROR:  division by zero
CONTEXT:  referenced column: a
insert into tmp_res select c1 div c3 from div_test;
ERROR:  division by zero
CONTEXT:  referenced column: a
insert into tmp_res select c1 div c4 from div_test;
ERROR:  division by zero
CONTEXT:  referenced column: a
insert into tmp_res select c1 div c5 from div_test;
ERROR:  division by zero
CONTEXT:  referenced column: a
insert into tmp_res select c1 div c6 from div_test;
ERROR:  division by zero
CONTEXT:  referenced column: a
insert into tmp_res select c1 div c7 from div_test;
ERROR:  division by zero
CONTEXT:  referenced column: a
insert into tmp_res select c1 div c8 from div_test;
ERROR:  division by zero
CONTEXT:  referenced column: a
insert into tmp_res select c1 div c9 from div_test;
ERROR:  division by zero
CONTEXT:  referenced column: a
insert into tmp_res select c1 div c10 from div_test;
ERROR:  division by zero
CONTEXT:  referenced column: a
insert into tmp_res select c1 div c11 from div_test;
ERROR:  division by zero
CONTEXT:  referenced column: a
insert into tmp_res select c1 div c12 from div_test;
ERROR:  division by zero
CONTEXT:  referenced column: div
insert into tmp_res select c1 div c13 from div_test;
ERROR:  function pg_catalog.div(tinyint, `binary`) does not exist
LINE 1: insert into tmp_res select c1 div c13 from div_test;
                                      ^
HINT:  No function matches the given name and argument types. You might need to add explicit type casts.
CONTEXT:  referenced column: div
insert into tmp_res select c1 div c14 from div_test;
ERROR:  division by zero
CONTEXT:  referenced column: a
insert into tmp_res select c1 div c15 from div_test;
ERROR:  function pg_catalog.div(tinyint, json) does not exist
LINE 1: insert into tmp_res select c1 div c15 from div_test;
                                      ^
HINT:  No function matches the given name and argument types. You might need to add explicit type casts.
CONTEXT:  referenced column: div
-- non-strict mode and err_division_by_zero, select warning, insert warning
set dolphin.sql_mode = 'ERROR_FOR_DIVISION_BY_ZERO';
select c1/c1 from div_test;
WARNING:  division by zero
 ?column? 
----------
         
(1 row)

select c1/c2 from div_test;
WARNING:  division by zero
 ?column? 
----------
         
(1 row)

select c1/c3 from div_test;
WARNING:  division by zero
 ?column? 
----------
         
(1 row)

select c1/c4 from div_test;
WARNING:  division by zero
 ?column? 
----------
         
(1 row)

select c1/c5 from div_test;
WARNING:  division by zero
 ?column? 
----------
         
(1 row)

select c1/c6 from div_test;
WARNING:  division by zero
 ?column? 
----------
         
(1 row)

select c1/c7 from div_test;
WARNING:  division by zero
 ?column? 
----------
         
(1 row)

select c1/c8 from div_test;
WARNING:  division by zero
 ?column? 
----------
         
(1 row)

select c1/c9 from div_test;
WARNING:  division by zero
 ?column? 
----------
         
(1 row)

select c1/c10 from div_test;
WARNING:  division by zero
 ?column? 
----------
         
(1 row)

select c1/c11 from div_test;
WARNING:  division by zero
 ?column? 
----------
         
(1 row)

select c1/c12 from div_test;
WARNING:  division by zero
 ?column? 
----------
         
(1 row)

select c1/c13 from div_test;
WARNING:  division by zero
 ?column? 
----------
         
(1 row)

select c1/c14 from div_test;
WARNING:  division by zero
 ?column? 
----------
         
(1 row)

select c1/c15 from div_test;
WARNING:  invalid input syntax for type double precision: "{"0":"0"}"
WARNING:  division by zero
 ?column? 
----------
         
(1 row)

select c1 mod c1 from div_test;
 b_mod 
-------
      
(1 row)

select c1 mod c2 from div_test;
 b_mod 
-------
      
(1 row)

select c1 mod c3 from div_test;
 b_mod 
-------
      
(1 row)

select c1 mod c4 from div_test;
 b_mod 
-------
      
(1 row)

select c1 mod c5 from div_test;
 b_mod 
-------
      
(1 row)

select c1 mod c6 from div_test;
 b_mod 
-------
      
(1 row)

select c1 mod c7 from div_test;
 b_mod 
-------
      
(1 row)

select c1 mod c8 from div_test;
 b_mod 
-------
      
(1 row)

select c1 mod c9 from div_test;
 b_mod 
-------
      
(1 row)

select c1 mod c10 from div_test;
 b_mod 
-------
      
(1 row)

select c1 mod c11 from div_test;
 b_mod 
-------
      
(1 row)

select c1 mod c12 from div_test;
 b_mod 
-------
      
(1 row)

select c1 mod c13 from div_test;
ERROR:  function pg_catalog.b_mod(tinyint, `binary`) does not exist
LINE 1: select c1 mod c13 from div_test;
                  ^
HINT:  No function matches the given name and argument types. You might need to add explicit type casts.
CONTEXT:  referenced column: b_mod
select c1 mod c14 from div_test;
 b_mod 
-------
      
(1 row)

select c1 mod c15 from div_test;
ERROR:  function pg_catalog.b_mod(tinyint, json) does not exist
LINE 1: select c1 mod c15 from div_test;
                  ^
HINT:  No function matches the given name and argument types. You might need to add explicit type casts.
CONTEXT:  referenced column: b_mod
select c1 div c1 from div_test;
WARNING:  division by zero
CONTEXT:  referenced column: div
 div 
-----
    
(1 row)

select c1 div c2 from div_test;
WARNING:  division by zero
CONTEXT:  referenced column: div
 div 
-----
    
(1 row)

select c1 div c3 from div_test;
WARNING:  division by zero
CONTEXT:  referenced column: div
 div 
-----
    
(1 row)

select c1 div c4 from div_test;
WARNING:  division by zero
CONTEXT:  referenced column: div
 div 
-----
    
(1 row)

select c1 div c5 from div_test;
WARNING:  division by zero
CONTEXT:  referenced column: div
 div 
-----
    
(1 row)

select c1 div c6 from div_test;
WARNING:  division by zero
CONTEXT:  referenced column: div
 div 
-----
    
(1 row)

select c1 div c7 from div_test;
WARNING:  division by zero
CONTEXT:  referenced column: div
 div 
-----
    
(1 row)

select c1 div c8 from div_test;
WARNING:  division by zero
CONTEXT:  referenced column: div
 div 
-----
    
(1 row)

select c1 div c9 from div_test;
WARNING:  division by zero
CONTEXT:  referenced column: div
 div 
-----
    
(1 row)

select c1 div c10 from div_test;
WARNING:  division by zero
CONTEXT:  referenced column: div
 div 
-----
    
(1 row)

select c1 div c11 from div_test;
WARNING:  division by zero
CONTEXT:  referenced column: div
 div 
-----
    
(1 row)

select c1 div c12 from div_test;
WARNING:  division by zero
CONTEXT:  referenced column: div
 div 
-----
    
(1 row)

select c1 div c13 from div_test;
ERROR:  function pg_catalog.div(tinyint, `binary`) does not exist
LINE 1: select c1 div c13 from div_test;
                  ^
HINT:  No function matches the given name and argument types. You might need to add explicit type casts.
CONTEXT:  referenced column: div
select c1 div c14 from div_test;
WARNING:  division by zero
CONTEXT:  referenced column: div
 div 
-----
    
(1 row)

select c1 div c15 from div_test;
ERROR:  function pg_catalog.div(tinyint, json) does not exist
LINE 1: select c1 div c15 from div_test;
                  ^
HINT:  No function matches the given name and argument types. You might need to add explicit type casts.
CONTEXT:  referenced column: div
insert into tmp_res select c1/c1 from div_test;
WARNING:  division by zero
CONTEXT:  referenced column: a
insert into tmp_res select c1/c2 from div_test;
WARNING:  division by zero
CONTEXT:  referenced column: a
insert into tmp_res select c1/c3 from div_test;
WARNING:  division by zero
CONTEXT:  referenced column: a
insert into tmp_res select c1/c4 from div_test;
WARNING:  division by zero
CONTEXT:  referenced column: a
insert into tmp_res select c1/c5 from div_test;
WARNING:  division by zero
CONTEXT:  referenced column: a
insert into tmp_res select c1/c6 from div_test;
WARNING:  division by zero
CONTEXT:  referenced column: a
insert into tmp_res select c1/c7 from div_test;
WARNING:  division by zero
CONTEXT:  referenced column: a
insert into tmp_res select c1/c8 from div_test;
WARNING:  division by zero
CONTEXT:  referenced column: a
insert into tmp_res select c1/c9 from div_test;
WARNING:  division by zero
CONTEXT:  referenced column: a
insert into tmp_res select c1/c10 from div_test;
WARNING:  division by zero
CONTEXT:  referenced column: a
insert into tmp_res select c1/c11 from div_test;
WARNING:  division by zero
CONTEXT:  referenced column: a
insert into tmp_res select c1/c12 from div_test;
WARNING:  division by zero
insert into tmp_res select c1/c13 from div_test;
WARNING:  division by zero
CONTEXT:  referenced column: a
insert into tmp_res select c1/c14 from div_test;
WARNING:  division by zero
CONTEXT:  referenced column: a
insert into tmp_res select c1/c15 from div_test;
WARNING:  invalid input syntax for type double precision: "{"0":"0"}"
CONTEXT:  referenced column: a
WARNING:  division by zero
CONTEXT:  referenced column: a
insert into tmp_res select c1 mod c1 from div_test;
insert into tmp_res select c1 mod c2 from div_test;
insert into tmp_res select c1 mod c3 from div_test;
insert into tmp_res select c1 mod c4 from div_test;
insert into tmp_res select c1 mod c5 from div_test;
insert into tmp_res select c1 mod c6 from div_test;
insert into tmp_res select c1 mod c7 from div_test;
insert into tmp_res select c1 mod c8 from div_test;
insert into tmp_res select c1 mod c9 from div_test;
insert into tmp_res select c1 mod c10 from div_test;
insert into tmp_res select c1 mod c11 from div_test;
insert into tmp_res select c1 mod c12 from div_test;
insert into tmp_res select c1 mod c13 from div_test;
ERROR:  function pg_catalog.b_mod(tinyint, `binary`) does not exist
LINE 1: insert into tmp_res select c1 mod c13 from div_test;
                                      ^
HINT:  No function matches the given name and argument types. You might need to add explicit type casts.
CONTEXT:  referenced column: b_mod
insert into tmp_res select c1 mod c14 from div_test;
insert into tmp_res select c1 mod c15 from div_test;
ERROR:  function pg_catalog.b_mod(tinyint, json) does not exist
LINE 1: insert into tmp_res select c1 mod c15 from div_test;
                                      ^
HINT:  No function matches the given name and argument types. You might need to add explicit type casts.
CONTEXT:  referenced column: b_mod
insert into tmp_res select c1 div c1 from div_test;
WARNING:  division by zero
CONTEXT:  referenced column: a
insert into tmp_res select c1 div c2 from div_test;
WARNING:  division by zero
CONTEXT:  referenced column: a
insert into tmp_res select c1 div c3 from div_test;
WARNING:  division by zero
CONTEXT:  referenced column: a
insert into tmp_res select c1 div c4 from div_test;
WARNING:  division by zero
CONTEXT:  referenced column: a
insert into tmp_res select c1 div c5 from div_test;
WARNING:  division by zero
CONTEXT:  referenced column: a
insert into tmp_res select c1 div c6 from div_test;
WARNING:  division by zero
CONTEXT:  referenced column: a
insert into tmp_res select c1 div c7 from div_test;
WARNING:  division by zero
CONTEXT:  referenced column: a
insert into tmp_res select c1 div c8 from div_test;
WARNING:  division by zero
CONTEXT:  referenced column: a
insert into tmp_res select c1 div c9 from div_test;
WARNING:  division by zero
CONTEXT:  referenced column: a
insert into tmp_res select c1 div c10 from div_test;
WARNING:  division by zero
CONTEXT:  referenced column: a
insert into tmp_res select c1 div c11 from div_test;
WARNING:  division by zero
CONTEXT:  referenced column: a
insert into tmp_res select c1 div c12 from div_test;
WARNING:  division by zero
CONTEXT:  referenced column: div
insert into tmp_res select c1 div c13 from div_test;
ERROR:  function pg_catalog.div(tinyint, `binary`) does not exist
LINE 1: insert into tmp_res select c1 div c13 from div_test;
                                      ^
HINT:  No function matches the given name and argument types. You might need to add explicit type casts.
CONTEXT:  referenced column: div
insert into tmp_res select c1 div c14 from div_test;
WARNING:  division by zero
CONTEXT:  referenced column: a
insert into tmp_res select c1 div c15 from div_test;
ERROR:  function pg_catalog.div(tinyint, json) does not exist
LINE 1: insert into tmp_res select c1 div c15 from div_test;
                                      ^
HINT:  No function matches the given name and argument types. You might need to add explicit type casts.
CONTEXT:  referenced column: div
select count(*) from tmp_res;
 count 
-------
   135
(1 row)

select count(*) from tmp_res where a is null;
 count 
-------
   135
(1 row)

drop table tmp_res;
drop table div_test;
--测试点三：验证mod操作符
select 8mod3;--返回mod3 8
 mod3 
------
    8
(1 row)

select 8 mod3;--返回mod3 8
 mod3 
------
    8
(1 row)

select 8 mod 3; 
 b_mod 
-------
     2
(1 row)

select 8 mod 0;
 b_mod 
-------
      
(1 row)

select 8mod 3, 8mod 3mod2, 8mod 3mod 2;
 b_mod | mod2 | b_mod 
-------+------+-------
     2 |    2 |     0
(1 row)

select 8 mod;--返回8
ERROR:  syntax error at or near ";"
LINE 1: select 8 mod;
                    ^
select 8 as mod;--返回mod 8
 mod 
-----
   8
(1 row)

select mod 1;
ERROR:  syntax error at or near "1"
LINE 1: select mod 1;
                   ^
select '-12.3abc' mod null;
WARNING:  invalid input syntax for type numeric: "-12.3abc"
LINE 1: select '-12.3abc' mod null;
               ^
CONTEXT:  referenced column: b_mod
 b_mod 
-------
      
(1 row)

select '-12.3abc' mod -100.1;
WARNING:  invalid input syntax for type numeric: "-12.3abc"
LINE 1: select '-12.3abc' mod -100.1;
               ^
CONTEXT:  referenced column: b_mod
 b_mod 
-------
 -12.3
(1 row)

select '-12.3abc' mod 0;
WARNING:  invalid input syntax for type numeric: "-12.3abc"
LINE 1: select '-12.3abc' mod 0;
               ^
CONTEXT:  referenced column: b_mod
 b_mod 
-------
      
(1 row)

select '-12.3abc' mod 5;
WARNING:  invalid input syntax for type numeric: "-12.3abc"
LINE 1: select '-12.3abc' mod 5;
               ^
CONTEXT:  referenced column: b_mod
 b_mod 
-------
  -2.3
(1 row)

select '-12.3abc' mod 158.3;
WARNING:  invalid input syntax for type numeric: "-12.3abc"
LINE 1: select '-12.3abc' mod 158.3;
               ^
CONTEXT:  referenced column: b_mod
 b_mod 
-------
 -12.3
(1 row)

select '-12.3abc' mod -8.222e4;
WARNING:  invalid input syntax for type numeric: "-12.3abc"
LINE 1: select '-12.3abc' mod -8.222e4;
               ^
CONTEXT:  referenced column: b_mod
 b_mod 
-------
 -12.3
(1 row)

select '-12.3abc' mod true;
WARNING:  invalid input syntax for type numeric: "-12.3abc"
LINE 1: select '-12.3abc' mod true;
               ^
CONTEXT:  referenced column: b_mod
 b_mod 
-------
  -0.3
(1 row)

select '-12.3abc' mod false;
WARNING:  invalid input syntax for type numeric: "-12.3abc"
LINE 1: select '-12.3abc' mod false;
               ^
CONTEXT:  referenced column: b_mod
 b_mod 
-------
      
(1 row)

select '-12.3abc' mod 'null';
WARNING:  invalid input syntax for type numeric: "-12.3abc"
LINE 1: select '-12.3abc' mod 'null';
               ^
CONTEXT:  referenced column: b_mod
 b_mod 
-------
      
(1 row)

select 123456 mod 5 mod 4;
 b_mod 
-------
     1
(1 row)

select 8 mod 1 where 100 mod 3 mod 4 = 0;
 b_mod 
-------
(0 rows)

select 8 mod 3 where 100 mod 3 mod 4 > 0;
 b_mod 
-------
     2
(1 row)

--测试点四：验证xor操作符
select xor1;
ERROR:  column "xor1" does not exist
LINE 1: select xor1;
               ^
CONTEXT:  referenced column: xor1
select 1 xor 1;
 xor 
-----
   0
(1 row)

select 1 xor null;
 xor 
-----
    
(1 row)

select null xor 1;
 xor 
-----
    
(1 row)

select 1 xor 0;
 xor 
-----
   1
(1 row)

select '-12.3abc' xor null;
 xor 
-----
    
(1 row)

select '-12.3abc' xor -100.1;
 xor 
-----
   0
(1 row)

select '-12.3abc' xor 0;
 xor 
-----
   1
(1 row)

select '-12.3abc' xor 5;
 xor 
-----
   0
(1 row)

select '-12.3abc' xor 158.3;
 xor 
-----
   0
(1 row)

select '-12.3abc' xor -8.222e4;
 xor 
-----
   0
(1 row)

select '-12.3abc' xor true;
 xor 
-----
   0
(1 row)

select '-12.3abc' xor false;
 xor 
-----
   1
(1 row)

select '-12.3abc' xor 'null';
 xor 
-----
   1
(1 row)

create table t1 (a int, b varchar(20));
insert into t1 values(1, 'true');
select a = 1 xor b = 'true' from t1;
 xor 
-----
   0
(1 row)

select acos(11);
 acos 
------
     
(1 row)

select acos(1.000001);
 acos 
------
     
(1 row)

select acos(-1.000001);
 acos 
------
     
(1 row)

drop schema db_b_parser3 cascade;
NOTICE:  drop cascades to 2 other objects
DETAIL:  drop cascades to table tb_db_b_parser0003
drop cascades to table t1
reset current_schema;
