create schema db_b_parser4;
set current_schema to 'db_b_parser4';
--验证text类型
drop table if exists tb_db_b_parser_0001;
NOTICE:  table "tb_db_b_parser_0001" does not exist, skipping
create table tb_db_b_parser_0001(a text(10),b tinytext,c mediumtext,d longtext);
--验证默认精度类型 decimal/number/dec/numeric/fixed
drop table if exists tb_db_b_parser_0002;
NOTICE:  table "tb_db_b_parser_0002" does not exist, skipping
create table tb_db_b_parser_0002(a decimal, b number, c dec, d numeric, e fixed);
\d tb_db_b_parser_0002
Table "db_b_parser4.tb_db_b_parser_0002"
 Column |     Type      | Modifiers 
--------+---------------+-----------
 a      | numeric(10,0) | 
 b      | numeric       | 
 c      | numeric(10,0) | 
 d      | numeric(10,0) | 
 e      | numeric(10,0) | 

--验证float4(n)和double类型
drop table if exists tb_default_float;
NOTICE:  table "tb_default_float" does not exist, skipping
create table tb_default_float(a float4(10));
\d tb_default_float
Table "db_b_parser4.tb_default_float"
 Column | Type | Modifiers 
--------+------+-----------
 a      | real | 

drop table if exists tb_default_double;
NOTICE:  table "tb_default_double" does not exist, skipping
create table tb_default_double(a double);
\d tb_default_double
Table "db_b_parser4.tb_default_double"
 Column |       Type       | Modifiers 
--------+------------------+-----------
 a      | double precision | 

--验证real和float类型
drop table if exists tb_real_float;
NOTICE:  table "tb_real_float" does not exist, skipping
create table tb_real_float(a real, b float);
\d tb_real_float
Table "db_b_parser4.tb_real_float"
 Column | Type | Modifiers 
--------+------+-----------
 a      | real | 
 b      | real | 

drop table if exists tb_db_b_parser_0002;
drop table if exists tb_default_float;
drop table if exists tb_default_double;
drop table if exists tb_real_float;
--syntax error message
create table    t1(123abc   int);
ERROR:  syntax error at or near "123". Please note that database object name should start with a letter or underscore (_).
LINE 1: create table    t1(123abc   int);
                           ^
create table    t1(123   int);
ERROR:  syntax error at or near "123"
LINE 1: create table    t1(123   int);
                           ^
create table    t1(123   abc int);
ERROR:  syntax error at or near "123"
LINE 1: create table    t1(123   abc int);
                           ^
create table    123(abc   int);
ERROR:  syntax error at or near "123"
LINE 1: create table    123(abc   int);
                        ^
create table    123abc(abc   int);
ERROR:  syntax error at or near "123". Please note that database object name should start with a letter or underscore (_).
LINE 1: create table    123abc(abc   int);
                        ^
create table    123 abc(abc   int);
ERROR:  syntax error at or near "123"
LINE 1: create table    123 abc(abc   int);
                        ^
create table if  not  exists   t1(123abc   int);
ERROR:  syntax error at or near "123". Please note that database object name should start with a letter or underscore (_).
LINE 1: create table if  not  exists   t1(123abc   int);
                                          ^
create table if  not  exists   t1(123   int);
ERROR:  syntax error at or near "123"
LINE 1: create table if  not  exists   t1(123   int);
                                          ^
create table if  not  exists   t1(123   abc int);
ERROR:  syntax error at or near "123"
LINE 1: create table if  not  exists   t1(123   abc int);
                                          ^
create table if  not  exists   123(abc   int);
ERROR:  syntax error at or near "123"
LINE 1: create table if  not  exists   123(abc   int);
                                       ^
create table if  not  exists   123abc(abc   int);
ERROR:  syntax error at or near "123". Please note that database object name should start with a letter or underscore (_).
LINE 1: create table if  not  exists   123abc(abc   int);
                                       ^
create table if  not  exists   123 abc(abc   int);
ERROR:  syntax error at or near "123"
LINE 1: create table if  not  exists   123 abc(abc   int);
                                       ^
123abc;
ERROR:  syntax error at or near "123". Please note that database object name should start with a letter or underscore (_).
LINE 1: 123abc;
        ^
--bconst
select 0b01;
 ?column? 
----------
 01
(1 row)

select 0b01+1;
 ?column? 
----------
 2
(1 row)

select 1+0b01;
 ?column? 
----------
 2
(1 row)

select 0b01 = b'01';
 ?column? 
----------
 t
(1 row)

select 0b01+1 = b'01'+1;
 ?column? 
----------
 t
(1 row)

select 1+0b01 = 1+b'01';
 ?column? 
----------
 t
(1 row)

--wrong usage
select 0b02;
ERROR:  syntax error at or near "2"
LINE 1: select 0b02;
                  ^
select 0b2;
 b2 
----
  0
(1 row)

--not report error, but not bconst actually
select 0b; -- same as select 0 b;
 b 
---
 0
(1 row)

select 0bf; -- same as select 0 bf;
 bf 
----
  0
(1 row)

select 0b0f; -- same as select 0b0 f;
 f 
---
 0
(1 row)

drop schema db_b_parser4 cascade;
NOTICE:  drop cascades to table tb_db_b_parser_0001
reset current_schema;
