create schema grant_user_to_user;
set current_schema = grant_user_to_user;
set b_compatibility_user_host_auth to on;
create user user1 identified by 'test-1234';
NOTICE:  The iteration value of password is not recommended.Setting the iteration value too small reduces the security of the password, and setting it too large results in performance degradation.
create user user2 identified by 'test-1234';
NOTICE:  The iteration value of password is not recommended.Setting the iteration value too small reduces the security of the password, and setting it too large results in performance degradation.
create user user3 identified by 'test-1234';
NOTICE:  The iteration value of password is not recommended.Setting the iteration value too small reduces the security of the password, and setting it too large results in performance degradation.
create user `user2`@`localhost` identified by 'test-1234';
NOTICE:  The iteration value of password is not recommended.Setting the iteration value too small reduces the security of the password, and setting it too large results in performance degradation.
grant 'user1' to user2;
grant 'user1' to 'user2';
NOTICE:  role "user2" is already a member of role "user1"
grant `user1` to `user2`@`localhost`;
grant `user2`@`localhost` to `user3`;
drop user user1;
drop user user2;
drop user user3;
drop user `user2`@`localhost`;
reset current_schema;
drop schema grant_user_to_user;
