create schema implicit_cast;
set current_schema to 'implicit_cast';
select 1::int1 % 1::float4;
 ?column? 
----------
 0
(1 row)

select 1::int2 % 1::float4;
 ?column? 
----------
        0
(1 row)

select 1::int4 % 1::float4;
 ?column? 
----------
        0
(1 row)

select 1::int8 % 1::float4;
 ?column? 
----------
        0
(1 row)

select 1::int1 % 1::float8;
 ?column? 
----------
 0
(1 row)

select 1::int2 % 1::float8;
 ?column? 
----------
        0
(1 row)

select 1::int4 % 1::float8;
 ?column? 
----------
        0
(1 row)

select 1::int8 % 1::float8;
 ?column? 
----------
        0
(1 row)

select 1::int1 % 1::text;
 ?column? 
----------
 0
(1 row)

select 1::int2 % 1::text;
 ?column? 
----------
        0
(1 row)

select 1::int4 % 1::text;
 ?column? 
----------
        0
(1 row)

select 1::int8 % 1::text;
 ?column? 
----------
        0
(1 row)

select 1::int1 # 1::float4;
 ?column? 
----------
 0
(1 row)

select 1::int2 # 1::float4;
 ?column? 
----------
        0
(1 row)

select 1::int4 # 1::float4;
 ?column? 
----------
        0
(1 row)

select 1::int8 # 1::float4;
 ?column? 
----------
        0
(1 row)

select 1::int1 # 1::float8;
 ?column? 
----------
 0
(1 row)

select 1::int2 # 1::float8;
 ?column? 
----------
        0
(1 row)

select 1::int4 # 1::float8;
 ?column? 
----------
        0
(1 row)

select 1::int8 # 1::float8;
 ?column? 
----------
        0
(1 row)

select 1::int1 # 1::text;
 ?column? 
----------
 0
(1 row)

select 1::int2 # 1::text;
 ?column? 
----------
        0
(1 row)

select 1::int4 # 1::text;
 ?column? 
----------
        0
(1 row)

select 1::int8 # 1::text;
 ?column? 
----------
        0
(1 row)

select 1::int1 & 1::float4;
 ?column? 
----------
 1
(1 row)

select 1::int2 & 1::float4;
 ?column? 
----------
        1
(1 row)

select 1::int4 & 1::float4;
 ?column? 
----------
        1
(1 row)

select 1::int8 & 1::float4;
 ?column? 
----------
        1
(1 row)

select 1::int1 & 1::float8;
 ?column? 
----------
 1
(1 row)

select 1::int2 & 1::float8;
 ?column? 
----------
        1
(1 row)

select 1::int4 & 1::float8;
 ?column? 
----------
        1
(1 row)

select 1::int8 & 1::float8;
 ?column? 
----------
        1
(1 row)

select 1::int1 & 1::text;
 ?column? 
----------
 1
(1 row)

select 1::int2 & 1::text;
 ?column? 
----------
        1
(1 row)

select 1::int4 & 1::text;
 ?column? 
----------
        1
(1 row)

select 1::int8 & 1::text;
 ?column? 
----------
        1
(1 row)

select 1::int1 | 1::float4;
 ?column? 
----------
 1
(1 row)

select 1::int2 | 1::float4;
 ?column? 
----------
        1
(1 row)

select 1::int4 | 1::float4;
 ?column? 
----------
        1
(1 row)

select 1::int8 | 1::float4;
 ?column? 
----------
        1
(1 row)

select 1::int1 | 1::float8;
 ?column? 
----------
 1
(1 row)

select 1::int2 | 1::float8;
 ?column? 
----------
        1
(1 row)

select 1::int4 | 1::float8;
 ?column? 
----------
        1
(1 row)

select 1::int8 | 1::float8;
 ?column? 
----------
        1
(1 row)

select 1::int1 | 1::text;
 ?column? 
----------
 1
(1 row)

select 1::int2 | 1::text;
 ?column? 
----------
        1
(1 row)

select 1::int4 | 1::text;
 ?column? 
----------
        1
(1 row)

select 1::int8 | 1::text;
 ?column? 
----------
        1
(1 row)

drop schema implicit_cast cascade;
reset current_schema;
