create schema interval_units;
set current_schema = interval_units;
select date_add('1997-12-31 23:59:59',INTERVAL '1:1' MINUTE_SECOND);
      date_add       
---------------------
 1998-01-01 00:01:00
(1 row)

select date_add('1997-12-31 23:59:59',INTERVAL '1 1' MINUTE_SECOND);
      date_add       
---------------------
 1998-01-01 00:01:00
(1 row)

select date_add('1997-12-31 23:59:59',INTERVAL '1:1' HOUR_MINUTE);
      date_add       
---------------------
 1998-01-01 01:00:59
(1 row)

select date_add('1997-12-31 23:59:59',INTERVAL '1 1' HOUR_MINUTE);
      date_add       
---------------------
 1998-01-01 01:00:59
(1 row)

select date_add('1997-12-31 23:59:59',INTERVAL '1:1' DAY_HOUR);
      date_add       
---------------------
 1998-01-02 00:59:59
(1 row)

select date_add('1997-12-31 23:59:59',INTERVAL '1 1' DAY_HOUR);
      date_add       
---------------------
 1998-01-02 00:59:59
(1 row)

select date_add('1997-12-31 23:59:59',INTERVAL '1:1' YEAR_MONTH);
      date_add       
---------------------
 1999-01-31 23:59:59
(1 row)

select date_add('1997-12-31 23:59:59',INTERVAL '1 1' YEAR_MONTH);
      date_add       
---------------------
 1999-01-31 23:59:59
(1 row)

select date_add('1997-12-31 23:59:59',INTERVAL '1:1:1' HOUR_SECOND);
      date_add       
---------------------
 1998-01-01 01:01:00
(1 row)

select date_add('1997-12-31 23:59:59',INTERVAL '1 1:1' HOUR_SECOND);
      date_add       
---------------------
 1998-01-01 01:01:00
(1 row)

select date_add('1997-12-31 23:59:59',INTERVAL '1:1 1' HOUR_SECOND);
      date_add       
---------------------
 1998-01-01 01:01:00
(1 row)

select date_add('1997-12-31 23:59:59',INTERVAL '1 1 1' HOUR_SECOND);
      date_add       
---------------------
 1998-01-01 01:01:00
(1 row)

select date_add('1997-12-31 23:59:59',INTERVAL '1:1:1' DAY_MINUTE);
      date_add       
---------------------
 1998-01-02 01:00:59
(1 row)

select date_add('1997-12-31 23:59:59',INTERVAL '1 1:1' DAY_MINUTE);
      date_add       
---------------------
 1998-01-02 01:00:59
(1 row)

select date_add('1997-12-31 23:59:59',INTERVAL '1:1 1' DAY_MINUTE);
      date_add       
---------------------
 1998-01-02 01:00:59
(1 row)

select date_add('1997-12-31 23:59:59',INTERVAL '1 1 1' DAY_MINUTE);
      date_add       
---------------------
 1998-01-02 01:00:59
(1 row)

select date_add('1997-12-31 23:59:59',INTERVAL '1:1:1:1' DAY_SECOND);
      date_add       
---------------------
 1998-01-02 01:01:00
(1 row)

select date_add('1997-12-31 23:59:59',INTERVAL '1 1:1:1' DAY_SECOND);
      date_add       
---------------------
 1998-01-02 01:01:00
(1 row)

select date_add('1997-12-31 23:59:59',INTERVAL '1:1 1:1' DAY_SECOND);
      date_add       
---------------------
 1998-01-02 01:01:00
(1 row)

select date_add('1997-12-31 23:59:59',INTERVAL '1:1:1 1' DAY_SECOND);
      date_add       
---------------------
 1998-01-02 01:01:00
(1 row)

select date_add('1997-12-31 23:59:59',INTERVAL '1 1 1:1' DAY_SECOND);
      date_add       
---------------------
 1998-01-02 01:01:00
(1 row)

select date_add('1997-12-31 23:59:59',INTERVAL '1 1:1 1' DAY_SECOND);
      date_add       
---------------------
 1998-01-02 01:01:00
(1 row)

select date_add('1997-12-31 23:59:59',INTERVAL '1:1 1 1' DAY_SECOND);
      date_add       
---------------------
 1998-01-02 01:01:00
(1 row)

select date_add('1997-12-31 23:59:59',INTERVAL '1 1 1 1' DAY_SECOND);
      date_add       
---------------------
 1998-01-02 01:01:00
(1 row)

select date_add('1997-12-31 23:59:59',INTERVAL '1:1:1:1:111' DAY_MICROSECOND);
        date_add         
-------------------------
 1998-01-02 01:01:00.111
(1 row)

select date_add('1997-12-31 23:59:59',INTERVAL '1:1:1:1.111' DAY_MICROSECOND);
        date_add         
-------------------------
 1998-01-01 01:01:00.111
(1 row)

select date_add('1997-12-31 23:59:59',INTERVAL '1:1:1:1 111' DAY_MICROSECOND);
        date_add         
-------------------------
 1998-01-02 01:01:00.111
(1 row)

select date_add('1997-12-31 23:59:59',INTERVAL '1 1:1:1:111' DAY_MICROSECOND);
        date_add         
-------------------------
 1998-01-02 01:01:00.111
(1 row)

select date_add('1997-12-31 23:59:59',INTERVAL '1 1:1:1.111' DAY_MICROSECOND);
        date_add         
-------------------------
 1998-01-02 01:01:00.111
(1 row)

select date_add('1997-12-31 23:59:59',INTERVAL '1 1:1:1 111' DAY_MICROSECOND);
        date_add         
-------------------------
 1998-01-02 01:01:00.111
(1 row)

select date_add('1997-12-31 23:59:59',INTERVAL '1:1 1:1:111' DAY_MICROSECOND);
        date_add         
-------------------------
 1998-01-02 01:01:00.111
(1 row)

select date_add('1997-12-31 23:59:59',INTERVAL '1:1 1:1.111' DAY_MICROSECOND);
        date_add         
-------------------------
 1998-01-02 01:01:00.111
(1 row)

select date_add('1997-12-31 23:59:59',INTERVAL '1:1 1:1 111' DAY_MICROSECOND);
        date_add         
-------------------------
 1998-01-02 01:01:00.111
(1 row)

select date_add('1997-12-31 23:59:59',INTERVAL '1:1:1 1:111' DAY_MICROSECOND);
        date_add         
-------------------------
 1998-01-02 01:01:00.111
(1 row)

select date_add('1997-12-31 23:59:59',INTERVAL '1:1:1 1.111' DAY_MICROSECOND);
        date_add         
-------------------------
 1998-01-02 01:01:00.111
(1 row)

select date_add('1997-12-31 23:59:59',INTERVAL '1:1:1 1 111' DAY_MICROSECOND);
        date_add         
-------------------------
 1998-01-02 01:01:00.111
(1 row)

select date_add('1997-12-31 23:59:59',INTERVAL '1 1 1:1:111' DAY_MICROSECOND);
        date_add         
-------------------------
 1998-01-02 01:01:00.111
(1 row)

select date_add('1997-12-31 23:59:59',INTERVAL '1 1 1:1.111' DAY_MICROSECOND);
        date_add         
-------------------------
 1998-01-02 01:01:00.111
(1 row)

select date_add('1997-12-31 23:59:59',INTERVAL '1 1 1:1 111' DAY_MICROSECOND);
        date_add         
-------------------------
 1998-01-02 01:01:00.111
(1 row)

select date_add('1997-12-31 23:59:59',INTERVAL '1 1:1 1:111' DAY_MICROSECOND);
        date_add         
-------------------------
 1998-01-02 01:01:00.111
(1 row)

select date_add('1997-12-31 23:59:59',INTERVAL '1 1:1 1.111' DAY_MICROSECOND);
        date_add         
-------------------------
 1998-01-02 01:01:00.111
(1 row)

select date_add('1997-12-31 23:59:59',INTERVAL '1 1:1 1 111' DAY_MICROSECOND);
        date_add         
-------------------------
 1998-01-02 01:01:00.111
(1 row)

select date_add('1997-12-31 23:59:59',INTERVAL '1:1 1 1:111' DAY_MICROSECOND);
        date_add         
-------------------------
 1998-01-02 01:01:00.111
(1 row)

select date_add('1997-12-31 23:59:59',INTERVAL '1:1 1 1.111' DAY_MICROSECOND);
        date_add         
-------------------------
 1998-01-02 01:01:00.111
(1 row)

select date_add('1997-12-31 23:59:59',INTERVAL '1:1 1 1 111' DAY_MICROSECOND);
        date_add         
-------------------------
 1998-01-02 01:01:00.111
(1 row)

select date_add('1997-12-31 23:59:59',INTERVAL '1 1 1 1:111' DAY_MICROSECOND);
        date_add         
-------------------------
 1998-01-02 01:01:00.111
(1 row)

select date_add('1997-12-31 23:59:59',INTERVAL '1 1 1 1.111' DAY_MICROSECOND);
        date_add         
-------------------------
 1998-01-02 01:01:00.111
(1 row)

select date_add('1997-12-31 23:59:59',INTERVAL '1 1 1 1 111' DAY_MICROSECOND);
        date_add         
-------------------------
 1998-01-02 01:01:00.111
(1 row)

select date_add('1997-12-31 23:59:59',INTERVAL '1:1:1:111' HOUR_MICROSECOND);
        date_add         
-------------------------
 1998-01-01 01:01:00.111
(1 row)

select date_add('1997-12-31 23:59:59',INTERVAL '1:1:1.111' HOUR_MICROSECOND);
        date_add         
-------------------------
 1998-01-01 01:01:00.111
(1 row)

select date_add('1997-12-31 23:59:59',INTERVAL '1:1:1 111' HOUR_MICROSECOND);
        date_add         
-------------------------
 1998-01-01 01:01:00.111
(1 row)

select date_add('1997-12-31 23:59:59',INTERVAL '1 1:1:111' HOUR_MICROSECOND);
        date_add         
-------------------------
 1998-01-01 01:01:00.111
(1 row)

select date_add('1997-12-31 23:59:59',INTERVAL '1 1:1.111' HOUR_MICROSECOND);
        date_add         
-------------------------
 1998-01-01 01:01:00.111
(1 row)

select date_add('1997-12-31 23:59:59',INTERVAL '1 1:1 111' HOUR_MICROSECOND);
        date_add         
-------------------------
 1998-01-01 01:01:00.111
(1 row)

select date_add('1997-12-31 23:59:59',INTERVAL '1:1 1:111' HOUR_MICROSECOND);
        date_add         
-------------------------
 1998-01-01 01:01:00.111
(1 row)

select date_add('1997-12-31 23:59:59',INTERVAL '1:1 1.111' HOUR_MICROSECOND);
        date_add         
-------------------------
 1998-01-01 01:01:00.111
(1 row)

select date_add('1997-12-31 23:59:59',INTERVAL '1:1 1 111' HOUR_MICROSECOND);
        date_add         
-------------------------
 1998-01-01 01:01:00.111
(1 row)

select date_add('1997-12-31 23:59:59',INTERVAL '1 1 1:111' HOUR_MICROSECOND);
        date_add         
-------------------------
 1998-01-01 01:01:00.111
(1 row)

select date_add('1997-12-31 23:59:59',INTERVAL '1 1 1.111' HOUR_MICROSECOND);
        date_add         
-------------------------
 1998-01-01 01:01:00.111
(1 row)

select date_add('1997-12-31 23:59:59',INTERVAL '1 1 1 111' HOUR_MICROSECOND);
        date_add         
-------------------------
 1998-01-01 01:01:00.111
(1 row)

select date_add('1997-12-31 23:59:59',INTERVAL '1:1:111' MINUTE_MICROSECOND);
        date_add         
-------------------------
 1998-01-01 00:01:00.111
(1 row)

select date_add('1997-12-31 23:59:59',INTERVAL '1:1.111' MINUTE_MICROSECOND);
        date_add         
-------------------------
 1998-01-01 00:01:00.111
(1 row)

select date_add('1997-12-31 23:59:59',INTERVAL '1:1 111' MINUTE_MICROSECOND);
        date_add         
-------------------------
 1998-01-01 00:01:00.111
(1 row)

select date_add('1997-12-31 23:59:59',INTERVAL '1 1:111' MINUTE_MICROSECOND);
        date_add         
-------------------------
 1998-01-01 00:01:00.111
(1 row)

select date_add('1997-12-31 23:59:59',INTERVAL '1 1.111' MINUTE_MICROSECOND);
        date_add         
-------------------------
 1998-01-01 00:01:00.111
(1 row)

select date_add('1997-12-31 23:59:59',INTERVAL '1 1 111' MINUTE_MICROSECOND);
        date_add         
-------------------------
 1998-01-01 00:01:00.111
(1 row)

select date_add('1997-12-31 23:59:59',INTERVAL '1:111' SECOND_MICROSECOND);
        date_add         
-------------------------
 1998-01-01 00:00:00.111
(1 row)

select date_add('1997-12-31 23:59:59',INTERVAL '1.111' SECOND_MICROSECOND);
        date_add         
-------------------------
 1998-01-01 00:00:00.111
(1 row)

select date_add('1997-12-31 23:59:59',INTERVAL '1 111' SECOND_MICROSECOND);
        date_add         
-------------------------
 1998-01-01 00:00:00.111
(1 row)

select date_add('1997-12-31 23:59:59',INTERVAL '111' MICROSECOND);
          date_add          
----------------------------
 1997-12-31 23:59:59.000111
(1 row)

select date_add('1995-01-05', INTERVAL '1' WEEK);
  date_add  
------------
 1995-01-12
(1 row)

reset current_schema;
drop schema interval_units;
