create schema json_objectagg_test;
set current_schema to 'json_objectagg_test';
-- create table for test
create table City(District varchar(30), Name varchar(30), Population int);
insert into City values ('Capital Region','Canberra',322723);
insert into City values ('New South Wales','Sydney',3276207);
insert into City values ('New South Wales','Newcastle',270324);
insert into City values ('New South Wales','Central Coast',227657);
insert into City values ('New South Wales','Wollongong',219761);
insert into City values ('Queensland','Brisbane',1291117);
insert into City values ('Queensland','Gold Coast',311932);
insert into City values ('Queensland','Townsville',109914);
insert into City values ('Queensland','Cairns',92273);
insert into City values ('South Australia','Adelaide',978100);
insert into City values ('Tasmania','Hobart',126118);
insert into City values ('Victoria','Melbourne',2865329);
insert into City values ('Victoria','Geelong',125382);
insert into City values ('West Australia','Perth',1096829);
-- test function
SELECT 
  JSON_OBJECTAGG(Name, Population) AS "City/Population"
FROM City;
                                                                                                                                        City/Population                                                                                                                                         
------------------------------------------------------------------------------------------------------------------------------------------------------------------------------------------------------------------------------------------------------------------------------------------------
 {"Perth": 1096829, "Hobart": 126118, "Cairns": 92273, "Sydney": 3276207, "Geelong": 125382, "Adelaide": 978100, "Brisbane": 1291117, "Canberra": 322723, "Melbourne": 2865329, "Newcastle": 270324, "Gold Coast": 311932, "Wollongong": 219761, "Townsville": 109914, "Central Coast": 227657}
(1 row)

SELECT 
  District AS State,
  JSON_OBJECTAGG(Name, Population) AS "City/Population"
FROM City
GROUP BY State;
      state      |                                     City/Population                                     
-----------------+-----------------------------------------------------------------------------------------
 West Australia  | {"Perth": 1096829}
 Queensland      | {"Cairns": 92273, "Brisbane": 1291117, "Gold Coast": 311932, "Townsville": 109914}
 New South Wales | {"Sydney": 3276207, "Newcastle": 270324, "Wollongong": 219761, "Central Coast": 227657}
 Tasmania        | {"Hobart": 126118}
 Victoria        | {"Geelong": 125382, "Melbourne": 2865329}
 South Australia | {"Adelaide": 978100}
 Capital Region  | {"Canberra": 322723}
(7 rows)

CREATE TEMP TABLE foo (serial_num int, name text, type text);
INSERT INTO foo VALUES (847001,'t15','GE1043');
INSERT INTO foo VALUES (847002,'t16','GE1043');
INSERT INTO foo VALUES (847003,'sub-alpha','GESS90');
SELECT json_objectagg(serial_num,json_build_object('name',name,'type',type))
FROM foo;
                                                                json_objectagg                                                                 
-----------------------------------------------------------------------------------------------------------------------------------------------
 {"847001": {"name": "t15", "type": "GE1043"}, "847002": {"name": "t16", "type": "GE1043"}, "847003": {"name": "sub-alpha", "type": "GESS90"}}
(1 row)

create temp table time_table(a date, b numeric);
insert into time_table values(20200822, 1);
insert into time_table values(20211001, 2);
insert into time_table values(20221204, 3);
select json_objectagg(b, a) from time_table;
                      json_objectagg                       
-----------------------------------------------------------
 {"1": "08-22-2020", "2": "10-01-2021", "3": "12-04-2022"}
(1 row)

drop schema json_objectagg_test cascade;
NOTICE:  drop cascades to table city
reset current_schema;
