create schema test_json_unquote;
set current_schema to 'test_json_unquote';
select json_unquote('"abc"');
 json_unquote 
--------------
 abc
(1 row)

select json_unquote('abc');
 json_unquote 
--------------
 abc
(1 row)

select json_unquote('"abc');
 json_unquote 
--------------
 "abc
(1 row)

select json_unquote('"abc\t');
 json_unquote 
--------------
 "abc    
(1 row)

select json_unquote('"abc\\t');
 json_unquote 
--------------
 "abc\t
(1 row)

select json_unquote('"abc\\t"');
 json_unquote 
--------------
 abc     
(1 row)

select json_unquote('"ab\\tc"');
 json_unquote 
--------------
 ab      c
(1 row)

select json_unquote('"abc"\t');
 json_unquote 
--------------
 "abc"   
(1 row)

select json_unquote('"abc"\\t');
 json_unquote 
--------------
 "abc"\t
(1 row)

select json_unquote('"ab"djoada"c"');
ERROR:  Invalid data type for JSON data in argument 1 to function json_unquote
CONTEXT:  referenced column: json_unquote
select json_unquote('a"bdw\tc');
 json_unquote 
--------------
 a"bdw   c
(1 row)

select json_unquote('"abdmad\\tc"');
 json_unquote 
--------------
 abdmad  c
(1 row)

select json_unquote('abc\\t"dwaj');
 json_unquote 
--------------
 abc\t"dwaj
(1 row)

select json_unquote('"abcmdw\tmdkw"');
ERROR:  Invalid data type for JSON data in argument 1 to function json_unquote
CONTEXT:  referenced column: json_unquote
select json_unquote('"abs""c"\t');
   json_unquote   
------------------
 "abs""c"        
(1 row)

select json_unquote('abc\\t');
 json_unquote 
--------------
 abc\t
(1 row)

select json_unquote('abcdw\t');
 json_unquote 
--------------
 abcdw   
(1 row)

select json_unquote('"ab"c');
 json_unquote 
--------------
 "ab"c
(1 row)

select json_unquote('a"bc');
 json_unquote 
--------------
 a"bc
(1 row)

select json_unquote('ab\tc"');
 json_unquote 
--------------
 ab      c"
(1 row)

select json_unquote('ab\\tc"');
 json_unquote 
--------------
 ab\tc"
(1 row)

select json_unquote('\t"abc"');
 json_unquote  
---------------
         "abc"
(1 row)

select json_unquote('\\t"abc"');
 json_unquote 
--------------
 \t"abc"
(1 row)

select json_unquote('a\\t"bc"');
 json_unquote 
--------------
 a\t"bc"
(1 row)

SELECT JSON_UNQUOTE('"\\t\\u0032"');
 json_unquote 
--------------
         2
(1 row)

select json_unquote('"\\u0032a"');
 json_unquote 
--------------
 2a
(1 row)

select json_unquote('" \\u554a kbhjfuk..."');
  json_unquote  
----------------
  啊 kbhjfuk...
(1 row)

select json_unquote('"abcd\\t kjh \\u554 kbhjfuk"');
ERROR:  Incorrent hex digit after \u escape in string
CONTEXT:  referenced column: json_unquote
create table data(name VARCHAR(20) PRIMARY KEY);
NOTICE:  CREATE TABLE / PRIMARY KEY will create implicit index "data_pkey" for table "data"
insert into data (name) value(json_unquote('"sjy"'));
select name from data;
 name 
------
 sjy
(1 row)

drop table data;
drop schema test_json_unquote cascade;
reset current_schema;
