drop database if exists test_kill;
NOTICE:  database "test_kill" does not exist, skipping
create database test_kill dbcompatibility 'b';
\c test_kill
kill query (select sessionid from pg_stat_activity where application_name = 'JobScheduler');
 result 
--------
 t
(1 row)

kill connection (select sessionid from pg_stat_activity where application_name = 'JobScheduler');
 result 
--------
 t
(1 row)

kill (select sessionid from pg_stat_activity where application_name = 'PercentileJob');
 result 
--------
 t
(1 row)

\c postgres
drop database if exists test_kill;
