create schema db_nvarchar;
set current_schema to 'db_nvarchar';
--
-- VARCHAR
--
CREATE TABLE NVARCHAR_TBL(f1 nvarchar(1));
INSERT INTO NVARCHAR_TBL (f1) VALUES ('a');
INSERT INTO NVARCHAR_TBL (f1) VALUES ('A');
-- any of the following three input formats are acceptable
INSERT INTO NVARCHAR_TBL (f1) VALUES ('1');
INSERT INTO NVARCHAR_TBL (f1) VALUES (2);
INSERT INTO NVARCHAR_TBL (f1) VALUES ('3');
-- zero-length char
INSERT INTO NVARCHAR_TBL (f1) VALUES ('');
-- try varchar's of greater than 1 length
INSERT INTO NVARCHAR_TBL (f1) VALUES ('cd');
ERROR:  value too long for type nvarchar2(1)
CONTEXT:  referenced column: f1
INSERT INTO NVARCHAR_TBL (f1) VALUES ('c     ');
SELECT '' AS seven, * FROM NVARCHAR_TBL;
 seven | f1 
-------+----
       | a
       | A
       | 1
       | 2
       | 3
       | 
       | c
(7 rows)

SELECT '' AS six, c.*
   FROM NVARCHAR_TBL c
   WHERE c.f1 <> 'a';
 six | f1 
-----+----
     | A
     | 1
     | 2
     | 3
     | 
     | c
(6 rows)

SELECT '' AS one, c.*
   FROM NVARCHAR_TBL c
   WHERE c.f1 = 'a';
 one | f1 
-----+----
     | a
(1 row)

SELECT '' AS five, c.*
   FROM NVARCHAR_TBL c
   WHERE c.f1 < 'a';
 five | f1 
------+----
      | 1
      | 2
      | 3
      | 
(4 rows)

SELECT '' AS six, c.*
   FROM NVARCHAR_TBL c
   WHERE c.f1 <= 'a';
 six | f1 
-----+----
     | a
     | 1
     | 2
     | 3
     | 
(5 rows)

SELECT '' AS one, c.*
   FROM NVARCHAR_TBL c
   WHERE c.f1 > 'a';
 one | f1 
-----+----
     | A
     | c
(2 rows)

SELECT '' AS two, c.*
   FROM NVARCHAR_TBL c
   WHERE c.f1 >= 'a';
 two | f1 
-----+----
     | a
     | A
     | c
(3 rows)

DROP TABLE NVARCHAR_TBL;
--
-- Now test longer arrays of char
--
CREATE TABLE NVARCHAR_TBL(f1 nvarchar(4));
INSERT INTO NVARCHAR_TBL (f1) VALUES ('a');
INSERT INTO NVARCHAR_TBL (f1) VALUES ('ab');
INSERT INTO NVARCHAR_TBL (f1) VALUES ('abcd');
INSERT INTO NVARCHAR_TBL (f1) VALUES ('abcde');
ERROR:  value too long for type nvarchar2(4)
CONTEXT:  referenced column: f1
INSERT INTO NVARCHAR_TBL (f1) VALUES ('abcd    ');
SELECT '' AS four, * FROM NVARCHAR_TBL;
 four |  f1  
------+------
      | a
      | ab
      | abcd
      | abcd
(4 rows)

set dolphin.b_compatibility_mode to on;
set b_format_behavior_compat_options = 'enable_set_variables';
SET extra_float_digits = 3;
create table t_text0001(
    c1 int,
    c2 national varchar(1),
    c3 national varchar(10),
    c4 national varchar(255),
    c5 text,
    c6 text(1),
    c7 text(10),
    c8 text(255),
    c9 tinytext,
    c10 mediumtext,
    c11 longtext,
    c12 varchar(1),
    c13 varchar(255),
    c14 char(10)) charset utf8;
	
set @val = 3.14159265;
insert into t_text0001 values (1, substr(@val, 1, 1), @val, @val, @val, substr(@val, 1, 1), @val, @val, @val, @val, @val, substr(@val, 1, 1), @val, @val);
insert into t_text0001 values (1, substr(@val, 1, 1), @val::float4, @val::float4, @val::float4, substr(@val, 1, 1), @val::float4, @val::float4, @val::float4, @val::float4, @val::float4, substr(@val, 1, 1), @val::float4, @val::float4);
set @val = -12.1314;
insert into t_text0001 values (1, substr(@val, 1, 1), @val, @val, @val, substr(@val, 1, 1), @val, @val, @val, @val, @val, substr(@val, 1, 1), @val, @val);
insert into t_text0001 values (1, substr(@val, 1, 1), @val::float4, @val::float4, @val::float4, substr(@val, 1, 1), @val::float4, @val::float4, @val::float4, @val::float4, @val::float4, substr(@val, 1, 1), @val::float4, @val::float4);
select * from t_text0001;
 c1 | c2 |     c3     |     c4     |         c5          | c6 |         c7          |         c8          |         c9          |         c10         |         c11         | c12 |         c13         |    c14     
----+----+------------+------------+---------------------+----+---------------------+---------------------+---------------------+---------------------+---------------------+-----+---------------------+------------
  1 | 3  | 3.14159265 | 3.14159265 | 3.1415926500000002  | 3  | 3.1415926500000002  | 3.1415926500000002  | 3.1415926500000002  | 3.1415926500000002  | 3.1415926500000002  | 3   | 3.1415926500000002  | 3.14159265
  1 | 3  | 3.14159    | 3.14159    | 3.1415927           | 3  | 3.1415927           | 3.1415927           | 3.1415927           | 3.1415927           | 3.1415927           | 3   | 3.1415927           | 3.14159   
  1 | -  | -12.1314   | -12.1314   | -12.131399999999999 | -  | -12.131399999999999 | -12.131399999999999 | -12.131399999999999 | -12.131399999999999 | -12.131399999999999 | -   | -12.131399999999999 | -12.1314  
  1 | -  | -12.1314   | -12.1314   | -12.1314            | -  | -12.1314            | -12.1314            | -12.1314            | -12.1314            | -12.1314            | -   | -12.1314            | -12.1314  
(4 rows)

drop table t_text0001;
--test extra_float_digits
reset extra_float_digits;
select 1.234::float4;
 float4 
--------
  1.234
(1 row)

select 1.234::float8;
 float8 
--------
  1.234
(1 row)

select 3.14159265358979323846::float4;
 float4  
---------
 3.14159
(1 row)

select 3.14159265358979323846::float8;
      float8       
-------------------
 3.141592653589793
(1 row)

select concat(1.234::float4,'a');
 concat 
--------
 1.234a
(1 row)

select concat(1.234::float8,'a');
 concat 
--------
 1.234a
(1 row)

set extra_float_digits = 2;
select 1.234::float4;
 float4 
--------
  1.234
(1 row)

select 1.234::float8;
 float8 
--------
  1.234
(1 row)

select 3.14159265358979323846::float4;
  float4   
-----------
 3.1415927
(1 row)

select 3.14159265358979323846::float8;
       float8       
--------------------
 3.1415926535897931
(1 row)

select concat(1.234::float4,'a');
 concat 
--------
 1.234a
(1 row)

select concat(1.234::float8,'a');
 concat 
--------
 1.234a
(1 row)

set extra_float_digits = 3;
select 1.234::float4;
 float4 
--------
  1.234
(1 row)

select 1.234::float8;
 float8 
--------
  1.234
(1 row)

select 3.14159265358979323846::float4;
  float4   
-----------
 3.1415927
(1 row)

select 3.14159265358979323846::float8;
       float8       
--------------------
 3.1415926535897931
(1 row)

select concat(1.234::float4,'a');
 concat 
--------
 1.234a
(1 row)

select concat(1.234::float8,'a');
 concat 
--------
 1.234a
(1 row)

drop schema db_nvarchar cascade;
NOTICE:  drop cascades to table nvarchar_tbl
reset current_schema;
