create schema db_oct;
set current_schema to 'db_oct';
-- 测试正常数字十进制转八进制
SELECT OCT(10);
 oct 
-----
 12
(1 row)

-- 测试边界
SELECT OCT(18446744073709551614);
          oct           
------------------------
 1777777777777777777776
(1 row)

SELECT OCT(18446744073709551615);
          oct           
------------------------
 1777777777777777777777
(1 row)

SELECT OCT(18446744073709551616);
          oct           
------------------------
 1777777777777777777777
(1 row)

SELECT OCT(-18446744073709551615);
 oct 
-----
 1
(1 row)

SELECT OCT(-18446744073709551616);
          oct           
------------------------
 1777777777777777777777
(1 row)

SELECT OCT(-18446744073709551617);
          oct           
------------------------
 1777777777777777777777
(1 row)

-- 测试小数、分数
SELECT OCT('9.2');
 oct 
-----
 11
(1 row)

SELECT OCT('9.6');
 oct 
-----
 11
(1 row)

SELECT OCT('-9.2');
          oct           
------------------------
 1777777777777777777767
(1 row)

SELECT OCT('-9.6');
          oct           
------------------------
 1777777777777777777767
(1 row)

SELECT OCT(9.2);
 oct 
-----
 11
(1 row)

SELECT OCT(9.6);
 oct 
-----
 11
(1 row)

SELECT OCT(-9.2);
          oct           
------------------------
 1777777777777777777767
(1 row)

SELECT OCT(-9.6);
          oct           
------------------------
 1777777777777777777767
(1 row)

select oct(-13/4);
          oct           
------------------------
 1777777777777777777775
(1 row)

-- 测试特殊符号
SELECT OCT('+19.6');
 oct 
-----
 23
(1 row)

SELECT OCT('a9');
 oct 
-----
 0
(1 row)

SELECT OCT('!9');
 oct 
-----
 0
(1 row)

SELECT OCT('@#9');
 oct 
-----
 0
(1 row)

-- 测试正常数字十进制转八进制
SELECT OCT('10');
 oct 
-----
 12
(1 row)

-- 测试边界
SELECT OCT('18446744073709551614');
          oct           
------------------------
 1777777777777777777776
(1 row)

SELECT OCT('18446744073709551615');
          oct           
------------------------
 1777777777777777777777
(1 row)

SELECT OCT('18446744073709551616');
          oct           
------------------------
 1777777777777777777777
(1 row)

SELECT OCT('-18446744073709551615');
 oct 
-----
 1
(1 row)

SELECT OCT('-18446744073709551616');
          oct           
------------------------
 1777777777777777777777
(1 row)

SELECT OCT('-18446744073709551617');
          oct           
------------------------
 1777777777777777777777
(1 row)

-- 测试输入bool值
SELECT OCT(True);
 oct 
-----
 1
(1 row)

SELECT OCT(False);
 oct 
-----
 0
(1 row)

-- 测试输入日期类型
set datestyle = 'ISO, MDY';
SELECT OCT('2023-12-31'::date);
 oct  
------
 3747
(1 row)

SELECT OCT('2023-12-31'::datetime);
 oct  
------
 3747
(1 row)

SELECT OCT('2023-12-31'::timestamp);
 oct  
------
 3747
(1 row)

SELECT OCT('12:34:56'::time);
 oct 
-----
 14
(1 row)

SELECT CONV('2023-12-31'::date, 10, 8);
 conv 
------
 3747
(1 row)

SELECT CONV('2023-12-31'::datetime, 10, 8);
 conv 
------
 3747
(1 row)

SELECT CONV('2023-12-31'::timestamp, 10, 8);
 conv 
------
 3747
(1 row)

SELECT CONV('12:34:56'::time, 10, 8);
 conv 
------
 14
(1 row)

reset datestyle;
-- 测试处理表格
drop table if exists test_oct;
NOTICE:  table "test_oct" does not exist, skipping
create table test_oct (name text);
insert into test_oct values('10'),('11');
select oct(name) from test_oct;
 oct 
-----
 12
 13
(2 rows)

drop table if exists test_oct;
drop schema db_oct cascade;
reset current_schema;
