create table test_op_associativity(a int);
insert into test_op_associativity values (12);
insert into test_op_associativity values (12);
set dolphin.sql_mode = '';
select * from test_op_associativity where (length(a) > 1 || length(a) >1);
 a  
----
 12
 12
(2 rows)

set dolphin.sql_mode = 'pipes_as_concat';
select * from test_op_associativity where (length(a) > 1 || length(a) >1);
 a 
---
(0 rows)

select 1 < 2 < 3;
 ?column? 
----------
 t
(1 row)

select 2 < 1 < 3;
 ?column? 
----------
 t
(1 row)

select 2 < (1 < 3);
 ?column? 
----------
 f
(1 row)

select 3 > 2 > 1;
 ?column? 
----------
 f
(1 row)

select -2 > -3 > 0;
 ?column? 
----------
 t
(1 row)

select -2 > (-3 > 0);
 ?column? 
----------
 f
(1 row)

select 1 <= 2 <= 2;
 ?column? 
----------
 t
(1 row)

select 2 <= 1 <= 2;
 ?column? 
----------
 t
(1 row)

select 2 <= (1 <= 2);
 ?column? 
----------
 f
(1 row)

select 3 >= 2 >= 1;
 ?column? 
----------
 t
(1 row)

select -2 >= -3 >= 0;
 ?column? 
----------
 t
(1 row)

select -2 >= (-3 >= 0);
 ?column? 
----------
 f
(1 row)

select 1 != 1 != 1;
 ?column? 
----------
 t
(1 row)

select 1 != 0 != 1;
 ?column? 
----------
 f
(1 row)

select 2 != 1 != 0;
 ?column? 
----------
 t
(1 row)

