create database second_microsecond dbcompatibility = 'b';
\c second_microsecond
select microsecond(timestamp '2021-11-4 16:30:44.3411');
 microsecond 
-------------
      341100
(1 row)

select second(timestamp(6) '2021-11-4 16:30:44.3411');
 second 
--------
     44
(1 row)

select microsecond(datetime '2021-11-4 16:30:44.3411');
 microsecond 
-------------
      341100
(1 row)

select second(datetime(6) '2021-11-4 16:30:44.3411');
 second 
--------
     44
(1 row)

select microsecond(timestamptz '2021-11-4 16:30:44.3411');
 microsecond 
-------------
      341100
(1 row)

select second(timestamptz(6) '2021-11-4 16:30:44.3411');
 second 
--------
     44
(1 row)

select microsecond(time '2021-11-4 16:30:44.3411');
 microsecond 
-------------
      341100
(1 row)

select second(time(6) '2021-11-4 16:30:44.3411');
 second 
--------
     44
(1 row)

select microsecond(timetz '2021-11-4 16:30:44.3411');
 microsecond 
-------------
      341100
(1 row)

select second(timetz(6) '2021-11-4 16:30:44.3411');
 second 
--------
     44
(1 row)

\c postgres
drop database second_microsecond;
