drop database if exists mysql;
NOTICE:  database "mysql" does not exist, skipping
create database mysql dbcompatibility 'b';
\c mysql
create extension dolphin;
show processlist;
--?    Id        |       Pid       |      QueryId      | UniqueSqlId |   User    | Host |    db    | .* |         BackendStart          |           XactStart           | .* | State  | .*
--?.*
--?.*
--?.*
--?.*
--?.*
--?.*
--?.*
--?.*
--?.*
--?.*
(9 rows)

show full processlist;
--?    Id        |       Pid       |      QueryId      | UniqueSqlId |   User    | Host |    db    | .* |         BackendStart          |           XactStart           | .* | State  | .*
--?.*
--?.*
--?.*
--?.*
--?.*
--?.*
--?.*
--?.*
--?.*
--?.*
(9 rows)

\c postgres
drop database if exists mysql;
