create schema tinyint_operator;
set current_schema to 'tinyint_operator';
select 1::int1 + 1::int1;
 ?column? 
----------
        2
(1 row)

select (-1)::int1 + (-1)::int1;
 ?column? 
----------
       -2
(1 row)

select 127::int1 + 127::int1;
 ?column? 
----------
      254
(1 row)

select (-128)::int1 + (-128)::int1;
 ?column? 
----------
     -256
(1 row)

select 1::int1 - 1::int1;
 ?column? 
----------
        0
(1 row)

select (-1)::int1 - (-1)::int1;
 ?column? 
----------
        0
(1 row)

select 127::int1 - (-1)::int1;
 ?column? 
----------
      128
(1 row)

select (-128)::int1 - 1::int1;
 ?column? 
----------
     -129
(1 row)

select 1::int1 * 1::int1;
 ?column? 
----------
        1
(1 row)

select (-1)::int1 * (-1)::int1;
 ?column? 
----------
        1
(1 row)

select 127::int1 * 127::int1;
 ?column? 
----------
    16129
(1 row)

select (-128)::int1 * (-128)::int1;
 ?column? 
----------
    16384
(1 row)

select 1::int1 / 1::int1;
        ?column?        
------------------------
 1.00000000000000000000
(1 row)

select (-1)::int1 / (-1)::int1;
        ?column?        
------------------------
 1.00000000000000000000
(1 row)

select 127::int1 / 127::int1;
        ?column?        
------------------------
 1.00000000000000000000
(1 row)

select (-128)::int1 / (-128)::int1;
        ?column?        
------------------------
 1.00000000000000000000
(1 row)

select 1::int1 % 1::int1;
 ?column? 
----------
 0
(1 row)

select (-1)::int1 % (-1)::int1;
 ?column? 
----------
 0
(1 row)

select 127::int1 % 127::int1;
 ?column? 
----------
 0
(1 row)

select (-128)::int1 % (-128)::int1;
 ?column? 
----------
 0
(1 row)

select 1::int1 & 1::int1;
 ?column? 
----------
 1
(1 row)

select (-1)::int1 & (-1)::int1;
 ?column? 
----------
 -1
(1 row)

select 127::int1 & 127::int1;
 ?column? 
----------
 127
(1 row)

select (-128)::int1 & (-128)::int1;
 ?column? 
----------
 -128
(1 row)

select 1::int1 | 1::int1;
 ?column? 
----------
 1
(1 row)

select (-1)::int1 | (-1)::int1;
 ?column? 
----------
 -1
(1 row)

select 127::int1 | 127::int1;
 ?column? 
----------
 127
(1 row)

select (-128)::int1 | (-128)::int1;
 ?column? 
----------
 -128
(1 row)

select 1::int1 # 1::int1;
 int1 
------
 1
(1 row)

select (-1)::int1 # (-1)::int1;
 int1 
------
 -1
(1 row)

select 127::int1 # 127::int1;
 int1 
------
 127
(1 row)

select (-128)::int1 # (-128)::int1;
 int1 
------
 -128
(1 row)

select ~1::int1;
       ?column?       
----------------------
 18446744073709551614
(1 row)

select ~(-1)::int1;
 ?column? 
----------
 0
(1 row)

select ~127::int1;
       ?column?       
----------------------
 18446744073709551488
(1 row)

select ~(-128)::int1;
 ?column? 
----------
 127
(1 row)

select -1::int1;
 ?column? 
----------
       -1
(1 row)

select -(-1)::int1;
 ?column? 
----------
        1
(1 row)

select -127::int1;
 ?column? 
----------
     -127
(1 row)

select -(-128)::int1;
 ?column? 
----------
      128
(1 row)

select +1::int1;
 ?column? 
----------
 1
(1 row)

select +(-1)::int1;
 ?column? 
----------
 -1
(1 row)

select +127::int1;
 ?column? 
----------
 127
(1 row)

select +(-128)::int1;
 ?column? 
----------
 -128
(1 row)

select @1::int1;
 ?column? 
----------
 1
(1 row)

select @(-1)::int1;
 ?column? 
----------
 1
(1 row)

select @127::int1;
 ?column? 
----------
 127
(1 row)

select @(-128)::int1;
ERROR:  tinyint out of range
create table t11(c11 tinyint(1), c12 smallint(2), c13 mediumint(3), c14 bigint(4), c15 int1(1), c16 int2(2), c17 int4(3), c18 int8(4), c19 uint1(1), c20 uint2(2), c21 uint4(3), c22 uint8(4));
select atttypmod from pg_attribute where attname in ('c11', 'c12', 'c13', 'c14', 'c15', 'c16', 'c17', 'c18', 'c19', 'c20', 'c21', 'c22') order by 1;
 atttypmod 
-----------
         1
         1
         1
         2
         2
         2
         3
         3
         3
         4
         4
         4
(12 rows)

create table all_int_test(a tinyint(255), b smallint(255), c mediumint, d mediumint(255), e int(255), f bigint(255));
create table all_int_test1(a tinyint(256), b smallint(255), c mediumint, d mediumint(255), e int(255), f bigint(255));
ERROR:  length for type int1 cannot exceed 255
LINE 1: create table all_int_test1(a tinyint(256), b smallint(255), ...
                                     ^
drop table t11;
drop table all_int_test;
drop schema tinyint_operator cascade;
reset current_schema;
