drop database if exists uint_cast3;
NOTICE:  database "uint_cast3" does not exist, skipping
create database uint_cast3 dbcompatibility 'b';
\c uint_cast3
select 1::uint1::int16;
 int16 
-------
     1
(1 row)

select 1::int16::uint1;
 uint1 
-------
 1
(1 row)

select 1::uint2::int16;
 int16 
-------
     1
(1 row)

select 1::int16::uint2;
 uint2 
-------
 1
(1 row)

select 1::uint4::int16;
 int16 
-------
     1
(1 row)

select 1::int16::uint4;
 uint4 
-------
 1
(1 row)

select 1::uint8::int16;
 int16 
-------
     1
(1 row)

select 1::int16::uint8;
 uint8 
-------
 1
(1 row)

select 1::uint1::clob;
 clob 
------
 1
(1 row)

select 1::clob::uint1;
 uint1 
-------
 1
(1 row)

select 1::uint2::clob;
 clob 
------
 1
(1 row)

select 1::clob::uint2;
 uint2 
-------
 1
(1 row)

select 1::uint4::clob;
 clob 
------
 1
(1 row)

select 1::clob::uint4;
 uint4 
-------
 1
(1 row)

select 1::uint8::clob;
 clob 
------
 1
(1 row)

select 1::clob::uint8;
 uint8 
-------
 1
(1 row)

select 1::uint4::abstime;
           abstime            
------------------------------
 Wed Dec 31 16:00:01 1969 PST
(1 row)

select 1::abstime::uint4;
 uint4 
-------
 1
(1 row)

select 1::uint4::reltime;
 reltime 
---------
 @ 1 sec
(1 row)

select 1::reltime::uint4;
 uint4 
-------
 1
(1 row)

select 1::uint1::bpchar;
 bpchar 
--------
 1
(1 row)

select 1::bpchar::uint1;
 uint1 
-------
 1
(1 row)

select 1::uint2::bpchar;
 bpchar 
--------
 1
(1 row)

select 1::bpchar::uint2;
 uint2 
-------
 1
(1 row)

select 1::uint4::bpchar;
 bpchar 
--------
 1
(1 row)

select 1::bpchar::uint4;
 uint4 
-------
 1
(1 row)

select 1::uint8::bpchar;
 bpchar 
--------
 1
(1 row)

select 1::bpchar::uint8;
 uint8 
-------
 1
(1 row)

select 1::uint1::varchar;
 varchar 
---------
 1
(1 row)

select 1::varchar::uint1;
 uint1 
-------
 1
(1 row)

select 1::uint2::varchar;
 varchar 
---------
 1
(1 row)

select 1::varchar::uint2;
 uint2 
-------
 1
(1 row)

select 1::uint4::varchar;
 varchar 
---------
 1
(1 row)

select 1::varchar::uint4;
 uint4 
-------
 1
(1 row)

select 1::uint8::varchar;
 varchar 
---------
 1
(1 row)

select 1::varchar::uint8;
 uint8 
-------
 1
(1 row)

select 1::uint4::bit;
 bit 
-----
 1
(1 row)

select 1::bit::uint4;
 uint4 
-------
 1
(1 row)

select 1::uint8::bit;
 bit 
-----
 1
(1 row)

select 1::bit::uint8;
 uint8 
-------
 1
(1 row)

select 1::uint1::nvarchar2;
 nvarchar2 
-----------
 1
(1 row)

select 1::nvarchar2::uint1;
 uint1 
-------
 1
(1 row)

select 1::uint2::nvarchar2;
 nvarchar2 
-----------
 1
(1 row)

select 1::nvarchar2::uint2;
 uint2 
-------
 1
(1 row)

select 1::uint4::nvarchar2;
 nvarchar2 
-----------
 1
(1 row)

select 1::nvarchar2::uint4;
 uint4 
-------
 1
(1 row)

select 1::uint8::nvarchar2;
 nvarchar2 
-----------
 1
(1 row)

select 1::nvarchar2::uint8;
 uint8 
-------
 1
(1 row)

select 1::uint1::money;
 money 
-------
 $1.00
(1 row)

select 1::uint2::money;;
 money 
-------
 $1.00
(1 row)

select 1::uint4::money;
 money 
-------
 $1.00
(1 row)

select 1::uint8::money;
 money 
-------
 $1.00
(1 row)

select 1::uint1::interval;
 interval 
----------
 @ 1 day
(1 row)

select 1::uint2::interval;;
 interval 
----------
 @ 1 day
(1 row)

select 1::uint4::interval;
 interval 
----------
 @ 1 day
(1 row)

select 151503::uint4::time;
   time   
----------
 15:15:03
(1 row)

select 19990101::uint4::date;
    date    
------------
 01-01-1999
(1 row)

select 19990101::uint4::timestamp;
         timestamptz          
------------------------------
 Fri Jan 01 00:00:00 1999 PST
(1 row)

select 19990101::uint4::timestamptz;
         timestamptz          
------------------------------
 Fri Jan 01 00:00:00 1999 PST
(1 row)

select 19990101::uint4::datetime;
        timestamp         
--------------------------
 Fri Jan 01 00:00:00 1999
(1 row)

select 19990101222222::uint8::timestamp;
         timestamptz          
------------------------------
 Fri Jan 01 22:22:22 1999 PST
(1 row)

select 19990101222222::uint8::timestamptz;
         timestamptz          
------------------------------
 Fri Jan 01 22:22:22 1999 PST
(1 row)

select 19990101222222::uint8::datetime;
        timestamp         
--------------------------
 Fri Jan 01 22:22:22 1999
(1 row)

select 1999::uint4::year;
 year 
------
 1999
(1 row)

select 1999::year::uint4;
 uint4 
-------
 1999
(1 row)

select (-1)::text::uint1;
 uint1 
-------
 255
(1 row)

select (-1)::text::uint2;
 uint2 
-------
 65535
(1 row)

select (-1)::text::uint4;
   uint4    
------------
 4294967295
(1 row)

select (-1)::text::uint8;
        uint8         
----------------------
 18446744073709551615
(1 row)

select '255'::text::uint1;
 uint1 
-------
 255
(1 row)

select '65535'::text::uint2;
 uint2 
-------
 65535
(1 row)

select '4294967295'::text::uint4;
   uint4    
------------
 4294967295
(1 row)

select '18446744073709551615'::text::uint8;
        uint8         
----------------------
 18446744073709551615
(1 row)

select '256'::text::uint1;
ERROR:  tinyint unsigned out of range
CONTEXT:  referenced column: uint1
select '65536'::text::uint2;
ERROR:  smallint unsigned out of range
CONTEXT:  referenced column: uint2
select '4294967296'::text::uint4;
ERROR:  int unsigned out of range
CONTEXT:  referenced column: uint4
select '18446744073709551616'::text::uint8;
ERROR:  bigint unsigned out of range
CONTEXT:  referenced column: uint8
\c postgres
drop database uint_cast3;
