create schema uint_join;
set current_schema to 'uint_join';
create table t1(a int2, b uint2);
create table t2(a uint4, b uint4);
insert into t1 values(1, 1);
insert into t1 values(2, 1);
insert into t1 values(-1, 1);
insert into t2 values(1, 3);
insert into t2 values(2, 2);
insert into t2 values(3, 1);
select * from t1 join t2;
 a  | b | a | b 
----+---+---+---
  1 | 1 | 1 | 3
  1 | 1 | 2 | 2
  1 | 1 | 3 | 1
  2 | 1 | 1 | 3
  2 | 1 | 2 | 2
  2 | 1 | 3 | 1
 -1 | 1 | 1 | 3
 -1 | 1 | 2 | 2
 -1 | 1 | 3 | 1
(9 rows)

select * from t1 cross join t2;
 a  | b | a | b 
----+---+---+---
  1 | 1 | 1 | 3
  1 | 1 | 2 | 2
  1 | 1 | 3 | 1
  2 | 1 | 1 | 3
  2 | 1 | 2 | 2
  2 | 1 | 3 | 1
 -1 | 1 | 1 | 3
 -1 | 1 | 2 | 2
 -1 | 1 | 3 | 1
(9 rows)

select * from t1 left join t2 on t1.a = t2.a;
 a  | b | a | b 
----+---+---+---
  1 | 1 | 1 | 3
  2 | 1 | 2 | 2
 -1 | 1 |   | 
(3 rows)

select * from t1 right join t2 on t1.a = t2.a;
 a | b | a | b 
---+---+---+---
 1 | 1 | 1 | 3
 2 | 1 | 2 | 2
   |   | 3 | 1
(3 rows)

select * from t1 inner join t2 on t1.a = t2.a;
 a | b | a | b 
---+---+---+---
 1 | 1 | 1 | 3
 2 | 1 | 2 | 2
(2 rows)

select /*+ nestloop(t1 t2)*/ * from t1 join t2;
 a  | b | a | b 
----+---+---+---
  1 | 1 | 1 | 3
  1 | 1 | 2 | 2
  1 | 1 | 3 | 1
  2 | 1 | 1 | 3
  2 | 1 | 2 | 2
  2 | 1 | 3 | 1
 -1 | 1 | 1 | 3
 -1 | 1 | 2 | 2
 -1 | 1 | 3 | 1
(9 rows)

select /*+ hashjoin(t1 t2)*/ * from t1 join t2;
 a  | b | a | b 
----+---+---+---
  1 | 1 | 1 | 3
  1 | 1 | 2 | 2
  1 | 1 | 3 | 1
  2 | 1 | 1 | 3
  2 | 1 | 2 | 2
  2 | 1 | 3 | 1
 -1 | 1 | 1 | 3
 -1 | 1 | 2 | 2
 -1 | 1 | 3 | 1
(9 rows)

select /*+ mergejoin(t1 t2)*/ * from t1 join t2;
 a  | b | a | b 
----+---+---+---
  1 | 1 | 1 | 3
  1 | 1 | 2 | 2
  1 | 1 | 3 | 1
  2 | 1 | 1 | 3
  2 | 1 | 2 | 2
  2 | 1 | 3 | 1
 -1 | 1 | 1 | 3
 -1 | 1 | 2 | 2
 -1 | 1 | 3 | 1
(9 rows)

drop schema uint_join cascade;
NOTICE:  drop cascades to 2 other objects
DETAIL:  drop cascades to table t1
drop cascades to table t2
reset current_schema;
