create schema uint_div;
set current_schema to 'uint_div';
--uint8
select 18446744073709551615::uint8 / 0::int1;
 ?column? 
----------
         
(1 row)

select 18446744073709551615::uint8 / 0::int2;
 ?column? 
----------
         
(1 row)

select 18446744073709551615::uint8 / 0::int4;
 ?column? 
----------
         
(1 row)

select 18446744073709551615::uint8 / 0::int8;
 ?column? 
----------
         
(1 row)

select 18446744073709551615::uint8 / 0::uint1;
 ?column? 
----------
         
(1 row)

select 18446744073709551615::uint8 / 0::uint2;
 ?column? 
----------
         
(1 row)

select 18446744073709551615::uint8 / 0::uint4;
 ?column? 
----------
         
(1 row)

select 18446744073709551615::uint8 / 0::uint8;
 ?column? 
----------
         
(1 row)

select 18446744073709551615::uint8 / 2::int1;
         ?column?         
--------------------------
 9223372036854775807.5000
(1 row)

select 18446744073709551615::uint8 / 2::int2;
         ?column?         
--------------------------
 9223372036854775807.5000
(1 row)

select 18446744073709551615::uint8 / 2::int4;
         ?column?         
--------------------------
 9223372036854775807.5000
(1 row)

select 18446744073709551615::uint8 / 2::int8;
         ?column?         
--------------------------
 9223372036854775807.5000
(1 row)

select 18446744073709551615::uint8 / 2::uint1;
         ?column?         
--------------------------
 9223372036854775807.5000
(1 row)

select 18446744073709551615::uint8 / 2::uint2;
         ?column?         
--------------------------
 9223372036854775807.5000
(1 row)

select 18446744073709551615::uint8 / 2::uint4;
         ?column?         
--------------------------
 9223372036854775807.5000
(1 row)

select 18446744073709551615::uint8 / 2::uint8;
         ?column?         
--------------------------
 9223372036854775807.5000
(1 row)

select 18446744073709551615::uint8 / (-1)::int2;
          ?column?          
----------------------------
 -18446744073709551615.0000
(1 row)

select 18446744073709551615::uint8 / (-1)::int4;
          ?column?          
----------------------------
 -18446744073709551615.0000
(1 row)

select 18446744073709551615::uint8 / (-1)::int8;
          ?column?          
----------------------------
 -18446744073709551615.0000
(1 row)

--uint4
select 4294967295::uint4 / 0::int1;
 ?column? 
----------
         
(1 row)

select 4294967295::uint4 / 0::int2;
 ?column? 
----------
         
(1 row)

select 4294967295::uint4 / 0::int4;
 ?column? 
----------
         
(1 row)

select 4294967295::uint4 / 0::int8;
 ?column? 
----------
         
(1 row)

select 4294967295::uint4 / 0::uint1;
 ?column? 
----------
         
(1 row)

select 4294967295::uint4 / 0::uint2;
 ?column? 
----------
         
(1 row)

select 4294967295::uint4 / 0::uint4;
 ?column? 
----------
         
(1 row)

select 4294967295::uint4 / 0::uint8;
 ?column? 
----------
         
(1 row)

select 4294967295::uint4 / (-1)::int2;
       ?column?       
----------------------
 -4294967295.00000000
(1 row)

select 4294967295::uint4 / (-1)::int4;
       ?column?       
----------------------
 -4294967295.00000000
(1 row)

select 4294967295::uint4 / (-1)::int8;
       ?column?       
----------------------
 -4294967295.00000000
(1 row)

select 4294967295::uint4 / 9223372036854775807::int8;
            ?column?            
--------------------------------
 0.0000000004656612871993190406
(1 row)

select 4294967295::uint4 / 18446744073709551615::uint8;
            ?column?            
--------------------------------
 0.0000000002328306435996595203
(1 row)

--uint2
select 65535::uint2 / 0::int1;
 ?column? 
----------
         
(1 row)

select 65535::uint2 / 0::int2;
 ?column? 
----------
         
(1 row)

select 65535::uint2 / 0::int4;
 ?column? 
----------
         
(1 row)

select 65535::uint2 / 0::int8;
 ?column? 
----------
         
(1 row)

select 65535::uint2 / 0::uint1;
 ?column? 
----------
         
(1 row)

select 65535::uint2 / 0::uint2;
 ?column? 
----------
         
(1 row)

select 65535::uint2 / 0::uint4;
 ?column? 
----------
         
(1 row)

select 65535::uint2 / 0::uint8;
 ?column? 
----------
         
(1 row)

select 65535::uint2 / (-1)::int2;
      ?column?       
---------------------
 -65535.000000000000
(1 row)

select 65535::uint2 / (-1)::int4;
      ?column?       
---------------------
 -65535.000000000000
(1 row)

select 65535::uint2 / (-1)::int8;
      ?column?       
---------------------
 -65535.000000000000
(1 row)

select 65535::uint2 / 2147483647::int4;
          ?column?          
----------------------------
 0.000030517112477923330142
(1 row)

select 65535::uint2 / 9223372036854775807::int8;
              ?column?              
------------------------------------
 0.00000000000000710531893738375331
(1 row)

select 65535::uint2 / 4294967295::uint4;
          ?column?          
----------------------------
 0.000015258556235409005600
(1 row)

select 65535::uint2 / 18446744073709551615::uint8;
              ?column?              
------------------------------------
 0.00000000000000355265946869187665
(1 row)

--uint1
select 255::uint1 / 0::int1;
 ?column? 
----------
         
(1 row)

select 255::uint1 / 0::int2;
 ?column? 
----------
         
(1 row)

select 255::uint1 / 0::int4;
 ?column? 
----------
         
(1 row)

select 255::uint1 / 0::int8;
 ?column? 
----------
         
(1 row)

select 255::uint1 / 0::uint1;
 ?column? 
----------
         
(1 row)

select 255::uint1 / 0::uint2;
 ?column? 
----------
         
(1 row)

select 255::uint1 / 0::uint4;
 ?column? 
----------
         
(1 row)

select 255::uint1 / 0::uint8;
 ?column? 
----------
         
(1 row)

select 255::uint1 / (-1)::int2;
       ?column?        
-----------------------
 -255.0000000000000000
(1 row)

select 255::uint1 / (-1)::int4;
       ?column?        
-----------------------
 -255.0000000000000000
(1 row)

select 255::uint1 / (-1)::int8;
       ?column?        
-----------------------
 -255.0000000000000000
(1 row)

select 255::uint1 / 32767::int2;
        ?column?        
------------------------
 0.00778221991637928404
(1 row)

select 255::uint1 / 2147483647::int4;
          ?column?          
----------------------------
 0.000000118743628318767822
(1 row)

select 255::uint1 / 9223372036854775807::int8;
                ?column?                
----------------------------------------
 0.000000000000000027647155398380363070
(1 row)

select 255::uint1 / 65535::uint2;
        ?column?        
------------------------
 0.00389105058365758755
(1 row)

select 255::uint1 / 4294967295::uint4;
          ?column?          
----------------------------
 0.000000059371814145560333
(1 row)

select 255::uint1 / 18446744073709551615::uint8;
                ?column?                
----------------------------------------
 0.000000000000000013823577699190181534
(1 row)

--int8
select 9223372036854775807::int8 / 0::uint1;
 ?column? 
----------
         
(1 row)

select 9223372036854775807::int8 / 0::uint2;
 ?column? 
----------
         
(1 row)

select 9223372036854775807::int8 / 0::uint4;
 ?column? 
----------
         
(1 row)

select 9223372036854775807::int8 / 0::uint8;
 ?column? 
----------
         
(1 row)

select 9223372036854775807::int8 / 18446744073709551615::uint8;
        ?column?        
------------------------
 0.49999999999999999997
(1 row)

select 9223372036854775807::int8 / 1::uint1;
         ?column?         
--------------------------
 9223372036854775807.0000
(1 row)

select 9223372036854775807::int8 / 1::uint2;
         ?column?         
--------------------------
 9223372036854775807.0000
(1 row)

select 9223372036854775807::int8 / 1::uint4;
         ?column?         
--------------------------
 9223372036854775807.0000
(1 row)

select 9223372036854775807::int8 / 1::uint8;
         ?column?         
--------------------------
 9223372036854775807.0000
(1 row)

--int4
select 2147483647::int4 / 0::uint1;
 ?column? 
----------
         
(1 row)

select 2147483647::int4 / 0::uint2;
 ?column? 
----------
         
(1 row)

select 2147483647::int4 / 0::uint4;
 ?column? 
----------
         
(1 row)

select 2147483647::int4 / 0::uint8;
 ?column? 
----------
         
(1 row)

select 2147483647::int4 / 4294967295::uint4;
        ?column?        
------------------------
 0.49999999988358467815
(1 row)

select 2147483647::int4 / 18446744073709551615::uint8;
            ?column?            
--------------------------------
 0.0000000001164153217727247058
(1 row)

select 2147483647::int4 / 1::uint1;
      ?column?       
---------------------
 2147483647.00000000
(1 row)

select 2147483647::int4 / 1::uint2;
      ?column?       
---------------------
 2147483647.00000000
(1 row)

select 2147483647::int4 / 1::uint4;
      ?column?       
---------------------
 2147483647.00000000
(1 row)

select 2147483647::int4 / 1::uint8;
      ?column?       
---------------------
 2147483647.00000000
(1 row)

--int2
select 32767::int2 / 0::uint1;
 ?column? 
----------
         
(1 row)

select 32767::int2 / 0::uint2;
 ?column? 
----------
         
(1 row)

select 32767::int2 / 0::uint4;
 ?column? 
----------
         
(1 row)

select 32767::int2 / 0::uint8;
 ?column? 
----------
         
(1 row)

select 32767::int2 / 65535::uint2;
        ?column?        
------------------------
 0.49999237048905165179
(1 row)

select 32767::int2 / 4294967295::uint4;
          ?column?          
----------------------------
 0.000007629161702382648760
(1 row)

select 32767::int2 / 18446744073709551615::uint8;
              ?column?              
------------------------------------
 0.00000000000000177630262929162619
(1 row)

select 32767::int2 / 1::uint1;
      ?column?      
--------------------
 32767.000000000000
(1 row)

select 32767::int2 / 1::uint2;
      ?column?      
--------------------
 32767.000000000000
(1 row)

select 32767::int2 / 1::uint4;
      ?column?      
--------------------
 32767.000000000000
(1 row)

select 32767::int2 / 1::uint8;
      ?column?      
--------------------
 32767.000000000000
(1 row)

--int1
select 127::int1 / 0::uint1;
 ?column? 
----------
         
(1 row)

select 127::int1 / 0::uint2;
 ?column? 
----------
         
(1 row)

select 127::int1 / 0::uint4;
 ?column? 
----------
         
(1 row)

select 127::int1 / 0::uint8;
 ?column? 
----------
         
(1 row)

select 127::int1 / 65535::uint2;
        ?column?        
------------------------
 0.00193789578088044556
(1 row)

select 127::int1 / 4294967295::uint4;
          ?column?          
----------------------------
 0.000000029569491750926127
(1 row)

select 127::int1 / 18446744073709551615::uint8;
                ?column?                
----------------------------------------
 0.000000000000000006884683795282953156
(1 row)

select 127::int1 / 1::uint1;
       ?column?       
----------------------
 127.0000000000000000
(1 row)

select 127::int1 / 1::uint2;
       ?column?       
----------------------
 127.0000000000000000
(1 row)

select 127::int1 / 1::uint4;
       ?column?       
----------------------
 127.0000000000000000
(1 row)

select 127::int1 / 1::uint8;
       ?column?       
----------------------
 127.0000000000000000
(1 row)

drop schema uint_div cascade;
reset current_schema;
