create schema uint_sql_mode;
set current_schema to 'uint_sql_mode';
set dolphin.sql_mode = '';
select (-1)::bool::uint8;
 uint8 
-------
 1
(1 row)

select (0)::bool::uint8;
 uint8 
-------
 0
(1 row)

select (1)::bool::uint8;
 uint8 
-------
 1
(1 row)

select (-1.0)::float4::uint8;
        uint8         
----------------------
 18446744073709551615
(1 row)

select (0.0)::float4::uint8;
 uint8 
-------
 0
(1 row)

select (1.0)::float4::uint8;
 uint8 
-------
 1
(1 row)

select (-1.0)::float8::uint8;
        uint8         
----------------------
 18446744073709551615
(1 row)

select (0.0)::float8::uint8;
 uint8 
-------
 0
(1 row)

select (1.0)::float8::uint8;
 uint8 
-------
 1
(1 row)

select (92233720368547758.0)::float8::uint8;
       uint8       
-------------------
 92233720368547760
(1 row)

select (9223372036854775808.0)::float8::uint8;
        uint8        
---------------------
 9223372036854775808
(1 row)

select (-9223372036854775808.0)::float8::uint8;
        uint8        
---------------------
 9223372036854775808
(1 row)

select (-9223372036854775809.0)::float8::uint8;
        uint8        
---------------------
 9223372036854775808
(1 row)

select (18446744073709550515)::float8::uint8;
        uint8         
----------------------
 18446744073709549568
(1 row)

select (-18446744073709550515)::float8::uint8;
WARNING:  bigint unsigned out of range
CONTEXT:  referenced column: uint8
 uint8 
-------
 0
(1 row)

select (92233720368547758.0)::float4::uint8;
       uint8       
-------------------
 92233718306963456
(1 row)

select (9223372036854775808.0)::float4::uint8;
        uint8        
---------------------
 9223372036854775808
(1 row)

select (-9223372036854775808.0)::float4::uint8;
        uint8        
---------------------
 9223372036854775808
(1 row)

select (-9223372036854775809.0)::float4::uint8;
        uint8        
---------------------
 9223372036854775808
(1 row)

select (18446744073709550515)::float4::uint8;
WARNING:  bigint unsigned out of range
CONTEXT:  referenced column: uint8
        uint8         
----------------------
 18446744073709551615
(1 row)

select (-18446744073709550515)::float4::uint8;
WARNING:  bigint unsigned out of range
CONTEXT:  referenced column: uint8
 uint8 
-------
 0
(1 row)

select (0)::numeric::uint8;
 uint8 
-------
 0
(1 row)

select (-1)::numeric::uint8;
WARNING:  bigint unsigned out of range
CONTEXT:  referenced column: uint8
 uint8 
-------
 0
(1 row)

select (18446744073709551615)::numeric(20)::uint8;
        uint8         
----------------------
 18446744073709551615
(1 row)

select (18446744073709551616)::numeric(20)::uint8;
WARNING:  bigint unsigned out of range
CONTEXT:  referenced column: uint8
        uint8         
----------------------
 18446744073709551615
(1 row)

select (-1)::int2::uint8;
        uint8         
----------------------
 18446744073709551615
(1 row)

select (0)::int2::uint8;
 uint8 
-------
 0
(1 row)

select (1)::int2::uint8;
 uint8 
-------
 1
(1 row)

select (32767)::int2::uint8;
 uint8 
-------
 32767
(1 row)

select (32768)::int2::uint8;
WARNING:  smallint out of range
CONTEXT:  referenced column: uint8
 uint8 
-------
 32767
(1 row)

select (-32768)::int2::uint8;
        uint8         
----------------------
 18446744073709518848
(1 row)

select (-32769)::int2::uint8;
WARNING:  smallint out of range
CONTEXT:  referenced column: uint8
        uint8         
----------------------
 18446744073709518848
(1 row)

select (-1)::int4::uint8;
        uint8         
----------------------
 18446744073709551615
(1 row)

select (0)::int4::uint8;
 uint8 
-------
 0
(1 row)

select (1)::int4::uint8;
 uint8 
-------
 1
(1 row)

select (2147483647)::int4::uint8;
   uint8    
------------
 2147483647
(1 row)

select (2147483648)::int4::uint8;
WARNING:  integer out of range
CONTEXT:  referenced column: uint8
   uint8    
------------
 2147483647
(1 row)

select (-2147483648)::int4::uint8;
        uint8         
----------------------
 18446744071562067968
(1 row)

select (-2147483649)::int4::uint8;
WARNING:  integer out of range
CONTEXT:  referenced column: uint8
        uint8         
----------------------
 18446744071562067968
(1 row)

select (-1)::int8::uint8;
        uint8         
----------------------
 18446744073709551615
(1 row)

select (0)::int8::uint8;
 uint8 
-------
 0
(1 row)

select (1)::int8::uint8;
 uint8 
-------
 1
(1 row)

select (9223372036854775807)::int8::uint8;
        uint8        
---------------------
 9223372036854775807
(1 row)

select (9223372036854775808)::int8::uint8;
WARNING:  bigint out of range
CONTEXT:  referenced column: uint8
        uint8        
---------------------
 9223372036854775807
(1 row)

select (-9223372036854775808)::int8::uint8;
        uint8        
---------------------
 9223372036854775808
(1 row)

select (-9223372036854775809)::int8::uint8;
WARNING:  bigint out of range
CONTEXT:  referenced column: uint8
        uint8        
---------------------
 9223372036854775808
(1 row)

select (-1)::bool::uint4;
 uint4 
-------
 1
(1 row)

select (0)::bool::uint4;
 uint4 
-------
 0
(1 row)

select (1)::bool::uint4;
 uint4 
-------
 1
(1 row)

select (-1.0)::float4::uint4;
   uint4    
------------
 4294967295
(1 row)

select (0.0)::float4::uint4;
 uint4 
-------
 0
(1 row)

select (1.0)::float4::uint4;
 uint4 
-------
 1
(1 row)

select (-1.0)::float8::uint4;
   uint4    
------------
 4294967295
(1 row)

select (0.0)::float8::uint4;
 uint4 
-------
 0
(1 row)

select (1.0)::float8::uint4;
 uint4 
-------
 1
(1 row)

select (0)::numeric::uint4;
 uint4 
-------
 0
(1 row)

select (-1)::numeric::uint4;
WARNING:  unsigned int out of range
CONTEXT:  referenced column: uint4
 uint4 
-------
 0
(1 row)

select (4294967295)::numeric::uint4;
   uint4    
------------
 4294967295
(1 row)

select (4294967296)::numeric::uint4;
WARNING:  unsigned int out of range
CONTEXT:  referenced column: uint4
   uint4    
------------
 4294967295
(1 row)

select (-1)::int2::uint4;
   uint4    
------------
 4294967295
(1 row)

select (0)::int2::uint4;
 uint4 
-------
 0
(1 row)

select (1)::int2::uint4;
 uint4 
-------
 1
(1 row)

select (32767)::int2::uint4;
 uint4 
-------
 32767
(1 row)

select (32768)::int2::uint4;
WARNING:  smallint out of range
CONTEXT:  referenced column: uint4
 uint4 
-------
 32767
(1 row)

select (-32768)::int2::uint4;
   uint4    
------------
 4294934528
(1 row)

select (-32769)::int2::uint4;
WARNING:  smallint out of range
CONTEXT:  referenced column: uint4
   uint4    
------------
 4294934528
(1 row)

select (-1)::int4::uint4;
   uint4    
------------
 4294967295
(1 row)

select (0)::int4::uint4;
 uint4 
-------
 0
(1 row)

select (1)::int4::uint4;
 uint4 
-------
 1
(1 row)

select (2147483647)::int4::uint4;
   uint4    
------------
 2147483647
(1 row)

select (2147483648)::int4::uint4;
WARNING:  integer out of range
CONTEXT:  referenced column: uint4
   uint4    
------------
 2147483647
(1 row)

select (-2147483648)::int4::uint4;
   uint4    
------------
 2147483648
(1 row)

select (-2147483649)::int4::uint4;
WARNING:  integer out of range
CONTEXT:  referenced column: uint4
   uint4    
------------
 2147483648
(1 row)

select (-1)::int8::uint4;
   uint4    
------------
 4294967295
(1 row)

select (0)::int8::uint4;
 uint4 
-------
 0
(1 row)

select (1)::int8::uint4;
 uint4 
-------
 1
(1 row)

select (9223372036854775807)::int8::uint4;
WARNING:   int unsigned out of range
CONTEXT:  referenced column: uint4
   uint4    
------------
 4294967295
(1 row)

select (9223372036854775808)::int8::uint4;
WARNING:  bigint out of range
CONTEXT:  referenced column: uint4
WARNING:   int unsigned out of range
CONTEXT:  referenced column: uint4
   uint4    
------------
 4294967295
(1 row)

select (-9223372036854775808)::int8::uint4;
WARNING:   int unsigned out of range
CONTEXT:  referenced column: uint4
 uint4 
-------
 0
(1 row)

select (-9223372036854775809)::int8::uint4;
WARNING:  bigint out of range
CONTEXT:  referenced column: uint4
WARNING:   int unsigned out of range
CONTEXT:  referenced column: uint4
 uint4 
-------
 0
(1 row)

select (4294967295)::int8::uint4;
   uint4    
------------
 4294967295
(1 row)

select (4294967296)::int8::uint4;
WARNING:   int unsigned out of range
CONTEXT:  referenced column: uint4
   uint4    
------------
 4294967295
(1 row)

select (-2147483648)::int8::uint4;
   uint4    
------------
 2147483648
(1 row)

select (-2147483649)::int8::uint4;
WARNING:   int unsigned out of range
CONTEXT:  referenced column: uint4
 uint4 
-------
 0
(1 row)

select (-1)::bool::uint2;
 uint2 
-------
 1
(1 row)

select (0)::bool::uint2;
 uint2 
-------
 0
(1 row)

select (1)::bool::uint2;
 uint2 
-------
 1
(1 row)

select (-1.0)::float4::uint2;
 uint2 
-------
 65535
(1 row)

select (0.0)::float4::uint2;
 uint2 
-------
 0
(1 row)

select (1.0)::float4::uint2;
 uint2 
-------
 1
(1 row)

select (-1.0)::float8::uint2;
 uint2 
-------
 65535
(1 row)

select (0.0)::float8::uint2;
 uint2 
-------
 0
(1 row)

select (1.0)::float8::uint2;
 uint2 
-------
 1
(1 row)

select (0)::numeric::uint2;
 uint2 
-------
 0
(1 row)

select (-1)::numeric::uint2;
WARNING:  smallint unsigned out of range
CONTEXT:  referenced column: uint2
 uint2 
-------
 0
(1 row)

select (32767)::numeric::uint2;
 uint2 
-------
 32767
(1 row)

select (32768)::numeric::uint2;
 uint2 
-------
 32768
(1 row)

select (-1)::int2::uint2;
 uint2 
-------
 65535
(1 row)

select (0)::int2::uint2;
 uint2 
-------
 0
(1 row)

select (1)::int2::uint2;
 uint2 
-------
 1
(1 row)

select (32767)::int2::uint2;
 uint2 
-------
 32767
(1 row)

select (32768)::int2::uint2;
WARNING:  smallint out of range
CONTEXT:  referenced column: uint2
 uint2 
-------
 32767
(1 row)

select (-32768)::int2::uint2;
 uint2 
-------
 32768
(1 row)

select (-32769)::int2::uint2;
WARNING:  smallint out of range
CONTEXT:  referenced column: uint2
 uint2 
-------
 32768
(1 row)

select (-1)::int4::uint2;
 uint2 
-------
 65535
(1 row)

select (0)::int4::uint2;
 uint2 
-------
 0
(1 row)

select (1)::int4::uint2;
 uint2 
-------
 1
(1 row)

select (2147483647)::int4::uint2;
WARNING:  smallint unsigned out of range
CONTEXT:  referenced column: uint2
 uint2 
-------
 65535
(1 row)

select (2147483648)::int4::uint2;
WARNING:  integer out of range
CONTEXT:  referenced column: uint2
WARNING:  smallint unsigned out of range
CONTEXT:  referenced column: uint2
 uint2 
-------
 65535
(1 row)

select (-2147483648)::int4::uint2;
WARNING:  smallint unsigned out of range
CONTEXT:  referenced column: uint2
 uint2 
-------
 0
(1 row)

select (-2147483649)::int4::uint2;
WARNING:  integer out of range
CONTEXT:  referenced column: uint2
WARNING:  smallint unsigned out of range
CONTEXT:  referenced column: uint2
 uint2 
-------
 0
(1 row)

select (65535)::int4::uint2;
 uint2 
-------
 65535
(1 row)

select (65536)::int4::uint2;
WARNING:  smallint unsigned out of range
CONTEXT:  referenced column: uint2
 uint2 
-------
 65535
(1 row)

select (-32768)::int4::uint2;
 uint2 
-------
 32768
(1 row)

select (-32769)::int4::uint2;
WARNING:  smallint unsigned out of range
CONTEXT:  referenced column: uint2
 uint2 
-------
 0
(1 row)

select (-1)::int8::uint2;
 uint2 
-------
 65535
(1 row)

select (0)::int8::uint2;
 uint2 
-------
 0
(1 row)

select (1)::int8::uint2;
 uint2 
-------
 1
(1 row)

select (9223372036854775807)::int8::uint2;
WARNING:  smallint unsigned out of range
CONTEXT:  referenced column: uint2
 uint2 
-------
 65535
(1 row)

select (9223372036854775808)::int8::uint2;
WARNING:  bigint out of range
CONTEXT:  referenced column: uint2
WARNING:  smallint unsigned out of range
CONTEXT:  referenced column: uint2
 uint2 
-------
 65535
(1 row)

select (-9223372036854775808)::int8::uint2;
WARNING:  smallint unsigned out of range
CONTEXT:  referenced column: uint2
 uint2 
-------
 0
(1 row)

select (-9223372036854775809)::int8::uint2;
WARNING:  bigint out of range
CONTEXT:  referenced column: uint2
WARNING:  smallint unsigned out of range
CONTEXT:  referenced column: uint2
 uint2 
-------
 0
(1 row)

select (65535)::int8::uint2;
 uint2 
-------
 65535
(1 row)

select (65536)::int8::uint2;
WARNING:  smallint unsigned out of range
CONTEXT:  referenced column: uint2
 uint2 
-------
 65535
(1 row)

select (-32768)::int8::uint2;
 uint2 
-------
 32768
(1 row)

select (-32769)::int8::uint2;
WARNING:  smallint unsigned out of range
CONTEXT:  referenced column: uint2
 uint2 
-------
 0
(1 row)

select (-1)::bool::uint1;
 uint1 
-------
 1
(1 row)

select (0)::bool::uint1;
 uint1 
-------
 0
(1 row)

select (1)::bool::uint1;
 uint1 
-------
 1
(1 row)

select (-1.0)::float4::uint1;
 uint1 
-------
 255
(1 row)

select (0.0)::float4::uint1;
 uint1 
-------
 0
(1 row)

select (1.0)::float4::uint1;
 uint1 
-------
 1
(1 row)

select (-1.0)::float8::uint1;
 uint1 
-------
 255
(1 row)

select (0.0)::float8::uint1;
 uint1 
-------
 0
(1 row)

select (1.0)::float8::uint1;
 uint1 
-------
 1
(1 row)

select (0)::numeric::uint1;
 uint1 
-------
 0
(1 row)

select (-1)::numeric::uint1;
WARNING:  tinyint unsigned out of range
CONTEXT:  referenced column: uint1
 uint1 
-------
 0
(1 row)

select (255)::numeric::uint1;
 uint1 
-------
 255
(1 row)

select (256)::numeric::uint1;
WARNING:  tinyint unsigned out of range
CONTEXT:  referenced column: uint1
 uint1 
-------
 255
(1 row)

select (-1)::int2::uint1;
 uint1 
-------
 255
(1 row)

select (0)::int2::uint1;
 uint1 
-------
 0
(1 row)

select (1)::int2::uint1;
 uint1 
-------
 1
(1 row)

select (32767)::int2::uint1;
WARNING:  tinyint unsigned out of range
CONTEXT:  referenced column: uint1
 uint1 
-------
 255
(1 row)

select (32768)::int2::uint1;
WARNING:  smallint out of range
CONTEXT:  referenced column: uint1
WARNING:  tinyint unsigned out of range
CONTEXT:  referenced column: uint1
 uint1 
-------
 255
(1 row)

select (-32768)::int2::uint1;
WARNING:  tinyint unsigned out of range
CONTEXT:  referenced column: uint1
 uint1 
-------
 0
(1 row)

select (-32769)::int2::uint1;
WARNING:  smallint out of range
CONTEXT:  referenced column: uint1
WARNING:  tinyint unsigned out of range
CONTEXT:  referenced column: uint1
 uint1 
-------
 0
(1 row)

select (255)::int2::uint1;
 uint1 
-------
 255
(1 row)

select (256)::int2::uint1;
WARNING:  tinyint unsigned out of range
CONTEXT:  referenced column: uint1
 uint1 
-------
 255
(1 row)

select (-128)::int2::uint1;
 uint1 
-------
 128
(1 row)

select (-129)::int2::uint1;
WARNING:  tinyint unsigned out of range
CONTEXT:  referenced column: uint1
 uint1 
-------
 0
(1 row)

select (-1)::int4::uint1;
 uint1 
-------
 255
(1 row)

select (0)::int4::uint1;
 uint1 
-------
 0
(1 row)

select (1)::int4::uint1;
 uint1 
-------
 1
(1 row)

select (2147483647)::int4::uint1;
WARNING:  tinyint unsigned out of range
CONTEXT:  referenced column: uint1
 uint1 
-------
 255
(1 row)

select (2147483648)::int4::uint1;
WARNING:  integer out of range
CONTEXT:  referenced column: uint1
WARNING:  tinyint unsigned out of range
CONTEXT:  referenced column: uint1
 uint1 
-------
 255
(1 row)

select (-2147483648)::int4::uint1;
WARNING:  tinyint unsigned out of range
CONTEXT:  referenced column: uint1
 uint1 
-------
 0
(1 row)

select (-2147483649)::int4::uint1;
WARNING:  integer out of range
CONTEXT:  referenced column: uint1
WARNING:  tinyint unsigned out of range
CONTEXT:  referenced column: uint1
 uint1 
-------
 0
(1 row)

select (255)::int4::uint1;
 uint1 
-------
 255
(1 row)

select (256)::int4::uint1;
WARNING:  tinyint unsigned out of range
CONTEXT:  referenced column: uint1
 uint1 
-------
 255
(1 row)

select (-128)::int4::uint1;
 uint1 
-------
 128
(1 row)

select (-129)::int4::uint1;
WARNING:  tinyint unsigned out of range
CONTEXT:  referenced column: uint1
 uint1 
-------
 0
(1 row)

select (-1)::int8::uint1;
 uint1 
-------
 255
(1 row)

select (0)::int8::uint1;
 uint1 
-------
 0
(1 row)

select (1)::int8::uint1;
 uint1 
-------
 1
(1 row)

select (9223372036854775807)::int8::uint1;
WARNING:  tinyint unsigned out of range
CONTEXT:  referenced column: uint1
 uint1 
-------
 255
(1 row)

select (9223372036854775808)::int8::uint1;
WARNING:  bigint out of range
CONTEXT:  referenced column: uint1
WARNING:  tinyint unsigned out of range
CONTEXT:  referenced column: uint1
 uint1 
-------
 255
(1 row)

select (-9223372036854775808)::int8::uint1;
WARNING:  tinyint unsigned out of range
CONTEXT:  referenced column: uint1
 uint1 
-------
 0
(1 row)

select (-9223372036854775809)::int8::uint1;
WARNING:  bigint out of range
CONTEXT:  referenced column: uint1
WARNING:  tinyint unsigned out of range
CONTEXT:  referenced column: uint1
 uint1 
-------
 0
(1 row)

select (255)::int8::uint1;
 uint1 
-------
 255
(1 row)

select (256)::int8::uint1;
WARNING:  tinyint unsigned out of range
CONTEXT:  referenced column: uint1
 uint1 
-------
 255
(1 row)

select (-128)::int8::uint1;
 uint1 
-------
 128
(1 row)

select (-129)::int8::uint1;
WARNING:  tinyint unsigned out of range
CONTEXT:  referenced column: uint1
 uint1 
-------
 0
(1 row)

select (0)::int1::uint1;
 uint1 
-------
 0
(1 row)

select (1)::int1::uint1;
 uint1 
-------
 1
(1 row)

select (255)::int1::uint1;
WARNING:  tinyint out of range
CONTEXT:  referenced column: uint1
 uint1 
-------
 127
(1 row)

select (0)::int1::uint2;
 uint2 
-------
 0
(1 row)

select (1)::int1::uint2;
 uint2 
-------
 1
(1 row)

select (255)::int1::uint2;
WARNING:  tinyint out of range
CONTEXT:  referenced column: uint2
 uint2 
-------
 127
(1 row)

select (0)::int1::uint4;
 uint4 
-------
 0
(1 row)

select (1)::int1::uint4;
 uint4 
-------
 1
(1 row)

select (255)::int1::uint4;
WARNING:  tinyint out of range
CONTEXT:  referenced column: uint4
 uint4 
-------
 127
(1 row)

select (0)::int1::uint8;
 uint8 
-------
 0
(1 row)

select (1)::int1::uint8;
 uint8 
-------
 1
(1 row)

select (255)::int1::uint8;
WARNING:  tinyint out of range
CONTEXT:  referenced column: uint8
 uint8 
-------
 127
(1 row)

select 255::uint1::int1;
WARNING:  tinyint out of range
CONTEXT:  referenced column: int1
 int1 
------
 127
(1 row)

select 255::uint1::int2;
 int2 
------
  255
(1 row)

select 255::uint1::int4;
 int4 
------
  255
(1 row)

select 255::uint1::int8;
 int8 
------
  255
(1 row)

select 255::uint1::float4;
 float4 
--------
    255
(1 row)

select 255::uint1::float8;
 float8 
--------
    255
(1 row)

select 255::uint1::numeric;
 numeric 
---------
     255
(1 row)

select 255::uint2::int1;
WARNING:  tinyint out of range
CONTEXT:  referenced column: int1
 int1 
------
 127
(1 row)

select 65535::uint2::int1;
WARNING:  tinyint out of range
CONTEXT:  referenced column: int1
 int1 
------
 127
(1 row)

select 32767::uint2::int2;
 int2  
-------
 32767
(1 row)

select 65535::uint2::int2;
WARNING:  smallint out of range
CONTEXT:  referenced column: int2
 int2  
-------
 32767
(1 row)

select 65535::uint2::int4;
 int4  
-------
 65535
(1 row)

select 65535::uint2::int8;
 int8  
-------
 65535
(1 row)

select 65535::uint2::float4;
 float4 
--------
  65535
(1 row)

select 65535::uint2::float8;
 float8 
--------
  65535
(1 row)

select 65535::uint2::numeric;
 numeric 
---------
   65535
(1 row)

select 255::uint4::int1;
WARNING:  tinyint out of range
CONTEXT:  referenced column: int1
 int1 
------
 127
(1 row)

select 4294967295::uint4::int1;
WARNING:  tinyint out of range
CONTEXT:  referenced column: int1
 int1 
------
 127
(1 row)

select 32767::uint4::int2;
 int2  
-------
 32767
(1 row)

select 4294967295::uint4::int2;
WARNING:  smallint out of range
CONTEXT:  referenced column: int2
 int2  
-------
 32767
(1 row)

select 2147483647::uint4::int4;
    int4    
------------
 2147483647
(1 row)

select 4294967295::uint4::int4;
WARNING:  int out of range
CONTEXT:  referenced column: int4
    int4    
------------
 2147483647
(1 row)

select 4294967295::uint4::int8;
    int8    
------------
 4294967295
(1 row)

select 4294967295::uint4::float4;
   float4    
-------------
 4.29497e+09
(1 row)

select 4294967295::uint4::float8;
   float8   
------------
 4294967295
(1 row)

select 4294967295::uint4::numeric;
  numeric   
------------
 4294967295
(1 row)

select 255::uint8::int1;
WARNING:  tinyint out of range
CONTEXT:  referenced column: int1
 int1 
------
 127
(1 row)

select 18446744073709551615::uint8::int1;
WARNING:  tinyint out of range
CONTEXT:  referenced column: int1
 int1 
------
 127
(1 row)

select 32767::uint8::int2;
 int2  
-------
 32767
(1 row)

select 18446744073709551615::uint8::int2;
WARNING:  smallint out of range
CONTEXT:  referenced column: int2
 int2  
-------
 32767
(1 row)

select 2147483647::uint8::int4;
    int4    
------------
 2147483647
(1 row)

select 18446744073709551615::uint8::int4;
WARNING:  int out of range
CONTEXT:  referenced column: int4
    int4    
------------
 2147483647
(1 row)

select 9223372036854775807::uint8::int8;
        int8         
---------------------
 9223372036854775807
(1 row)

select 18446744073709551615::uint8::int8;
WARNING:  bigint out of range
CONTEXT:  referenced column: int8
        int8         
---------------------
 9223372036854775807
(1 row)

select 18446744073709551615::uint8::float4;
   float4    
-------------
 1.84467e+19
(1 row)

select 18446744073709551615::uint8::float8;
        float8        
----------------------
 1.84467440737096e+19
(1 row)

select 18446744073709551615::uint8::numeric(30);
       numeric        
----------------------
 18446744073709551615
(1 row)

select (0)::uint1::bool;
 bool 
------
 f
(1 row)

select (1)::uint1::bool;
 bool 
------
 t
(1 row)

select (0)::uint2::bool;
 bool 
------
 f
(1 row)

select (1)::uint2::bool;
 bool 
------
 t
(1 row)

select (0)::uint4::bool;
 bool 
------
 f
(1 row)

select (1)::uint4::bool;
 bool 
------
 t
(1 row)

select (0)::uint8::bool;
 bool 
------
 f
(1 row)

select (1)::uint8::bool;
 bool 
------
 t
(1 row)

drop table if exists t1 ;
NOTICE:  table "t1" does not exist, skipping
create table t1(a uint8);
insert into t1 values(1::bool);
insert into t1 values(0::bool);
insert into t1 values((-1)::bool);
insert into t1 values(1.0::float4);
insert into t1 values(0.0::float4);
insert into t1 values((-1.0)::float4);
WARNING:  bigint unsigned out of range
CONTEXT:  referenced column: a
insert into t1 values(9223372036854775807.0::float4);
insert into t1 values(9223372036854775808.0::float4);
insert into t1 values(1.0::float8);
insert into t1 values(0.0::float8);
insert into t1 values((-1.0)::float8);
WARNING:  bigint unsigned out of range
CONTEXT:  referenced column: a
insert into t1 values(18446744073709550515.0::float8);
insert into t1 values(18446744073709550515.0::float8);
insert into t1 values(1::numeric);
insert into t1 values(0::numeric);
insert into t1 values((-1)::numeric);
WARNING:  bigint unsigned out of range
CONTEXT:  referenced column: a
insert into t1 values(18446744073709550515::numeric(30));
insert into t1 values(18446744073709550516::numeric(30));
insert into t1 values(1::int8);
insert into t1 values(0::int8);
insert into t1 values((-1)::int8);
WARNING:  bigint unsigned out of range
CONTEXT:  referenced column: a
insert into t1 values(9223372036854775807::int8);
insert into t1 values(9223372036854775808::int8);
WARNING:  bigint out of range
CONTEXT:  referenced column: a
insert into t1 values(1::int4);
insert into t1 values(0::int4);
insert into t1 values((-1)::int4);
WARNING:  bigint unsigned out of range
CONTEXT:  referenced column: a
insert into t1 values(2147483647::int4);
insert into t1 values(2147483648::int4);
WARNING:  integer out of range
CONTEXT:  referenced column: a
insert into t1 values(1::int2);
insert into t1 values(0::int2);
insert into t1 values((-1)::int2);
WARNING:  bigint unsigned out of range
CONTEXT:  referenced column: a
insert into t1 values(32767::int2);
insert into t1 values(32768::int2);
WARNING:  smallint out of range
CONTEXT:  referenced column: a
insert into t1 values(1::int1);
insert into t1 values(0::int1);
insert into t1 values(127::int1);
insert into t1 values(1::uint4);
insert into t1 values(0::uint4);
insert into t1 values((-1)::uint4);
insert into t1 values(4294967295::uint4);
insert into t1 values(4294967296::uint4);
WARNING:   int unsigned out of range
CONTEXT:  referenced column: a
insert into t1 values(1::uint2);
insert into t1 values(0::uint2);
insert into t1 values((-1)::uint2);
insert into t1 values(65535::uint2);
insert into t1 values(65536::uint2);
WARNING:  smallint unsigned out of range
CONTEXT:  referenced column: a
insert into t1 values(1::uint1);
insert into t1 values(0::uint1);
insert into t1 values((-1)::uint1);
insert into t1 values(255::uint1);
insert into t1 values(256::uint1);
WARNING:  tinyint unsigned out of range
CONTEXT:  referenced column: a
select * from t1;
          a           
----------------------
 1
 0
 1
 1
 0
 0
 9223372036854775808
 9223372036854775808
 1
 0
 0
 18446744073709549568
 18446744073709549568
 1
 0
 0
 18446744073709550515
 18446744073709550516
 1
 0
 0
 9223372036854775807
 9223372036854775807
 1
 0
 0
 2147483647
 2147483647
 1
 0
 0
 32767
 32767
 1
 0
 127
 1
 0
 4294967295
 4294967295
 4294967295
 1
 0
 65535
 65535
 65535
 1
 0
 255
 255
 255
(51 rows)

drop table if exists t1 ;
create table t1(a uint4);
insert into t1 values(1::bool);
insert into t1 values(0::bool);
insert into t1 values((-1)::bool);
insert into t1 values(1.0::float4);
insert into t1 values(0.0::float4);
insert into t1 values((-1.0)::float4);
WARNING:  int unsigned out of range
CONTEXT:  referenced column: a
insert into t1 values(4294967295::float4);
WARNING:  int unsigned out of range
CONTEXT:  referenced column: a
insert into t1 values(4294967296::float4);
WARNING:  int unsigned out of range
CONTEXT:  referenced column: a
insert into t1 values(1.0::float8);
insert into t1 values(0.0::float8);
insert into t1 values((-1.0)::float8);
WARNING:  int unsigned out of range
CONTEXT:  referenced column: a
insert into t1 values(4294967295::float8);
insert into t1 values(4294967296::float8);
WARNING:  int unsigned out of range
CONTEXT:  referenced column: a
insert into t1 values(1::numeric);
insert into t1 values(0::numeric);
insert into t1 values((-1)::numeric);
WARNING:  unsigned int out of range
CONTEXT:  referenced column: a
insert into t1 values(4294967295::numeric);
insert into t1 values(4294967296::numeric);
WARNING:  unsigned int out of range
CONTEXT:  referenced column: a
insert into t1 values(1::int8);
insert into t1 values(0::int8);
insert into t1 values((-1)::int8);
WARNING:  int unsigned out of range
CONTEXT:  referenced column: a
insert into t1 values(9223372036854775807::int8);
WARNING:  int unsigned out of range
CONTEXT:  referenced column: a
insert into t1 values(9223372036854775808::int8);
WARNING:  bigint out of range
CONTEXT:  referenced column: a
WARNING:  int unsigned out of range
CONTEXT:  referenced column: a
insert into t1 values(4294967295::int8);
insert into t1 values(4294967296::int8);
WARNING:  int unsigned out of range
CONTEXT:  referenced column: a
insert into t1 values(1::int4);
insert into t1 values(0::int4);
insert into t1 values((-1)::int4);
WARNING:  int unsigned out of range
CONTEXT:  referenced column: a
insert into t1 values(2147483647::int4);
insert into t1 values(2147483648::int4);
WARNING:  integer out of range
CONTEXT:  referenced column: a
insert into t1 values(1::int2);
insert into t1 values(0::int2);
insert into t1 values((-1)::int2);
WARNING:  int unsigned out of range
CONTEXT:  referenced column: a
insert into t1 values(32767::int2);
insert into t1 values(32768::int2);
WARNING:  smallint out of range
CONTEXT:  referenced column: a
insert into t1 values(1::int1);
insert into t1 values(0::int1);
insert into t1 values(127::int1);
insert into t1 values(1::uint8);
insert into t1 values(0::uint8);
insert into t1 values((-1)::uint8);
WARNING:  int unsigned out of range
CONTEXT:  referenced column: a
insert into t1 values(4294967295::uint8);
insert into t1 values(4294967296::uint8);
WARNING:  int unsigned out of range
CONTEXT:  referenced column: a
insert into t1 values(1::uint2);
insert into t1 values(0::uint2);
insert into t1 values((-1)::uint2);
insert into t1 values(65535::uint2);
insert into t1 values(65536::uint2);
WARNING:  smallint unsigned out of range
CONTEXT:  referenced column: a
insert into t1 values(1::uint1);
insert into t1 values(0::uint1);
insert into t1 values((-1)::uint1);
insert into t1 values(255::uint1);
insert into t1 values(256::uint1);
WARNING:  tinyint unsigned out of range
CONTEXT:  referenced column: a
select * from t1;
     a      
------------
 1
 0
 1
 1
 0
 0
 4294967295
 4294967295
 1
 0
 0
 4294967295
 4294967295
 1
 0
 0
 4294967295
 4294967295
 1
 0
 0
 4294967295
 4294967295
 4294967295
 4294967295
 1
 0
 0
 2147483647
 2147483647
 1
 0
 0
 32767
 32767
 1
 0
 127
 1
 0
 4294967295
 4294967295
 4294967295
 1
 0
 65535
 65535
 65535
 1
 0
 255
 255
 255
(53 rows)

drop table if exists t1 ;
create table t1(a uint2);
insert into t1 values(1::bool);
insert into t1 values(0::bool);
insert into t1 values((-1)::bool);
insert into t1 values(1.0::float4);
insert into t1 values(0.0::float4);
insert into t1 values((-1.0)::float4);
WARNING:  smallint unsigned out of range
CONTEXT:  referenced column: a
insert into t1 values(65535::float4);
insert into t1 values(65536::float4);
WARNING:  smallint unsigned out of range
CONTEXT:  referenced column: a
insert into t1 values(1.0::float8);
insert into t1 values(0.0::float8);
insert into t1 values((-1.0)::float8);
WARNING:  smallint unsigned out of range
CONTEXT:  referenced column: a
insert into t1 values(65535::float8);
insert into t1 values(65536::float8);
WARNING:  smallint unsigned out of range
CONTEXT:  referenced column: a
insert into t1 values(1::numeric);
insert into t1 values(0::numeric);
insert into t1 values((-1)::numeric);
WARNING:  smallint unsigned out of range
CONTEXT:  referenced column: a
insert into t1 values(65535::numeric);
insert into t1 values(65536::numeric);
WARNING:  smallint unsigned out of range
CONTEXT:  referenced column: a
insert into t1 values(1::int8);
insert into t1 values(0::int8);
insert into t1 values((-1)::int8);
WARNING:  smallint unsigned out of range
CONTEXT:  referenced column: a
insert into t1 values(9223372036854775807::int8);
WARNING:  smallint unsigned out of range
CONTEXT:  referenced column: a
insert into t1 values(9223372036854775808::int8);
WARNING:  bigint out of range
CONTEXT:  referenced column: a
WARNING:  smallint unsigned out of range
CONTEXT:  referenced column: a
insert into t1 values(65535::int8);
insert into t1 values(65536::int8);
WARNING:  smallint unsigned out of range
CONTEXT:  referenced column: a
insert into t1 values(1::int4);
insert into t1 values(0::int4);
insert into t1 values((-1)::int4);
WARNING:  smallint unsigned out of range
CONTEXT:  referenced column: a
insert into t1 values(2147483647::int4);
WARNING:  smallint unsigned out of range
CONTEXT:  referenced column: a
insert into t1 values(2147483648::int4);
WARNING:  integer out of range
CONTEXT:  referenced column: a
WARNING:  smallint unsigned out of range
CONTEXT:  referenced column: a
insert into t1 values(65535::int4);
insert into t1 values(65536::int4);
WARNING:  smallint unsigned out of range
CONTEXT:  referenced column: a
insert into t1 values(1::int2);
insert into t1 values(0::int2);
insert into t1 values((-1)::int2);
WARNING:  smallint unsigned out of range
CONTEXT:  referenced column: a
insert into t1 values(32767::int2);
insert into t1 values(32768::int2);
WARNING:  smallint out of range
CONTEXT:  referenced column: a
insert into t1 values(1::int1);
insert into t1 values(0::int1);
insert into t1 values(127::int1);
insert into t1 values(1::uint8);
insert into t1 values(0::uint8);
insert into t1 values((-1)::uint8);
WARNING:  smallint unsigned out of range
CONTEXT:  referenced column: a
insert into t1 values(4294967295::uint8);
WARNING:  smallint unsigned out of range
CONTEXT:  referenced column: a
insert into t1 values(4294967296::uint8);
WARNING:  smallint unsigned out of range
CONTEXT:  referenced column: a
insert into t1 values(65535::uint8);
insert into t1 values(65536::uint8);
WARNING:  smallint unsigned out of range
CONTEXT:  referenced column: a
insert into t1 values(1::uint4);
insert into t1 values(0::uint4);
insert into t1 values((-1)::uint4);
WARNING:  smallint unsigned out of range
CONTEXT:  referenced column: a
insert into t1 values(4294967295::uint4);
WARNING:  smallint unsigned out of range
CONTEXT:  referenced column: a
insert into t1 values(4294967296::uint4);
WARNING:   int unsigned out of range
CONTEXT:  referenced column: a
WARNING:  smallint unsigned out of range
CONTEXT:  referenced column: a
insert into t1 values(65535::uint4);
insert into t1 values(65536::uint4);
WARNING:  smallint unsigned out of range
CONTEXT:  referenced column: a
insert into t1 values(1::uint1);
insert into t1 values(0::uint1);
insert into t1 values((-1)::uint1);
insert into t1 values(255::uint1);
insert into t1 values(256::uint1);
WARNING:  tinyint unsigned out of range
CONTEXT:  referenced column: a
select * from t1;
   a   
-------
 1
 0
 1
 1
 0
 0
 65535
 65535
 1
 0
 0
 65535
 65535
 1
 0
 0
 65535
 65535
 1
 0
 0
 65535
 65535
 65535
 65535
 1
 0
 0
 65535
 65535
 65535
 65535
 1
 0
 0
 32767
 32767
 1
 0
 127
 1
 0
 65535
 65535
 65535
 65535
 65535
 1
 0
 65535
 65535
 65535
 65535
 65535
 1
 0
 255
 255
 255
(59 rows)

drop table if exists t1 ;
create table t1(a uint1);
insert into t1 values(1::int8);
insert into t1 values(0::int8);
insert into t1 values((-1)::int8);
WARNING:  tinyint unsigned out of range
CONTEXT:  referenced column: a
insert into t1 values(9223372036854775807::int8);
WARNING:  tinyint unsigned out of range
CONTEXT:  referenced column: a
insert into t1 values(9223372036854775808::int8);
WARNING:  bigint out of range
CONTEXT:  referenced column: a
WARNING:  tinyint unsigned out of range
CONTEXT:  referenced column: a
insert into t1 values(255::int8);
insert into t1 values(256::int8);
WARNING:  tinyint unsigned out of range
CONTEXT:  referenced column: a
insert into t1 values(1::bool);
insert into t1 values(0::bool);
insert into t1 values((-1)::bool);
insert into t1 values(1.0::float4);
insert into t1 values(0.0::float4);
insert into t1 values((-1.0)::float4);
WARNING:  tinyint unsigned out of range
CONTEXT:  referenced column: a
insert into t1 values(255::float4);
insert into t1 values(256::float4);
WARNING:  tinyint unsigned out of range
CONTEXT:  referenced column: a
insert into t1 values(1.0::float8);
insert into t1 values(0.0::float8);
insert into t1 values((-1.0)::float8);
WARNING:  tinyint unsigned out of range
CONTEXT:  referenced column: a
insert into t1 values(255::float8);
insert into t1 values(256::float8);
WARNING:  tinyint unsigned out of range
CONTEXT:  referenced column: a
insert into t1 values(1::numeric);
insert into t1 values(0::numeric);
insert into t1 values((-1)::numeric);
WARNING:  tinyint unsigned out of range
CONTEXT:  referenced column: a
insert into t1 values(255::numeric);
insert into t1 values(256::numeric);
WARNING:  tinyint unsigned out of range
CONTEXT:  referenced column: a
insert into t1 values(1::int4);
insert into t1 values(0::int4);
insert into t1 values((-1)::int4);
WARNING:  tinyint unsigned out of range
CONTEXT:  referenced column: a
insert into t1 values(2147483647::int4);
WARNING:  tinyint unsigned out of range
CONTEXT:  referenced column: a
insert into t1 values(2147483648::int4);
WARNING:  integer out of range
CONTEXT:  referenced column: a
WARNING:  tinyint unsigned out of range
CONTEXT:  referenced column: a
insert into t1 values(255::int4);
insert into t1 values(256::int4);
WARNING:  tinyint unsigned out of range
CONTEXT:  referenced column: a
insert into t1 values(1::int2);
insert into t1 values(0::int2);
insert into t1 values((-1)::int2);
WARNING:  tinyint unsigned out of range
CONTEXT:  referenced column: a
insert into t1 values(32767::int2);
WARNING:  tinyint unsigned out of range
CONTEXT:  referenced column: a
insert into t1 values(32768::int2);
WARNING:  smallint out of range
CONTEXT:  referenced column: a
WARNING:  tinyint unsigned out of range
CONTEXT:  referenced column: a
insert into t1 values(255::int4);
insert into t1 values(256::int4);
WARNING:  tinyint unsigned out of range
CONTEXT:  referenced column: a
insert into t1 values(1::int1);
insert into t1 values(0::int1);
insert into t1 values(127::int1);
insert into t1 values(1::uint8);
insert into t1 values(0::uint8);
insert into t1 values((-1)::uint8);
WARNING:  tinyint unsigned out of range
CONTEXT:  referenced column: a
insert into t1 values(4294967295::uint8);
WARNING:  tinyint unsigned out of range
CONTEXT:  referenced column: a
insert into t1 values(4294967296::uint8);
WARNING:  tinyint unsigned out of range
CONTEXT:  referenced column: a
insert into t1 values(255::uint8);
insert into t1 values(256::uint8);
WARNING:  tinyint unsigned out of range
CONTEXT:  referenced column: a
insert into t1 values(1::uint4);
insert into t1 values(0::uint4);
insert into t1 values((-1)::uint4);
WARNING:  tinyint unsigned out of range
CONTEXT:  referenced column: a
insert into t1 values(4294967295::uint4);
WARNING:  tinyint unsigned out of range
CONTEXT:  referenced column: a
insert into t1 values(4294967296::uint4);
WARNING:   int unsigned out of range
CONTEXT:  referenced column: a
WARNING:  tinyint unsigned out of range
CONTEXT:  referenced column: a
insert into t1 values(255::uint4);
insert into t1 values(256::uint4);
WARNING:  tinyint unsigned out of range
CONTEXT:  referenced column: a
insert into t1 values(1::uint1);
insert into t1 values(0::uint1);
insert into t1 values((-1)::uint1);
insert into t1 values(255::uint1);
insert into t1 values(256::uint1);
WARNING:  tinyint unsigned out of range
CONTEXT:  referenced column: a
select * from t1;
  a  
-----
 1
 0
 0
 255
 255
 255
 255
 1
 0
 1
 1
 0
 0
 255
 255
 1
 0
 0
 255
 255
 1
 0
 0
 255
 255
 1
 0
 0
 255
 255
 255
 255
 1
 0
 0
 255
 255
 255
 255
 1
 0
 127
 1
 0
 255
 255
 255
 255
 255
 1
 0
 255
 255
 255
 255
 255
 1
 0
 255
 255
 255
(61 rows)

drop schema uint_sql_mode cascade;
NOTICE:  drop cascades to table t1
reset current_schema;
