drop database if exists uint_in;
NOTICE:  database "uint_in" does not exist, skipping
create database uint_in dbcompatibility 'b';
\c uint_in
create table t1(a uint1);
create table t2(a uint2);
create table t3(a uint4);
create table t4(a uint8);
insert into t1 values('');
ERROR:  invalid input syntax for integer: ""
LINE 1: insert into t1 values('');
                              ^
CONTEXT:  referenced column: a
insert into t1 values('1.4');
insert into t1 values('1.5');
select * from t1;
 a 
---
 1
 1
(2 rows)

insert into t2 values('');
ERROR:  invalid input syntax for smallint unsigned: ""
LINE 1: insert into t2 values('');
                              ^
CONTEXT:  referenced column: a
insert into t2 values('1.4');
insert into t2 values('1.5');
select * from t2;
 a 
---
 1
 2
(2 rows)

insert into t3 values('');
ERROR:  invalid input syntax for int unsigned: ""
LINE 1: insert into t3 values('');
                              ^
CONTEXT:  referenced column: a
insert into t3 values('1.4');
insert into t3 values('1.5');
select * from t3;
 a 
---
 1
 2
(2 rows)

insert into t4 values('');
ERROR:  invalid input syntax for type bigint unsigned: ""
LINE 1: insert into t4 values('');
                              ^
CONTEXT:  referenced column: a
insert into t4 values('1.4');
insert into t4 values('1.5');
select * from t4;
 a 
---
 1
 2
(2 rows)

\c postgres
drop database uint_in
