drop database if exists db_zerofill;
NOTICE:  database "db_zerofill" does not exist, skipping
create database db_zerofill dbcompatibility 'b';
\c db_zerofill
create table t1_zerofill (
    a int(5) zerofill,
    b integer(5) zerofill unsigned,
    c tinyint(2) unsigned zerofill,
    d smallint(2) zerofill zerofill,
    e mediumint(2) unsigned zerofill zerofill,
    f bigint(2) zerofill,
    g int1 zerofill,
    h int2 zerofill unsigned,
    i int4 unsigned zerofill,
    j int8 zerofill);
\d+ t1_zerofill
                    Table "public.t1_zerofill"
 Column | Type  | Modifiers | Storage | Stats target | Description 
--------+-------+-----------+---------+--------------+-------------
 a      | uint4 |           | plain   |              | 
 b      | uint4 |           | plain   |              | 
 c      | uint1 |           | plain   |              | 
 d      | uint2 |           | plain   |              | 
 e      | uint4 |           | plain   |              | 
 f      | uint8 |           | plain   |              | 
 g      | uint1 |           | plain   |              | 
 h      | uint2 |           | plain   |              | 
 i      | uint4 |           | plain   |              | 
 j      | uint8 |           | plain   |              | 
Has OIDs: no
Options: orientation=row, compression=no

-- some unspported types
create table t2_zerofill (a float zerofill);
ERROR:  syntax error at or near "zerofill"
LINE 1: create table t2_zerofill (a float zerofill);
                                          ^
create table t2_zerofill (a double precision zerofill);
ERROR:  syntax error at or near "zerofill"
LINE 1: create table t2_zerofill (a double precision zerofill);
                                                     ^
\c postgres
drop database if exists db_zerofill;
