\set ECHO none
Output format is unaligned.
CREATE FUNCTION
CREATE FUNCTION
CREATE FUNCTION
checkhexcallstack
----- PL/pgSQL Call Stack -----
  object     line  object
  handle   number  name
       0           function anonymous object
       0          function checkhexcallstack
(1 row)
checkintcallstack
       0           function anonymous object
       0          function checkintcallstack
(1 row)
checkintunpaddedcallstack
0,,anonymous object
0,,checkintunpaddedcallstack
(1 row)
DROP FUNCTION
DROP FUNCTION
DROP FUNCTION
NOTICE:  Execution time: 2 seconds
ANONYMOUS BLOCK EXECUTE
