\set VERBOSITY terse
SET client_encoding = utf8;
SET
--
-- test type modifier related rules
--
-- ERROR (typmod >= 1)
CREATE TABLE bar (a NVARCHAR2(0));
ERROR:  length for type nvarchar2 must be at least 1 at character 21
-- ERROR (number of typmods = 1)
CREATE TABLE bar (a NVARCHAR2(10, 1));
ERROR:  syntax error at or near "," at character 33
-- OK
CREATE TABLE bar (a VARCHAR(5000));
CREATE TABLE
CREATE INDEX ON bar(a);
CREATE INDEX
-- cleanup
DROP TABLE bar;
DROP TABLE
-- OK
CREATE TABLE bar (a NVARCHAR2(5));
CREATE TABLE
--
-- test that no value longer than maxlen is allowed
--
-- ERROR (length > 5)
INSERT INTO bar VALUES ('abcdef');
ERROR:  value too long for type nvarchar2(5)
-- ERROR (length > 5);
-- NVARCHAR2 does not truncate blank spaces on implicit coercion
INSERT INTO bar VALUES ('abcde  ');
INSERT 0 1
-- OK
INSERT INTO bar VALUES ('abcde');
INSERT 0 1
-- OK
INSERT INTO bar VALUES ('abcdef'::NVARCHAR2(5));
INSERT 0 1
-- OK
INSERT INTO bar VALUES ('abcde  '::NVARCHAR2(5));
INSERT 0 1
--OK
INSERT INTO bar VALUES ('abc'::NVARCHAR2(5));
INSERT 0 1
--
-- test whitespace semantics on comparison
--
-- equal
SELECT 'abcde   '::NVARCHAR2(10) = 'abcde   '::NVARCHAR2(10);
 ?column? 
----------
 t
(1 row)

-- not equal
SELECT 'abcde  '::NVARCHAR2(10) = 'abcde   '::NVARCHAR2(10);
 ?column? 
----------
 f
(1 row)

-- null safe concat (disabled by default)
SELECT NULL || 'hello'::nvarchar2 || NULL;
 ?column? 
----------
 
(1 row)

SET orafce.varchar2_null_safe_concat TO true;
SET
SELECT NULL || 'hello'::nvarchar2 || NULL;
 ?column? 
----------
 hello
(1 row)

